{"/home/pranjhi.singh/Desktop/MobileVista/mobile-app/src/modules/mobiles/MobileListing/MobileList.jsx": {"path":"/home/pranjhi.singh/Desktop/MobileVista/mobile-app/src/modules/mobiles/MobileListing/MobileList.jsx","statementMap":{"0":{"start":{"line":20,"column":27},"end":{"line":20,"column":33}},"1":{"start":{"line":22,"column":13},"end":{"line":22,"column":63}},"2":{"start":{"line":23,"column":19},"end":{"line":261,"column":1}},"3":{"start":{"line":24,"column":17},"end":{"line":24,"column":31}},"4":{"start":{"line":25,"column":19},"end":{"line":25,"column":32}},"5":{"start":{"line":26,"column":32},"end":{"line":26,"column":44}},"6":{"start":{"line":27,"column":32},"end":{"line":27,"column":46}},"7":{"start":{"line":28,"column":28},"end":{"line":28,"column":39}},"8":{"start":{"line":29,"column":48},"end":{"line":29,"column":60}},"9":{"start":{"line":30,"column":28},"end":{"line":30,"column":42}},"10":{"start":{"line":31,"column":40},"end":{"line":31,"column":52}},"11":{"start":{"line":32,"column":38},"end":{"line":32,"column":57}},"12":{"start":{"line":33,"column":50},"end":{"line":33,"column":62}},"13":{"start":{"line":34,"column":46},"end":{"line":34,"column":58}},"14":{"start":{"line":35,"column":40},"end":{"line":35,"column":51}},"15":{"start":{"line":36,"column":38},"end":{"line":36,"column":49}},"16":{"start":{"line":37,"column":42},"end":{"line":37,"column":53}},"17":{"start":{"line":38,"column":30},"end":{"line":38,"column":45}},"18":{"start":{"line":39,"column":21},"end":{"line":41,"column":3}},"19":{"start":{"line":40,"column":4},"end":{"line":40,"column":22}},"20":{"start":{"line":43,"column":21},"end":{"line":55,"column":3}},"21":{"start":{"line":47,"column":4},"end":{"line":54,"column":5}},"22":{"start":{"line":48,"column":6},"end":{"line":48,"column":22}},"23":{"start":{"line":51,"column":6},"end":{"line":51,"column":27}},"24":{"start":{"line":53,"column":6},"end":{"line":53,"column":68}},"25":{"start":{"line":57,"column":19},"end":{"line":61,"column":3}},"26":{"start":{"line":58,"column":4},"end":{"line":58,"column":66}},"27":{"start":{"line":59,"column":4},"end":{"line":59,"column":31}},"28":{"start":{"line":60,"column":4},"end":{"line":60,"column":18}},"29":{"start":{"line":63,"column":23},"end":{"line":65,"column":3}},"30":{"start":{"line":64,"column":4},"end":{"line":64,"column":33}},"31":{"start":{"line":67,"column":28},"end":{"line":70,"column":3}},"32":{"start":{"line":68,"column":4},"end":{"line":68,"column":52}},"33":{"start":{"line":69,"column":4},"end":{"line":69,"column":38}},"34":{"start":{"line":71,"column":27},"end":{"line":74,"column":3}},"35":{"start":{"line":72,"column":4},"end":{"line":72,"column":25}},"36":{"start":{"line":73,"column":4},"end":{"line":73,"column":22}},"37":{"start":{"line":75,"column":22},"end":{"line":90,"column":3}},"38":{"start":{"line":76,"column":19},"end":{"line":76,"column":96}},"39":{"start":{"line":77,"column":4},"end":{"line":89,"column":9}},"40":{"start":{"line":80,"column":8},"end":{"line":80,"column":35}},"41":{"start":{"line":81,"column":8},"end":{"line":81,"column":48}},"42":{"start":{"line":82,"column":8},"end":{"line":82,"column":47}},"43":{"start":{"line":83,"column":8},"end":{"line":83,"column":55}},"44":{"start":{"line":84,"column":8},"end":{"line":84,"column":26}},"45":{"start":{"line":87,"column":8},"end":{"line":87,"column":32}},"46":{"start":{"line":88,"column":8},"end":{"line":88,"column":26}},"47":{"start":{"line":91,"column":2},"end":{"line":93,"column":20}},"48":{"start":{"line":92,"column":4},"end":{"line":92,"column":18}},"49":{"start":{"line":95,"column":2},"end":{"line":98,"column":33}},"50":{"start":{"line":96,"column":4},"end":{"line":96,"column":37}},"51":{"start":{"line":97,"column":4},"end":{"line":97,"column":54}},"52":{"start":{"line":100,"column":23},"end":{"line":107,"column":3}},"53":{"start":{"line":101,"column":4},"end":{"line":101,"column":26}},"54":{"start":{"line":102,"column":28},"end":{"line":104,"column":5}},"55":{"start":{"line":103,"column":6},"end":{"line":103,"column":62}},"56":{"start":{"line":106,"column":4},"end":{"line":106,"column":40}},"57":{"start":{"line":108,"column":30},"end":{"line":110,"column":3}},"58":{"start":{"line":109,"column":4},"end":{"line":109,"column":42}},"59":{"start":{"line":111,"column":23},"end":{"line":118,"column":3}},"60":{"start":{"line":112,"column":4},"end":{"line":112,"column":39}},"61":{"start":{"line":113,"column":4},"end":{"line":113,"column":23}},"62":{"start":{"line":114,"column":4},"end":{"line":114,"column":29}},"63":{"start":{"line":115,"column":4},"end":{"line":115,"column":28}},"64":{"start":{"line":116,"column":4},"end":{"line":116,"column":26}},"65":{"start":{"line":117,"column":4},"end":{"line":117,"column":32}},"66":{"start":{"line":120,"column":33},"end":{"line":122,"column":3}},"67":{"start":{"line":121,"column":4},"end":{"line":121,"column":25}},"68":{"start":{"line":124,"column":23},"end":{"line":145,"column":3}},"69":{"start":{"line":125,"column":4},"end":{"line":125,"column":39}},"70":{"start":{"line":127,"column":21},"end":{"line":142,"column":6}},"71":{"start":{"line":128,"column":6},"end":{"line":128,"column":63}},"72":{"start":{"line":129,"column":6},"end":{"line":129,"column":54}},"73":{"start":{"line":131,"column":6},"end":{"line":141,"column":8}},"74":{"start":{"line":137,"column":25},"end":{"line":137,"column":80}},"75":{"start":{"line":144,"column":4},"end":{"line":144,"column":33}},"76":{"start":{"line":147,"column":24},"end":{"line":153,"column":3}},"77":{"start":{"line":148,"column":4},"end":{"line":152,"column":15}},"78":{"start":{"line":155,"column":2},"end":{"line":159,"column":3}},"79":{"start":{"line":156,"column":4},"end":{"line":158,"column":7}},"80":{"start":{"line":161,"column":2},"end":{"line":163,"column":3}},"81":{"start":{"line":162,"column":4},"end":{"line":162,"column":62}},"82":{"start":{"line":165,"column":2},"end":{"line":167,"column":3}},"83":{"start":{"line":166,"column":4},"end":{"line":166,"column":49}},"84":{"start":{"line":169,"column":2},"end":{"line":260,"column":4}},"85":{"start":{"line":212,"column":14},"end":{"line":254,"column":21}},"86":{"start":{"line":219,"column":46},"end":{"line":219,"column":68}},"87":{"start":{"line":221,"column":49},"end":{"line":221,"column":71}},"88":{"start":{"line":226,"column":37},"end":{"line":226,"column":57}},"89":{"start":{"line":244,"column":43},"end":{"line":244,"column":58}}},"fnMap":{"0":{"name":"(anonymous_0)","decl":{"start":{"line":23,"column":19},"end":{"line":23,"column":20}},"loc":{"start":{"line":23,"column":34},"end":{"line":261,"column":1}},"line":23},"1":{"name":"(anonymous_1)","decl":{"start":{"line":39,"column":21},"end":{"line":39,"column":22}},"loc":{"start":{"line":39,"column":29},"end":{"line":41,"column":3}},"line":39},"2":{"name":"(anonymous_2)","decl":{"start":{"line":43,"column":21},"end":{"line":43,"column":22}},"loc":{"start":{"line":43,"column":35},"end":{"line":55,"column":3}},"line":43},"3":{"name":"(anonymous_3)","decl":{"start":{"line":57,"column":19},"end":{"line":57,"column":20}},"loc":{"start":{"line":57,"column":33},"end":{"line":61,"column":3}},"line":57},"4":{"name":"(anonymous_4)","decl":{"start":{"line":63,"column":23},"end":{"line":63,"column":24}},"loc":{"start":{"line":63,"column":29},"end":{"line":65,"column":3}},"line":63},"5":{"name":"(anonymous_5)","decl":{"start":{"line":67,"column":28},"end":{"line":67,"column":29}},"loc":{"start":{"line":67,"column":48},"end":{"line":70,"column":3}},"line":67},"6":{"name":"(anonymous_6)","decl":{"start":{"line":71,"column":27},"end":{"line":71,"column":28}},"loc":{"start":{"line":71,"column":37},"end":{"line":74,"column":3}},"line":71},"7":{"name":"(anonymous_7)","decl":{"start":{"line":75,"column":22},"end":{"line":75,"column":23}},"loc":{"start":{"line":75,"column":28},"end":{"line":90,"column":3}},"line":75},"8":{"name":"(anonymous_8)","decl":{"start":{"line":79,"column":12},"end":{"line":79,"column":13}},"loc":{"start":{"line":79,"column":26},"end":{"line":85,"column":7}},"line":79},"9":{"name":"(anonymous_9)","decl":{"start":{"line":86,"column":13},"end":{"line":86,"column":14}},"loc":{"start":{"line":86,"column":24},"end":{"line":89,"column":7}},"line":86},"10":{"name":"(anonymous_10)","decl":{"start":{"line":91,"column":12},"end":{"line":91,"column":13}},"loc":{"start":{"line":91,"column":18},"end":{"line":93,"column":3}},"line":91},"11":{"name":"(anonymous_11)","decl":{"start":{"line":95,"column":12},"end":{"line":95,"column":13}},"loc":{"start":{"line":95,"column":18},"end":{"line":98,"column":3}},"line":95},"12":{"name":"(anonymous_12)","decl":{"start":{"line":100,"column":23},"end":{"line":100,"column":24}},"loc":{"start":{"line":100,"column":34},"end":{"line":107,"column":3}},"line":100},"13":{"name":"(anonymous_13)","decl":{"start":{"line":102,"column":43},"end":{"line":102,"column":44}},"loc":{"start":{"line":103,"column":6},"end":{"line":103,"column":62}},"line":103},"14":{"name":"(anonymous_14)","decl":{"start":{"line":108,"column":30},"end":{"line":108,"column":31}},"loc":{"start":{"line":108,"column":52},"end":{"line":110,"column":3}},"line":108},"15":{"name":"(anonymous_15)","decl":{"start":{"line":111,"column":23},"end":{"line":111,"column":24}},"loc":{"start":{"line":111,"column":29},"end":{"line":118,"column":3}},"line":111},"16":{"name":"(anonymous_16)","decl":{"start":{"line":120,"column":33},"end":{"line":120,"column":34}},"loc":{"start":{"line":120,"column":44},"end":{"line":122,"column":3}},"line":120},"17":{"name":"(anonymous_17)","decl":{"start":{"line":124,"column":23},"end":{"line":124,"column":24}},"loc":{"start":{"line":124,"column":29},"end":{"line":145,"column":3}},"line":124},"18":{"name":"(anonymous_18)","decl":{"start":{"line":127,"column":36},"end":{"line":127,"column":37}},"loc":{"start":{"line":127,"column":48},"end":{"line":142,"column":5}},"line":127},"19":{"name":"(anonymous_19)","decl":{"start":{"line":137,"column":12},"end":{"line":137,"column":13}},"loc":{"start":{"line":137,"column":25},"end":{"line":137,"column":80}},"line":137},"20":{"name":"(anonymous_20)","decl":{"start":{"line":147,"column":24},"end":{"line":147,"column":25}},"loc":{"start":{"line":148,"column":4},"end":{"line":152,"column":15}},"line":148},"21":{"name":"(anonymous_21)","decl":{"start":{"line":211,"column":24},"end":{"line":211,"column":25}},"loc":{"start":{"line":212,"column":14},"end":{"line":254,"column":21}},"line":212},"22":{"name":"(anonymous_22)","decl":{"start":{"line":219,"column":40},"end":{"line":219,"column":41}},"loc":{"start":{"line":219,"column":46},"end":{"line":219,"column":68}},"line":219},"23":{"name":"(anonymous_23)","decl":{"start":{"line":221,"column":43},"end":{"line":221,"column":44}},"loc":{"start":{"line":221,"column":49},"end":{"line":221,"column":71}},"line":221},"24":{"name":"(anonymous_24)","decl":{"start":{"line":226,"column":31},"end":{"line":226,"column":32}},"loc":{"start":{"line":226,"column":37},"end":{"line":226,"column":57}},"line":226},"25":{"name":"(anonymous_25)","decl":{"start":{"line":244,"column":32},"end":{"line":244,"column":33}},"loc":{"start":{"line":244,"column":43},"end":{"line":244,"column":58}},"line":244}},"branchMap":{"0":{"loc":{"start":{"line":132,"column":8},"end":{"line":140,"column":62}},"type":"binary-expr","locations":[{"start":{"line":132,"column":8},"end":{"line":132,"column":70}},{"start":{"line":133,"column":8},"end":{"line":133,"column":37}},{"start":{"line":134,"column":8},"end":{"line":134,"column":37}},{"start":{"line":135,"column":10},"end":{"line":135,"column":39}},{"start":{"line":135,"column":43},"end":{"line":135,"column":47}},{"start":{"line":136,"column":10},"end":{"line":138,"column":11}},{"start":{"line":139,"column":9},"end":{"line":139,"column":36}},{"start":{"line":140,"column":10},"end":{"line":140,"column":61}}],"line":132},"1":{"loc":{"start":{"line":137,"column":25},"end":{"line":137,"column":80}},"type":"binary-expr","locations":[{"start":{"line":137,"column":25},"end":{"line":137,"column":46}},{"start":{"line":137,"column":50},"end":{"line":137,"column":80}}],"line":137},"2":{"loc":{"start":{"line":155,"column":2},"end":{"line":159,"column":3}},"type":"if","locations":[{"start":{"line":155,"column":2},"end":{"line":159,"column":3}},{"start":{},"end":{}}],"line":155},"3":{"loc":{"start":{"line":161,"column":2},"end":{"line":163,"column":3}},"type":"if","locations":[{"start":{"line":161,"column":2},"end":{"line":163,"column":3}},{"start":{},"end":{}}],"line":161},"4":{"loc":{"start":{"line":165,"column":2},"end":{"line":167,"column":3}},"type":"if","locations":[{"start":{"line":165,"column":2},"end":{"line":167,"column":3}},{"start":{},"end":{}}],"line":165},"5":{"loc":{"start":{"line":165,"column":6},"end":{"line":165,"column":53}},"type":"binary-expr","locations":[{"start":{"line":165,"column":6},"end":{"line":165,"column":29}},{"start":{"line":165,"column":33},"end":{"line":165,"column":53}}],"line":165},"6":{"loc":{"start":{"line":247,"column":21},"end":{"line":251,"column":21}},"type":"cond-expr","locations":[{"start":{"line":248,"column":22},"end":{"line":248,"column":60}},{"start":{"line":250,"column":22},"end":{"line":250,"column":24}}],"line":247}},"s":{"0":1,"1":1,"2":1,"3":1,"4":1,"5":1,"6":1,"7":1,"8":1,"9":1,"10":1,"11":1,"12":1,"13":1,"14":1,"15":1,"16":1,"17":1,"18":1,"19":0,"20":1,"21":0,"22":0,"23":0,"24":0,"25":1,"26":0,"27":0,"28":0,"29":1,"30":0,"31":1,"32":0,"33":0,"34":1,"35":0,"36":0,"37":1,"38":1,"39":1,"40":0,"41":0,"42":0,"43":0,"44":0,"45":0,"46":0,"47":1,"48":1,"49":1,"50":1,"51":1,"52":1,"53":0,"54":0,"55":0,"56":0,"57":1,"58":0,"59":1,"60":0,"61":0,"62":0,"63":0,"64":0,"65":0,"66":1,"67":0,"68":1,"69":0,"70":0,"71":0,"72":0,"73":0,"74":0,"75":0,"76":1,"77":0,"78":1,"79":1,"80":0,"81":0,"82":0,"83":0,"84":0,"85":0,"86":0,"87":0,"88":0,"89":0},"f":{"0":1,"1":0,"2":0,"3":0,"4":0,"5":0,"6":0,"7":1,"8":0,"9":0,"10":1,"11":1,"12":0,"13":0,"14":0,"15":0,"16":0,"17":0,"18":0,"19":0,"20":0,"21":0,"22":0,"23":0,"24":0,"25":0},"b":{"0":[0,0,0,0,0,0,0,0],"1":[0,0],"2":[1,0],"3":[0,0],"4":[0,0],"5":[0,0],"6":[0,0]},"_coverageSchema":"1a1c01bbd47fc00a2c39e90264f33305004495a9","hash":"426be71d160bf42f9a6cd2fa8610e387810ba025"}
,"/home/pranjhi.singh/Desktop/MobileVista/mobile-app/src/modules/mobiles/MobileListing/index.js": {"path":"/home/pranjhi.singh/Desktop/MobileVista/mobile-app/src/modules/mobiles/MobileListing/index.js","statementMap":{"0":{"start":{"line":4,"column":23},"end":{"line":4,"column":57}},"1":{"start":{"line":4,"column":34},"end":{"line":4,"column":56}},"2":{"start":{"line":6,"column":22},"end":{"line":18,"column":1}},"3":{"start":{"line":7,"column":2},"end":{"line":17,"column":4}}},"fnMap":{"0":{"name":"(anonymous_0)","decl":{"start":{"line":4,"column":28},"end":{"line":4,"column":29}},"loc":{"start":{"line":4,"column":34},"end":{"line":4,"column":56}},"line":4},"1":{"name":"(anonymous_1)","decl":{"start":{"line":6,"column":22},"end":{"line":6,"column":23}},"loc":{"start":{"line":6,"column":28},"end":{"line":18,"column":1}},"line":6}},"branchMap":{},"s":{"0":3,"1":1,"2":3,"3":2},"f":{"0":1,"1":2},"b":{},"_coverageSchema":"1a1c01bbd47fc00a2c39e90264f33305004495a9","hash":"a03dff255f65fecf492c2cd85f6ba7bb4ec6b5fa"}
}
