TN:
SF:src/modules/mobiles/MobileListing/MobileList.jsx
FN:23,(anonymous_0)
FN:39,(anonymous_1)
FN:43,(anonymous_2)
FN:57,(anonymous_3)
FN:63,(anonymous_4)
FN:67,(anonymous_5)
FN:71,(anonymous_6)
FN:75,(anonymous_7)
FN:79,(anonymous_8)
FN:86,(anonymous_9)
FN:91,(anonymous_10)
FN:95,(anonymous_11)
FN:100,(anonymous_12)
FN:102,(anonymous_13)
FN:108,(anonymous_14)
FN:111,(anonymous_15)
FN:120,(anonymous_16)
FN:124,(anonymous_17)
FN:127,(anonymous_18)
FN:137,(anonymous_19)
FN:147,(anonymous_20)
FN:211,(anonymous_21)
FN:219,(anonymous_22)
FN:221,(anonymous_23)
FN:226,(anonymous_24)
FN:244,(anonymous_25)
FNF:26
FNH:4
FNDA:1,(anonymous_0)
FNDA:0,(anonymous_1)
FNDA:0,(anonymous_2)
FNDA:0,(anonymous_3)
FNDA:0,(anonymous_4)
FNDA:0,(anonymous_5)
FNDA:0,(anonymous_6)
FNDA:1,(anonymous_7)
FNDA:0,(anonymous_8)
FNDA:0,(anonymous_9)
FNDA:1,(anonymous_10)
FNDA:1,(anonymous_11)
FNDA:0,(anonymous_12)
FNDA:0,(anonymous_13)
FNDA:0,(anonymous_14)
FNDA:0,(anonymous_15)
FNDA:0,(anonymous_16)
FNDA:0,(anonymous_17)
FNDA:0,(anonymous_18)
FNDA:0,(anonymous_19)
FNDA:0,(anonymous_20)
FNDA:0,(anonymous_21)
FNDA:0,(anonymous_22)
FNDA:0,(anonymous_23)
FNDA:0,(anonymous_24)
FNDA:0,(anonymous_25)
DA:20,1
DA:22,1
DA:23,1
DA:24,1
DA:25,1
DA:26,1
DA:27,1
DA:28,1
DA:29,1
DA:30,1
DA:31,1
DA:32,1
DA:33,1
DA:34,1
DA:35,1
DA:36,1
DA:37,1
DA:38,1
DA:39,1
DA:40,0
DA:43,1
DA:47,0
DA:48,0
DA:51,0
DA:53,0
DA:57,1
DA:58,0
DA:59,0
DA:60,0
DA:63,1
DA:64,0
DA:67,1
DA:68,0
DA:69,0
DA:71,1
DA:72,0
DA:73,0
DA:75,1
DA:76,1
DA:77,1
DA:80,0
DA:81,0
DA:82,0
DA:83,0
DA:84,0
DA:87,0
DA:88,0
DA:91,1
DA:92,1
DA:95,1
DA:96,1
DA:97,1
DA:100,1
DA:101,0
DA:102,0
DA:103,0
DA:106,0
DA:108,1
DA:109,0
DA:111,1
DA:112,0
DA:113,0
DA:114,0
DA:115,0
DA:116,0
DA:117,0
DA:120,1
DA:121,0
DA:124,1
DA:125,0
DA:127,0
DA:128,0
DA:129,0
DA:131,0
DA:137,0
DA:144,0
DA:147,1
DA:148,0
DA:155,1
DA:156,1
DA:161,0
DA:162,0
DA:165,0
DA:166,0
DA:169,0
DA:212,0
DA:219,0
DA:221,0
DA:226,0
DA:244,0
LF:90
LH:40
BRDA:132,0,0,0
BRDA:132,0,1,0
BRDA:132,0,2,0
BRDA:132,0,3,0
BRDA:132,0,4,0
BRDA:132,0,5,0
BRDA:132,0,6,0
BRDA:132,0,7,0
BRDA:137,1,0,0
BRDA:137,1,1,0
BRDA:155,2,0,1
BRDA:155,2,1,0
BRDA:161,3,0,0
BRDA:161,3,1,0
BRDA:165,4,0,0
BRDA:165,4,1,0
BRDA:165,5,0,0
BRDA:165,5,1,0
BRDA:247,6,0,0
BRDA:247,6,1,0
BRF:20
BRH:1
end_of_record
TN:
SF:src/modules/mobiles/MobileListing/index.js
FN:4,(anonymous_0)
FN:6,(anonymous_1)
FNF:2
FNH:2
FNDA:1,(anonymous_0)
FNDA:2,(anonymous_1)
DA:4,3
DA:6,3
DA:7,2
LF:3
LH:3
BRF:0
BRH:0
end_of_record
