<?xml version="1.0" encoding="UTF-8"?>
<coverage generated="1707217782398" clover="3.2.0">
  <project timestamp="1707217782398" name="All files">
    <metrics statements="495" coveredstatements="417" conditionals="72" coveredconditionals="43" methods="181" coveredmethods="151" elements="748" coveredelements="611" complexity="0" loc="495" ncloc="495" packages="51" files="107" classes="107"/>
    <package name="src">
      <metrics statements="4" coveredstatements="2" conditionals="0" coveredconditionals="0" methods="1" coveredmethods="1"/>
      <file name="App.jsx" path="/home/pranjhi.singh/Desktop/MobileVista/mobile-app/src/App.jsx">
        <metrics statements="2" coveredstatements="2" conditionals="0" coveredconditionals="0" methods="1" coveredmethods="1"/>
        <line num="7" count="2" type="stmt"/>
        <line num="8" count="5" type="stmt"/>
      </file>
      <file name="index.js" path="/home/pranjhi.singh/Desktop/MobileVista/mobile-app/src/index.js">
        <metrics statements="2" coveredstatements="0" conditionals="0" coveredconditionals="0" methods="0" coveredmethods="0"/>
        <line num="5" count="0" type="stmt"/>
        <line num="6" count="0" type="stmt"/>
      </file>
    </package>
    <package name="src.Routes">
      <metrics statements="2" coveredstatements="2" conditionals="0" coveredconditionals="0" methods="1" coveredmethods="1"/>
      <file name="Route.jsx" path="/home/pranjhi.singh/Desktop/MobileVista/mobile-app/src/Routes/Route.jsx">
        <metrics statements="2" coveredstatements="2" conditionals="0" coveredconditionals="0" methods="1" coveredmethods="1"/>
        <line num="15" count="2" type="stmt"/>
        <line num="16" count="5" type="stmt"/>
      </file>
    </package>
    <package name="src.Routes.authRoutes">
      <metrics statements="30" coveredstatements="25" conditionals="4" coveredconditionals="3" methods="6" coveredmethods="6"/>
      <file name="protectedRoutes.jsx" path="/home/pranjhi.singh/Desktop/MobileVista/mobile-app/src/Routes/authRoutes/protectedRoutes.jsx">
        <metrics statements="19" coveredstatements="15" conditionals="4" coveredconditionals="3" methods="3" coveredmethods="3"/>
        <line num="6" count="2" type="stmt"/>
        <line num="7" count="4" type="stmt"/>
        <line num="8" count="4" type="stmt"/>
        <line num="10" count="4" type="stmt"/>
        <line num="11" count="1" type="stmt"/>
        <line num="12" count="1" type="stmt"/>
        <line num="13" count="1" type="stmt"/>
        <line num="19" count="1" type="stmt"/>
        <line num="20" count="1" type="stmt"/>
        <line num="25" count="0" type="stmt"/>
        <line num="27" count="0" type="stmt"/>
        <line num="28" count="0" type="stmt"/>
        <line num="30" count="1" type="stmt"/>
        <line num="34" count="1" type="stmt"/>
        <line num="37" count="4" type="cond" truecount="2" falsecount="0"/>
        <line num="38" count="1" type="stmt"/>
        <line num="41" count="3" type="cond" truecount="1" falsecount="1"/>
        <line num="42" count="3" type="stmt"/>
        <line num="45" count="0" type="stmt"/>
      </file>
      <file name="publicRoutes.jsx" path="/home/pranjhi.singh/Desktop/MobileVista/mobile-app/src/Routes/authRoutes/publicRoutes.jsx">
        <metrics statements="11" coveredstatements="10" conditionals="0" coveredconditionals="0" methods="3" coveredmethods="3"/>
        <line num="6" count="4" type="stmt"/>
        <line num="7" count="33" type="stmt"/>
        <line num="9" count="33" type="stmt"/>
        <line num="10" count="12" type="stmt"/>
        <line num="11" count="12" type="stmt"/>
        <line num="12" count="12" type="stmt"/>
        <line num="18" count="0" type="stmt"/>
        <line num="20" count="9" type="stmt"/>
        <line num="21" count="9" type="stmt"/>
        <line num="25" count="12" type="stmt"/>
        <line num="28" count="33" type="stmt"/>
      </file>
    </package>
    <package name="src.__test__">
      <metrics statements="17" coveredstatements="14" conditionals="0" coveredconditionals="0" methods="5" coveredmethods="3"/>
      <file name="TestMobile.js" path="/home/pranjhi.singh/Desktop/MobileVista/mobile-app/src/__test__/TestMobile.js">
        <metrics statements="17" coveredstatements="14" conditionals="0" coveredconditionals="0" methods="5" coveredmethods="3"/>
        <line num="5" count="2" type="stmt"/>
        <line num="6" count="2" type="stmt"/>
        <line num="9" count="2" type="stmt"/>
        <line num="10" count="14" type="stmt"/>
        <line num="11" count="14" type="stmt"/>
        <line num="13" count="14" type="stmt"/>
        <line num="47" count="2" type="stmt"/>
        <line num="49" count="12" type="stmt"/>
        <line num="53" count="2" type="stmt"/>
        <line num="54" count="14" type="stmt"/>
        <line num="55" count="14" type="stmt"/>
        <line num="56" count="0" type="stmt"/>
        <line num="58" count="14" type="stmt"/>
        <line num="62" count="2" type="stmt"/>
        <line num="63" count="0" type="stmt"/>
        <line num="66" count="2" type="stmt"/>
        <line num="67" count="0" type="stmt"/>
      </file>
    </package>
    <package name="src.components">
      <metrics statements="0" coveredstatements="0" conditionals="0" coveredconditionals="0" methods="0" coveredmethods="0"/>
      <file name="index.js" path="/home/pranjhi.singh/Desktop/MobileVista/mobile-app/src/components/index.js">
        <metrics statements="0" coveredstatements="0" conditionals="0" coveredconditionals="0" methods="0" coveredmethods="0"/>
      </file>
    </package>
    <package name="src.components.Button">
      <metrics statements="2" coveredstatements="2" conditionals="0" coveredconditionals="0" methods="1" coveredmethods="1"/>
      <file name="Button.jsx" path="/home/pranjhi.singh/Desktop/MobileVista/mobile-app/src/components/Button/Button.jsx">
        <metrics statements="2" coveredstatements="2" conditionals="0" coveredconditionals="0" methods="1" coveredmethods="1"/>
        <line num="3" count="14" type="stmt"/>
        <line num="4" count="97" type="stmt"/>
      </file>
      <file name="index.js" path="/home/pranjhi.singh/Desktop/MobileVista/mobile-app/src/components/Button/index.js">
        <metrics statements="0" coveredstatements="0" conditionals="0" coveredconditionals="0" methods="0" coveredmethods="0"/>
      </file>
    </package>
    <package name="src.components.Card">
      <metrics statements="2" coveredstatements="2" conditionals="0" coveredconditionals="0" methods="1" coveredmethods="1"/>
      <file name="Card.jsx" path="/home/pranjhi.singh/Desktop/MobileVista/mobile-app/src/components/Card/Card.jsx">
        <metrics statements="2" coveredstatements="2" conditionals="0" coveredconditionals="0" methods="1" coveredmethods="1"/>
        <line num="3" count="14" type="stmt"/>
        <line num="4" count="49" type="stmt"/>
      </file>
      <file name="index.js" path="/home/pranjhi.singh/Desktop/MobileVista/mobile-app/src/components/Card/index.js">
        <metrics statements="0" coveredstatements="0" conditionals="0" coveredconditionals="0" methods="0" coveredmethods="0"/>
      </file>
    </package>
    <package name="src.components.Carousel">
      <metrics statements="3" coveredstatements="3" conditionals="0" coveredconditionals="0" methods="2" coveredmethods="2"/>
      <file name="Carousel.jsx" path="/home/pranjhi.singh/Desktop/MobileVista/mobile-app/src/components/Carousel/Carousel.jsx">
        <metrics statements="2" coveredstatements="2" conditionals="0" coveredconditionals="0" methods="1" coveredmethods="1"/>
        <line num="3" count="1" type="stmt"/>
        <line num="4" count="1" type="stmt"/>
      </file>
      <file name="index.js" path="/home/pranjhi.singh/Desktop/MobileVista/mobile-app/src/components/Carousel/index.js">
        <metrics statements="1" coveredstatements="1" conditionals="0" coveredconditionals="0" methods="1" coveredmethods="1"/>
        <line num="3" count="14" type="stmt"/>
      </file>
    </package>
    <package name="src.components.Checkbox">
      <metrics statements="3" coveredstatements="3" conditionals="0" coveredconditionals="0" methods="2" coveredmethods="2"/>
      <file name="Checkbox.jsx" path="/home/pranjhi.singh/Desktop/MobileVista/mobile-app/src/components/Checkbox/Checkbox.jsx">
        <metrics statements="2" coveredstatements="2" conditionals="0" coveredconditionals="0" methods="1" coveredmethods="1"/>
        <line num="3" count="3" type="stmt"/>
        <line num="4" count="43" type="stmt"/>
      </file>
      <file name="index.js" path="/home/pranjhi.singh/Desktop/MobileVista/mobile-app/src/components/Checkbox/index.js">
        <metrics statements="1" coveredstatements="1" conditionals="0" coveredconditionals="0" methods="1" coveredmethods="1"/>
        <line num="3" count="14" type="stmt"/>
      </file>
    </package>
    <package name="src.components.Content">
      <metrics statements="3" coveredstatements="3" conditionals="0" coveredconditionals="0" methods="2" coveredmethods="2"/>
      <file name="Content.jsx" path="/home/pranjhi.singh/Desktop/MobileVista/mobile-app/src/components/Content/Content.jsx">
        <metrics statements="2" coveredstatements="2" conditionals="0" coveredconditionals="0" methods="1" coveredmethods="1"/>
        <line num="3" count="4" type="stmt"/>
        <line num="4" count="61" type="stmt"/>
      </file>
      <file name="index.js" path="/home/pranjhi.singh/Desktop/MobileVista/mobile-app/src/components/Content/index.js">
        <metrics statements="1" coveredstatements="1" conditionals="0" coveredconditionals="0" methods="1" coveredmethods="1"/>
        <line num="3" count="14" type="stmt"/>
      </file>
    </package>
    <package name="src.components.DatePicker">
      <metrics statements="3" coveredstatements="3" conditionals="0" coveredconditionals="0" methods="2" coveredmethods="2"/>
      <file name="DatePicker.jsx" path="/home/pranjhi.singh/Desktop/MobileVista/mobile-app/src/components/DatePicker/DatePicker.jsx">
        <metrics statements="2" coveredstatements="2" conditionals="0" coveredconditionals="0" methods="1" coveredmethods="1"/>
        <line num="4" count="3" type="stmt"/>
        <line num="5" count="21" type="stmt"/>
      </file>
      <file name="index.js" path="/home/pranjhi.singh/Desktop/MobileVista/mobile-app/src/components/DatePicker/index.js">
        <metrics statements="1" coveredstatements="1" conditionals="0" coveredconditionals="0" methods="1" coveredmethods="1"/>
        <line num="3" count="14" type="stmt"/>
      </file>
    </package>
    <package name="src.components.Dragger">
      <metrics statements="3" coveredstatements="3" conditionals="0" coveredconditionals="0" methods="2" coveredmethods="2"/>
      <file name="Dragger.jsx" path="/home/pranjhi.singh/Desktop/MobileVista/mobile-app/src/components/Dragger/Dragger.jsx">
        <metrics statements="2" coveredstatements="2" conditionals="0" coveredconditionals="0" methods="1" coveredmethods="1"/>
        <line num="3" count="2" type="stmt"/>
        <line num="4" count="15" type="stmt"/>
      </file>
      <file name="index.js" path="/home/pranjhi.singh/Desktop/MobileVista/mobile-app/src/components/Dragger/index.js">
        <metrics statements="1" coveredstatements="1" conditionals="0" coveredconditionals="0" methods="1" coveredmethods="1"/>
        <line num="3" count="14" type="stmt"/>
      </file>
    </package>
    <package name="src.components.Drawer">
      <metrics statements="3" coveredstatements="3" conditionals="0" coveredconditionals="0" methods="2" coveredmethods="2"/>
      <file name="Drawer.jsx" path="/home/pranjhi.singh/Desktop/MobileVista/mobile-app/src/components/Drawer/Drawer.jsx">
        <metrics statements="2" coveredstatements="2" conditionals="0" coveredconditionals="0" methods="1" coveredmethods="1"/>
        <line num="3" count="3" type="stmt"/>
        <line num="4" count="18" type="stmt"/>
      </file>
      <file name="index.js" path="/home/pranjhi.singh/Desktop/MobileVista/mobile-app/src/components/Drawer/index.js">
        <metrics statements="1" coveredstatements="1" conditionals="0" coveredconditionals="0" methods="1" coveredmethods="1"/>
        <line num="3" count="14" type="stmt"/>
      </file>
    </package>
    <package name="src.components.Error">
      <metrics statements="4" coveredstatements="4" conditionals="0" coveredconditionals="0" methods="2" coveredmethods="2"/>
      <file name="Error.jsx" path="/home/pranjhi.singh/Desktop/MobileVista/mobile-app/src/components/Error/Error.jsx">
        <metrics statements="3" coveredstatements="3" conditionals="0" coveredconditionals="0" methods="1" coveredmethods="1"/>
        <line num="5" count="1" type="stmt"/>
        <line num="6" count="1" type="stmt"/>
        <line num="27" count="1" type="stmt"/>
      </file>
      <file name="index.js" path="/home/pranjhi.singh/Desktop/MobileVista/mobile-app/src/components/Error/index.js">
        <metrics statements="1" coveredstatements="1" conditionals="0" coveredconditionals="0" methods="1" coveredmethods="1"/>
        <line num="3" count="14" type="stmt"/>
      </file>
    </package>
    <package name="src.components.Footer">
      <metrics statements="3" coveredstatements="3" conditionals="0" coveredconditionals="0" methods="2" coveredmethods="2"/>
      <file name="Footer.jsx" path="/home/pranjhi.singh/Desktop/MobileVista/mobile-app/src/components/Footer/Footer.jsx">
        <metrics statements="2" coveredstatements="2" conditionals="0" coveredconditionals="0" methods="1" coveredmethods="1"/>
        <line num="3" count="2" type="stmt"/>
        <line num="4" count="13" type="stmt"/>
      </file>
      <file name="index.js" path="/home/pranjhi.singh/Desktop/MobileVista/mobile-app/src/components/Footer/index.js">
        <metrics statements="1" coveredstatements="1" conditionals="0" coveredconditionals="0" methods="1" coveredmethods="1"/>
        <line num="3" count="14" type="stmt"/>
      </file>
    </package>
    <package name="src.components.Form">
      <metrics statements="3" coveredstatements="3" conditionals="0" coveredconditionals="0" methods="2" coveredmethods="2"/>
      <file name="Form.jsx" path="/home/pranjhi.singh/Desktop/MobileVista/mobile-app/src/components/Form/Form.jsx">
        <metrics statements="2" coveredstatements="2" conditionals="0" coveredconditionals="0" methods="1" coveredmethods="1"/>
        <line num="3" count="3" type="stmt"/>
        <line num="4" count="23" type="stmt"/>
      </file>
      <file name="index.js" path="/home/pranjhi.singh/Desktop/MobileVista/mobile-app/src/components/Form/index.js">
        <metrics statements="1" coveredstatements="1" conditionals="0" coveredconditionals="0" methods="1" coveredmethods="1"/>
        <line num="3" count="14" type="stmt"/>
      </file>
    </package>
    <package name="src.components.FormItem">
      <metrics statements="3" coveredstatements="3" conditionals="0" coveredconditionals="0" methods="2" coveredmethods="2"/>
      <file name="FormItem.jsx" path="/home/pranjhi.singh/Desktop/MobileVista/mobile-app/src/components/FormItem/FormItem.jsx">
        <metrics statements="2" coveredstatements="2" conditionals="0" coveredconditionals="0" methods="1" coveredmethods="1"/>
        <line num="4" count="5" type="stmt"/>
        <line num="5" count="423" type="stmt"/>
      </file>
      <file name="index.js" path="/home/pranjhi.singh/Desktop/MobileVista/mobile-app/src/components/FormItem/index.js">
        <metrics statements="1" coveredstatements="1" conditionals="0" coveredconditionals="0" methods="1" coveredmethods="1"/>
        <line num="3" count="14" type="stmt"/>
      </file>
    </package>
    <package name="src.components.FormList">
      <metrics statements="3" coveredstatements="3" conditionals="0" coveredconditionals="0" methods="2" coveredmethods="2"/>
      <file name="FormList.jsx" path="/home/pranjhi.singh/Desktop/MobileVista/mobile-app/src/components/FormList/FormList.jsx">
        <metrics statements="2" coveredstatements="2" conditionals="0" coveredconditionals="0" methods="1" coveredmethods="1"/>
        <line num="4" count="3" type="stmt"/>
        <line num="5" count="10" type="stmt"/>
      </file>
      <file name="index.js" path="/home/pranjhi.singh/Desktop/MobileVista/mobile-app/src/components/FormList/index.js">
        <metrics statements="1" coveredstatements="1" conditionals="0" coveredconditionals="0" methods="1" coveredmethods="1"/>
        <line num="3" count="14" type="stmt"/>
      </file>
    </package>
    <package name="src.components.Icons">
      <metrics statements="0" coveredstatements="0" conditionals="0" coveredconditionals="0" methods="0" coveredmethods="0"/>
      <file name="Icons.jsx" path="/home/pranjhi.singh/Desktop/MobileVista/mobile-app/src/components/Icons/Icons.jsx">
        <metrics statements="0" coveredstatements="0" conditionals="0" coveredconditionals="0" methods="0" coveredmethods="0"/>
      </file>
      <file name="index.js" path="/home/pranjhi.singh/Desktop/MobileVista/mobile-app/src/components/Icons/index.js">
        <metrics statements="0" coveredstatements="0" conditionals="0" coveredconditionals="0" methods="0" coveredmethods="0"/>
      </file>
    </package>
    <package name="src.components.Image">
      <metrics statements="2" coveredstatements="2" conditionals="0" coveredconditionals="0" methods="1" coveredmethods="1"/>
      <file name="Image.jsx" path="/home/pranjhi.singh/Desktop/MobileVista/mobile-app/src/components/Image/Image.jsx">
        <metrics statements="2" coveredstatements="2" conditionals="0" coveredconditionals="0" methods="1" coveredmethods="1"/>
        <line num="3" count="14" type="stmt"/>
        <line num="4" count="54" type="stmt"/>
      </file>
      <file name="index.js" path="/home/pranjhi.singh/Desktop/MobileVista/mobile-app/src/components/Image/index.js">
        <metrics statements="0" coveredstatements="0" conditionals="0" coveredconditionals="0" methods="0" coveredmethods="0"/>
      </file>
    </package>
    <package name="src.components.Input">
      <metrics statements="3" coveredstatements="3" conditionals="0" coveredconditionals="0" methods="2" coveredmethods="2"/>
      <file name="Input.jsx" path="/home/pranjhi.singh/Desktop/MobileVista/mobile-app/src/components/Input/Input.jsx">
        <metrics statements="2" coveredstatements="2" conditionals="0" coveredconditionals="0" methods="1" coveredmethods="1"/>
        <line num="4" count="5" type="stmt"/>
        <line num="5" count="199" type="stmt"/>
      </file>
      <file name="index.js" path="/home/pranjhi.singh/Desktop/MobileVista/mobile-app/src/components/Input/index.js">
        <metrics statements="1" coveredstatements="1" conditionals="0" coveredconditionals="0" methods="1" coveredmethods="1"/>
        <line num="3" count="14" type="stmt"/>
      </file>
    </package>
    <package name="src.components.InputNumber">
      <metrics statements="3" coveredstatements="3" conditionals="0" coveredconditionals="0" methods="2" coveredmethods="2"/>
      <file name="InputNumber.jsx" path="/home/pranjhi.singh/Desktop/MobileVista/mobile-app/src/components/InputNumber/InputNumber.jsx">
        <metrics statements="2" coveredstatements="2" conditionals="0" coveredconditionals="0" methods="1" coveredmethods="1"/>
        <line num="4" count="3" type="stmt"/>
        <line num="5" count="21" type="stmt"/>
      </file>
      <file name="index.js" path="/home/pranjhi.singh/Desktop/MobileVista/mobile-app/src/components/InputNumber/index.js">
        <metrics statements="1" coveredstatements="1" conditionals="0" coveredconditionals="0" methods="1" coveredmethods="1"/>
        <line num="3" count="14" type="stmt"/>
      </file>
    </package>
    <package name="src.components.InputPassword">
      <metrics statements="3" coveredstatements="3" conditionals="0" coveredconditionals="0" methods="2" coveredmethods="2"/>
      <file name="InputPassword.jsx" path="/home/pranjhi.singh/Desktop/MobileVista/mobile-app/src/components/InputPassword/InputPassword.jsx">
        <metrics statements="2" coveredstatements="2" conditionals="0" coveredconditionals="0" methods="1" coveredmethods="1"/>
        <line num="3" count="3" type="stmt"/>
        <line num="4" count="34" type="stmt"/>
      </file>
      <file name="index.js" path="/home/pranjhi.singh/Desktop/MobileVista/mobile-app/src/components/InputPassword/index.js">
        <metrics statements="1" coveredstatements="1" conditionals="0" coveredconditionals="0" methods="1" coveredmethods="1"/>
        <line num="3" count="14" type="stmt"/>
      </file>
    </package>
    <package name="src.components.Layout">
      <metrics statements="3" coveredstatements="3" conditionals="0" coveredconditionals="0" methods="2" coveredmethods="2"/>
      <file name="Layout.jsx" path="/home/pranjhi.singh/Desktop/MobileVista/mobile-app/src/components/Layout/Layout.jsx">
        <metrics statements="2" coveredstatements="2" conditionals="0" coveredconditionals="0" methods="1" coveredmethods="1"/>
        <line num="3" count="4" type="stmt"/>
        <line num="4" count="66" type="stmt"/>
      </file>
      <file name="index.js" path="/home/pranjhi.singh/Desktop/MobileVista/mobile-app/src/components/Layout/index.js">
        <metrics statements="1" coveredstatements="1" conditionals="0" coveredconditionals="0" methods="1" coveredmethods="1"/>
        <line num="3" count="14" type="stmt"/>
      </file>
    </package>
    <package name="src.components.List">
      <metrics statements="3" coveredstatements="3" conditionals="0" coveredconditionals="0" methods="2" coveredmethods="2"/>
      <file name="List.jsx" path="/home/pranjhi.singh/Desktop/MobileVista/mobile-app/src/components/List/List.jsx">
        <metrics statements="2" coveredstatements="2" conditionals="0" coveredconditionals="0" methods="1" coveredmethods="1"/>
        <line num="3" count="5" type="stmt"/>
        <line num="4" count="27" type="stmt"/>
      </file>
      <file name="index.js" path="/home/pranjhi.singh/Desktop/MobileVista/mobile-app/src/components/List/index.js">
        <metrics statements="1" coveredstatements="1" conditionals="0" coveredconditionals="0" methods="1" coveredmethods="1"/>
        <line num="3" count="14" type="stmt"/>
      </file>
    </package>
    <package name="src.components.ListItem">
      <metrics statements="3" coveredstatements="3" conditionals="0" coveredconditionals="0" methods="2" coveredmethods="2"/>
      <file name="ListItem.jsx" path="/home/pranjhi.singh/Desktop/MobileVista/mobile-app/src/components/ListItem/ListItem.jsx">
        <metrics statements="2" coveredstatements="2" conditionals="0" coveredconditionals="0" methods="1" coveredmethods="1"/>
        <line num="3" count="2" type="stmt"/>
        <line num="4" count="13" type="stmt"/>
      </file>
      <file name="index.js" path="/home/pranjhi.singh/Desktop/MobileVista/mobile-app/src/components/ListItem/index.js">
        <metrics statements="1" coveredstatements="1" conditionals="0" coveredconditionals="0" methods="1" coveredmethods="1"/>
        <line num="3" count="14" type="stmt"/>
      </file>
    </package>
    <package name="src.components.Menu">
      <metrics statements="3" coveredstatements="3" conditionals="0" coveredconditionals="0" methods="2" coveredmethods="2"/>
      <file name="Menu.jsx" path="/home/pranjhi.singh/Desktop/MobileVista/mobile-app/src/components/Menu/Menu.jsx">
        <metrics statements="2" coveredstatements="2" conditionals="0" coveredconditionals="0" methods="1" coveredmethods="1"/>
        <line num="3" count="3" type="stmt"/>
        <line num="4" count="23" type="stmt"/>
      </file>
      <file name="index.js" path="/home/pranjhi.singh/Desktop/MobileVista/mobile-app/src/components/Menu/index.js">
        <metrics statements="1" coveredstatements="1" conditionals="0" coveredconditionals="0" methods="1" coveredmethods="1"/>
        <line num="3" count="14" type="stmt"/>
      </file>
    </package>
    <package name="src.components.Popconfirm">
      <metrics statements="3" coveredstatements="3" conditionals="0" coveredconditionals="0" methods="2" coveredmethods="2"/>
      <file name="Popconfirm.jsx" path="/home/pranjhi.singh/Desktop/MobileVista/mobile-app/src/components/Popconfirm/Popconfirm.jsx">
        <metrics statements="2" coveredstatements="2" conditionals="0" coveredconditionals="0" methods="1" coveredmethods="1"/>
        <line num="3" count="2" type="stmt"/>
        <line num="4" count="37" type="stmt"/>
      </file>
      <file name="index.js" path="/home/pranjhi.singh/Desktop/MobileVista/mobile-app/src/components/Popconfirm/index.js">
        <metrics statements="1" coveredstatements="1" conditionals="0" coveredconditionals="0" methods="1" coveredmethods="1"/>
        <line num="3" count="14" type="stmt"/>
      </file>
    </package>
    <package name="src.components.Radio">
      <metrics statements="3" coveredstatements="3" conditionals="0" coveredconditionals="0" methods="2" coveredmethods="2"/>
      <file name="Radio.jsx" path="/home/pranjhi.singh/Desktop/MobileVista/mobile-app/src/components/Radio/Radio.jsx">
        <metrics statements="2" coveredstatements="2" conditionals="0" coveredconditionals="0" methods="1" coveredmethods="1"/>
        <line num="3" count="3" type="stmt"/>
        <line num="4" count="56" type="stmt"/>
      </file>
      <file name="index.js" path="/home/pranjhi.singh/Desktop/MobileVista/mobile-app/src/components/Radio/index.js">
        <metrics statements="1" coveredstatements="1" conditionals="0" coveredconditionals="0" methods="1" coveredmethods="1"/>
        <line num="3" count="14" type="stmt"/>
      </file>
    </package>
    <package name="src.components.RadioGroup">
      <metrics statements="3" coveredstatements="3" conditionals="0" coveredconditionals="0" methods="2" coveredmethods="2"/>
      <file name="RadioGroup.jsx" path="/home/pranjhi.singh/Desktop/MobileVista/mobile-app/src/components/RadioGroup/RadioGroup.jsx">
        <metrics statements="2" coveredstatements="2" conditionals="0" coveredconditionals="0" methods="1" coveredmethods="1"/>
        <line num="4" count="3" type="stmt"/>
        <line num="5" count="17" type="stmt"/>
      </file>
      <file name="index.js" path="/home/pranjhi.singh/Desktop/MobileVista/mobile-app/src/components/RadioGroup/index.js">
        <metrics statements="1" coveredstatements="1" conditionals="0" coveredconditionals="0" methods="1" coveredmethods="1"/>
        <line num="3" count="14" type="stmt"/>
      </file>
    </package>
    <package name="src.components.Rate">
      <metrics statements="3" coveredstatements="3" conditionals="0" coveredconditionals="0" methods="2" coveredmethods="2"/>
      <file name="Rate.jsx" path="/home/pranjhi.singh/Desktop/MobileVista/mobile-app/src/components/Rate/Rate.jsx">
        <metrics statements="2" coveredstatements="2" conditionals="0" coveredconditionals="0" methods="1" coveredmethods="1"/>
        <line num="3" count="1" type="stmt"/>
        <line num="4" count="3" type="stmt"/>
      </file>
      <file name="index.js" path="/home/pranjhi.singh/Desktop/MobileVista/mobile-app/src/components/Rate/index.js">
        <metrics statements="1" coveredstatements="1" conditionals="0" coveredconditionals="0" methods="1" coveredmethods="1"/>
        <line num="3" count="14" type="stmt"/>
      </file>
    </package>
    <package name="src.components.Search">
      <metrics statements="3" coveredstatements="3" conditionals="0" coveredconditionals="0" methods="2" coveredmethods="2"/>
      <file name="Search.jsx" path="/home/pranjhi.singh/Desktop/MobileVista/mobile-app/src/components/Search/Search.jsx">
        <metrics statements="2" coveredstatements="2" conditionals="0" coveredconditionals="0" methods="1" coveredmethods="1"/>
        <line num="3" count="3" type="stmt"/>
        <line num="4" count="18" type="stmt"/>
      </file>
      <file name="index.js" path="/home/pranjhi.singh/Desktop/MobileVista/mobile-app/src/components/Search/index.js">
        <metrics statements="1" coveredstatements="1" conditionals="0" coveredconditionals="0" methods="1" coveredmethods="1"/>
        <line num="3" count="14" type="stmt"/>
      </file>
    </package>
    <package name="src.components.Select">
      <metrics statements="3" coveredstatements="3" conditionals="0" coveredconditionals="0" methods="2" coveredmethods="2"/>
      <file name="Select.jsx" path="/home/pranjhi.singh/Desktop/MobileVista/mobile-app/src/components/Select/Select.jsx">
        <metrics statements="2" coveredstatements="2" conditionals="0" coveredconditionals="0" methods="1" coveredmethods="1"/>
        <line num="4" count="6" type="stmt"/>
        <line num="5" count="52" type="stmt"/>
      </file>
      <file name="index.js" path="/home/pranjhi.singh/Desktop/MobileVista/mobile-app/src/components/Select/index.js">
        <metrics statements="1" coveredstatements="1" conditionals="0" coveredconditionals="0" methods="1" coveredmethods="1"/>
        <line num="3" count="14" type="stmt"/>
      </file>
    </package>
    <package name="src.components.Sider">
      <metrics statements="3" coveredstatements="3" conditionals="0" coveredconditionals="0" methods="2" coveredmethods="2"/>
      <file name="Sider.jsx" path="/home/pranjhi.singh/Desktop/MobileVista/mobile-app/src/components/Sider/Sider.jsx">
        <metrics statements="2" coveredstatements="2" conditionals="0" coveredconditionals="0" methods="1" coveredmethods="1"/>
        <line num="3" count="4" type="stmt"/>
        <line num="4" count="34" type="stmt"/>
      </file>
      <file name="index.js" path="/home/pranjhi.singh/Desktop/MobileVista/mobile-app/src/components/Sider/index.js">
        <metrics statements="1" coveredstatements="1" conditionals="0" coveredconditionals="0" methods="1" coveredmethods="1"/>
        <line num="3" count="14" type="stmt"/>
      </file>
    </package>
    <package name="src.components.Slider">
      <metrics statements="3" coveredstatements="3" conditionals="0" coveredconditionals="0" methods="2" coveredmethods="2"/>
      <file name="Slider.jsx" path="/home/pranjhi.singh/Desktop/MobileVista/mobile-app/src/components/Slider/Slider.jsx">
        <metrics statements="2" coveredstatements="2" conditionals="0" coveredconditionals="0" methods="1" coveredmethods="1"/>
        <line num="3" count="3" type="stmt"/>
        <line num="4" count="18" type="stmt"/>
      </file>
      <file name="index.js" path="/home/pranjhi.singh/Desktop/MobileVista/mobile-app/src/components/Slider/index.js">
        <metrics statements="1" coveredstatements="1" conditionals="0" coveredconditionals="0" methods="1" coveredmethods="1"/>
        <line num="3" count="14" type="stmt"/>
      </file>
    </package>
    <package name="src.components.Space">
      <metrics statements="3" coveredstatements="3" conditionals="0" coveredconditionals="0" methods="2" coveredmethods="2"/>
      <file name="Space.jsx" path="/home/pranjhi.singh/Desktop/MobileVista/mobile-app/src/components/Space/Space.jsx">
        <metrics statements="2" coveredstatements="2" conditionals="0" coveredconditionals="0" methods="1" coveredmethods="1"/>
        <line num="3" count="5" type="stmt"/>
        <line num="4" count="80" type="stmt"/>
      </file>
      <file name="index.js" path="/home/pranjhi.singh/Desktop/MobileVista/mobile-app/src/components/Space/index.js">
        <metrics statements="1" coveredstatements="1" conditionals="0" coveredconditionals="0" methods="1" coveredmethods="1"/>
        <line num="3" count="14" type="stmt"/>
      </file>
    </package>
    <package name="src.components.Spin">
      <metrics statements="3" coveredstatements="3" conditionals="0" coveredconditionals="0" methods="2" coveredmethods="2"/>
      <file name="Spin.jsx" path="/home/pranjhi.singh/Desktop/MobileVista/mobile-app/src/components/Spin/Spin.jsx">
        <metrics statements="2" coveredstatements="2" conditionals="0" coveredconditionals="0" methods="1" coveredmethods="1"/>
        <line num="3" count="5" type="stmt"/>
        <line num="4" count="28" type="stmt"/>
      </file>
      <file name="index.js" path="/home/pranjhi.singh/Desktop/MobileVista/mobile-app/src/components/Spin/index.js">
        <metrics statements="1" coveredstatements="1" conditionals="0" coveredconditionals="0" methods="1" coveredmethods="1"/>
        <line num="3" count="14" type="stmt"/>
      </file>
    </package>
    <package name="src.components.Switch">
      <metrics statements="3" coveredstatements="3" conditionals="0" coveredconditionals="0" methods="2" coveredmethods="2"/>
      <file name="Switch.jsx" path="/home/pranjhi.singh/Desktop/MobileVista/mobile-app/src/components/Switch/Switch.jsx">
        <metrics statements="2" coveredstatements="2" conditionals="0" coveredconditionals="0" methods="1" coveredmethods="1"/>
        <line num="3" count="2" type="stmt"/>
        <line num="4" count="13" type="stmt"/>
      </file>
      <file name="index.js" path="/home/pranjhi.singh/Desktop/MobileVista/mobile-app/src/components/Switch/index.js">
        <metrics statements="1" coveredstatements="1" conditionals="0" coveredconditionals="0" methods="1" coveredmethods="1"/>
        <line num="3" count="2" type="stmt"/>
      </file>
    </package>
    <package name="src.components.Table">
      <metrics statements="3" coveredstatements="3" conditionals="0" coveredconditionals="0" methods="2" coveredmethods="2"/>
      <file name="Table.jsx" path="/home/pranjhi.singh/Desktop/MobileVista/mobile-app/src/components/Table/Table.jsx">
        <metrics statements="2" coveredstatements="2" conditionals="0" coveredconditionals="0" methods="1" coveredmethods="1"/>
        <line num="3" count="1" type="stmt"/>
        <line num="4" count="1" type="stmt"/>
      </file>
      <file name="index.js" path="/home/pranjhi.singh/Desktop/MobileVista/mobile-app/src/components/Table/index.js">
        <metrics statements="1" coveredstatements="1" conditionals="0" coveredconditionals="0" methods="1" coveredmethods="1"/>
        <line num="3" count="14" type="stmt"/>
      </file>
    </package>
    <package name="src.components.Text">
      <metrics statements="3" coveredstatements="3" conditionals="0" coveredconditionals="0" methods="2" coveredmethods="2"/>
      <file name="Text.jsx" path="/home/pranjhi.singh/Desktop/MobileVista/mobile-app/src/components/Text/Text.jsx">
        <metrics statements="2" coveredstatements="2" conditionals="0" coveredconditionals="0" methods="1" coveredmethods="1"/>
        <line num="3" count="3" type="stmt"/>
        <line num="4" count="20" type="stmt"/>
      </file>
      <file name="index.js" path="/home/pranjhi.singh/Desktop/MobileVista/mobile-app/src/components/Text/index.js">
        <metrics statements="1" coveredstatements="1" conditionals="0" coveredconditionals="0" methods="1" coveredmethods="1"/>
        <line num="3" count="14" type="stmt"/>
      </file>
    </package>
    <package name="src.modules.Dashboard">
      <metrics statements="25" coveredstatements="23" conditionals="4" coveredconditionals="3" methods="10" coveredmethods="9"/>
      <file name="DashContext.jsx" path="/home/pranjhi.singh/Desktop/MobileVista/mobile-app/src/modules/Dashboard/DashContext.jsx">
        <metrics statements="6" coveredstatements="6" conditionals="0" coveredconditionals="0" methods="2" coveredmethods="2"/>
        <line num="3" count="3" type="stmt"/>
        <line num="5" count="3" type="stmt"/>
        <line num="6" count="23" type="stmt"/>
        <line num="7" count="23" type="stmt"/>
        <line num="8" count="23" type="stmt"/>
        <line num="11" count="23" type="stmt"/>
      </file>
      <file name="Dashboard.jsx" path="/home/pranjhi.singh/Desktop/MobileVista/mobile-app/src/modules/Dashboard/Dashboard.jsx">
        <metrics statements="13" coveredstatements="11" conditionals="4" coveredconditionals="3" methods="4" coveredmethods="3"/>
        <line num="18" count="2" type="stmt"/>
        <line num="24" count="2" type="stmt"/>
        <line num="25" count="18" type="stmt"/>
        <line num="26" count="17" type="stmt"/>
        <line num="29" count="17" type="stmt"/>
        <line num="32" count="17" type="stmt"/>
        <line num="33" count="2" type="cond" truecount="2" falsecount="0"/>
        <line num="36" count="17" type="stmt"/>
        <line num="37" count="0" type="stmt"/>
        <line num="38" count="0" type="stmt"/>
        <line num="41" count="17" type="stmt"/>
        <line num="68" count="17" type="stmt"/>
        <line num="77" count="2" type="stmt"/>
      </file>
      <file name="Slideshow.jsx" path="/home/pranjhi.singh/Desktop/MobileVista/mobile-app/src/modules/Dashboard/Slideshow.jsx">
        <metrics statements="4" coveredstatements="4" conditionals="0" coveredconditionals="0" methods="2" coveredmethods="2"/>
        <line num="4" count="3" type="stmt"/>
        <line num="15" count="3" type="stmt"/>
        <line num="16" count="3" type="stmt"/>
        <line num="46" count="24" type="stmt"/>
      </file>
      <file name="index.js" path="/home/pranjhi.singh/Desktop/MobileVista/mobile-app/src/modules/Dashboard/index.js">
        <metrics statements="2" coveredstatements="2" conditionals="0" coveredconditionals="0" methods="2" coveredmethods="2"/>
        <line num="2" count="2" type="stmt"/>
        <line num="3" count="2" type="stmt"/>
      </file>
    </package>
    <package name="src.modules.User">
      <metrics statements="0" coveredstatements="0" conditionals="0" coveredconditionals="0" methods="0" coveredmethods="0"/>
      <file name="index.js" path="/home/pranjhi.singh/Desktop/MobileVista/mobile-app/src/modules/User/index.js">
        <metrics statements="0" coveredstatements="0" conditionals="0" coveredconditionals="0" methods="0" coveredmethods="0"/>
      </file>
    </package>
    <package name="src.modules.User.Authentication">
      <metrics statements="8" coveredstatements="8" conditionals="0" coveredconditionals="0" methods="3" coveredmethods="3"/>
      <file name="Context.jsx" path="/home/pranjhi.singh/Desktop/MobileVista/mobile-app/src/modules/User/Authentication/Context.jsx">
        <metrics statements="7" coveredstatements="7" conditionals="0" coveredconditionals="0" methods="2" coveredmethods="2"/>
        <line num="2" count="7" type="stmt"/>
        <line num="3" count="7" type="stmt"/>
        <line num="4" count="50" type="stmt"/>
        <line num="5" count="50" type="stmt"/>
        <line num="6" count="50" type="stmt"/>
        <line num="7" count="50" type="stmt"/>
        <line num="10" count="50" type="stmt"/>
      </file>
      <file name="index.js" path="/home/pranjhi.singh/Desktop/MobileVista/mobile-app/src/modules/User/Authentication/index.js">
        <metrics statements="1" coveredstatements="1" conditionals="0" coveredconditionals="0" methods="1" coveredmethods="1"/>
        <line num="3" count="7" type="stmt"/>
      </file>
    </package>
    <package name="src.modules.User.LoginPage">
      <metrics statements="25" coveredstatements="24" conditionals="2" coveredconditionals="1" methods="5" coveredmethods="5"/>
      <file name="Login.jsx" path="/home/pranjhi.singh/Desktop/MobileVista/mobile-app/src/modules/User/LoginPage/Login.jsx">
        <metrics statements="24" coveredstatements="23" conditionals="2" coveredconditionals="1" methods="4" coveredmethods="4"/>
        <line num="10" count="2" type="stmt"/>
        <line num="12" count="2" type="stmt"/>
        <line num="13" count="16" type="stmt"/>
        <line num="14" count="14" type="stmt"/>
        <line num="15" count="14" type="stmt"/>
        <line num="17" count="14" type="stmt"/>
        <line num="19" count="14" type="stmt"/>
        <line num="20" count="4" type="stmt"/>
        <line num="26" count="14" type="stmt"/>
        <line num="27" count="4" type="stmt"/>
        <line num="29" count="4" type="stmt"/>
        <line num="35" count="4" type="stmt"/>
        <line num="36" count="4" type="stmt"/>
        <line num="37" count="2" type="stmt"/>
        <line num="39" count="2" type="stmt"/>
        <line num="40" count="2" type="stmt"/>
        <line num="41" count="2" type="stmt"/>
        <line num="42" count="2" type="stmt"/>
        <line num="44" count="2" type="stmt"/>
        <line num="48" count="14" type="stmt"/>
        <line num="49" count="7" type="stmt"/>
        <line num="51" count="14" type="cond" truecount="1" falsecount="1"/>
        <line num="52" count="0" type="stmt"/>
        <line num="54" count="14" type="stmt"/>
      </file>
      <file name="index.js" path="/home/pranjhi.singh/Desktop/MobileVista/mobile-app/src/modules/User/LoginPage/index.js">
        <metrics statements="1" coveredstatements="1" conditionals="0" coveredconditionals="0" methods="1" coveredmethods="1"/>
        <line num="3" count="3" type="stmt"/>
      </file>
    </package>
    <package name="src.modules.User.RegisterPage">
      <metrics statements="25" coveredstatements="24" conditionals="6" coveredconditionals="5" methods="5" coveredmethods="5"/>
      <file name="Register.jsx" path="/home/pranjhi.singh/Desktop/MobileVista/mobile-app/src/modules/User/RegisterPage/Register.jsx">
        <metrics statements="24" coveredstatements="23" conditionals="6" coveredconditionals="5" methods="4" coveredmethods="4"/>
        <line num="17" count="1" type="stmt"/>
        <line num="19" count="1" type="stmt"/>
        <line num="30" count="1" type="stmt"/>
        <line num="43" count="1" type="stmt"/>
        <line num="44" count="10" type="stmt"/>
        <line num="46" count="9" type="stmt"/>
        <line num="47" count="2" type="stmt"/>
        <line num="49" count="2" type="stmt"/>
        <line num="55" count="2" type="stmt"/>
        <line num="56" count="2" type="stmt"/>
        <line num="58" count="2" type="stmt"/>
        <line num="59" count="2" type="stmt"/>
        <line num="60" count="1" type="stmt"/>
        <line num="61" count="1" type="stmt"/>
        <line num="63" count="1" type="stmt"/>
        <line num="64" count="1" type="stmt"/>
        <line num="69" count="9" type="stmt"/>
        <line num="77" count="9" type="cond" truecount="1" falsecount="1"/>
        <line num="78" count="0" type="stmt"/>
        <line num="80" count="9" type="stmt"/>
        <line num="151" count="7" type="stmt"/>
        <line num="153" count="7" type="cond" truecount="4" falsecount="0"/>
        <line num="154" count="5" type="stmt"/>
        <line num="156" count="2" type="stmt"/>
      </file>
      <file name="index.js" path="/home/pranjhi.singh/Desktop/MobileVista/mobile-app/src/modules/User/RegisterPage/index.js">
        <metrics statements="1" coveredstatements="1" conditionals="0" coveredconditionals="0" methods="1" coveredmethods="1"/>
        <line num="3" count="3" type="stmt"/>
      </file>
    </package>
    <package name="src.modules.mobiles">
      <metrics statements="0" coveredstatements="0" conditionals="0" coveredconditionals="0" methods="0" coveredmethods="0"/>
      <file name="index.js" path="/home/pranjhi.singh/Desktop/MobileVista/mobile-app/src/modules/mobiles/index.js">
        <metrics statements="0" coveredstatements="0" conditionals="0" coveredconditionals="0" methods="0" coveredmethods="0"/>
      </file>
    </package>
    <package name="src.modules.mobiles.Edit">
      <metrics statements="20" coveredstatements="14" conditionals="2" coveredconditionals="1" methods="4" coveredmethods="4"/>
      <file name="Edit.jsx" path="/home/pranjhi.singh/Desktop/MobileVista/mobile-app/src/modules/mobiles/Edit/Edit.jsx">
        <metrics statements="19" coveredstatements="13" conditionals="2" coveredconditionals="1" methods="3" coveredmethods="3"/>
        <line num="8" count="2" type="stmt"/>
        <line num="9" count="7" type="stmt"/>
        <line num="10" count="5" type="stmt"/>
        <line num="12" count="5" type="stmt"/>
        <line num="13" count="5" type="stmt"/>
        <line num="15" count="5" type="stmt"/>
        <line num="17" count="5" type="stmt"/>
        <line num="18" count="2" type="stmt"/>
        <line num="19" count="2" type="stmt"/>
        <line num="20" count="2" type="stmt"/>
        <line num="21" count="0" type="stmt"/>
        <line num="22" count="0" type="stmt"/>
        <line num="23" count="0" type="stmt"/>
        <line num="24" count="0" type="stmt"/>
        <line num="26" count="0" type="stmt"/>
        <line num="29" count="2" type="stmt"/>
        <line num="31" count="5" type="cond" truecount="1" falsecount="1"/>
        <line num="32" count="0" type="stmt"/>
        <line num="34" count="5" type="stmt"/>
      </file>
      <file name="index.js" path="/home/pranjhi.singh/Desktop/MobileVista/mobile-app/src/modules/mobiles/Edit/index.js">
        <metrics statements="1" coveredstatements="1" conditionals="0" coveredconditionals="0" methods="1" coveredmethods="1"/>
        <line num="3" count="3" type="stmt"/>
      </file>
    </package>
    <package name="src.modules.mobiles.MobileListing">
      <metrics statements="97" coveredstatements="78" conditionals="12" coveredconditionals="8" methods="32" coveredmethods="26"/>
      <file name="Brands.jsx" path="/home/pranjhi.singh/Desktop/MobileVista/mobile-app/src/modules/mobiles/MobileListing/Brands.jsx">
        <metrics statements="1" coveredstatements="1" conditionals="0" coveredconditionals="0" methods="0" coveredmethods="0"/>
        <line num="1" count="3" type="stmt"/>
      </file>
      <file name="Colors.jsx" path="/home/pranjhi.singh/Desktop/MobileVista/mobile-app/src/modules/mobiles/MobileListing/Colors.jsx">
        <metrics statements="1" coveredstatements="1" conditionals="0" coveredconditionals="0" methods="0" coveredmethods="0"/>
        <line num="1" count="3" type="stmt"/>
      </file>
      <file name="Filter.jsx" path="/home/pranjhi.singh/Desktop/MobileVista/mobile-app/src/modules/mobiles/MobileListing/Filter.jsx">
        <metrics statements="20" coveredstatements="14" conditionals="0" coveredconditionals="0" methods="12" coveredmethods="7"/>
        <line num="9" count="3" type="stmt"/>
        <line num="10" count="420" type="stmt"/>
        <line num="15" count="420" type="stmt"/>
        <line num="22" count="21" type="stmt"/>
        <line num="23" count="21" type="stmt"/>
        <line num="24" count="2" type="stmt"/>
        <line num="25" count="2" type="stmt"/>
        <line num="27" count="21" type="stmt"/>
        <line num="31" count="0" type="stmt"/>
        <line num="33" count="0" type="stmt"/>
        <line num="34" count="0" type="stmt"/>
        <line num="37" count="1" type="stmt"/>
        <line num="49" count="0" type="stmt"/>
        <line num="60" count="0" type="stmt"/>
        <line num="70" count="0" type="stmt"/>
        <line num="79" count="1" type="stmt"/>
        <line num="80" count="1" type="stmt"/>
        <line num="88" count="1" type="stmt"/>
        <line num="89" count="1" type="stmt"/>
        <line num="90" count="1" type="stmt"/>
      </file>
      <file name="Items.jsx" path="/home/pranjhi.singh/Desktop/MobileVista/mobile-app/src/modules/mobiles/MobileListing/Items.jsx">
        <metrics statements="61" coveredstatements="48" conditionals="12" coveredconditionals="8" methods="14" coveredmethods="13"/>
        <line num="20" count="3" type="stmt"/>
        <line num="21" count="49" type="stmt"/>
        <line num="40" count="3" type="stmt"/>
        <line num="41" count="1" type="stmt"/>
        <line num="44" count="3" type="stmt"/>
        <line num="46" count="3" type="stmt"/>
        <line num="48" count="3" type="stmt"/>
        <line num="49" count="27" type="stmt"/>
        <line num="59" count="26" type="stmt"/>
        <line num="61" count="26" type="stmt"/>
        <line num="63" count="26" type="stmt"/>
        <line num="64" count="26" type="stmt"/>
        <line num="65" count="26" type="stmt"/>
        <line num="67" count="26" type="stmt"/>
        <line num="68" count="0" type="stmt"/>
        <line num="69" count="0" type="stmt"/>
        <line num="70" count="0" type="stmt"/>
        <line num="71" count="0" type="stmt"/>
        <line num="74" count="26" type="stmt"/>
        <line num="75" count="2" type="stmt"/>
        <line num="77" count="26" type="stmt"/>
        <line num="78" count="1" type="stmt"/>
        <line num="81" count="26" type="stmt"/>
        <line num="82" count="10" type="stmt"/>
        <line num="84" count="10" type="cond" truecount="1" falsecount="1"/>
        <line num="85" count="0" type="stmt"/>
        <line num="87" count="10" type="cond" truecount="1" falsecount="1"/>
        <line num="88" count="0" type="stmt"/>
        <line num="90" count="10" type="cond" truecount="1" falsecount="1"/>
        <line num="91" count="0" type="stmt"/>
        <line num="93" count="10" type="cond" truecount="1" falsecount="1"/>
        <line num="94" count="0" type="stmt"/>
        <line num="96" count="10" type="stmt"/>
        <line num="99" count="26" type="stmt"/>
        <line num="100" count="10" type="stmt"/>
        <line num="101" count="10" type="stmt"/>
        <line num="102" count="10" type="stmt"/>
        <line num="103" count="10" type="stmt"/>
        <line num="104" count="8" type="stmt"/>
        <line num="105" count="8" type="stmt"/>
        <line num="106" count="8" type="stmt"/>
        <line num="108" count="0" type="stmt"/>
        <line num="109" count="0" type="stmt"/>
        <line num="110" count="0" type="stmt"/>
        <line num="112" count="8" type="stmt"/>
        <line num="115" count="26" type="stmt"/>
        <line num="116" count="13" type="cond" truecount="2" falsecount="0"/>
        <line num="117" count="10" type="stmt"/>
        <line num="121" count="26" type="stmt"/>
        <line num="122" count="1" type="stmt"/>
        <line num="123" count="1" type="stmt"/>
        <line num="124" count="0" type="stmt"/>
        <line num="125" count="0" type="stmt"/>
        <line num="127" count="1" type="stmt"/>
        <line num="131" count="26" type="cond" truecount="2" falsecount="0"/>
        <line num="132" count="16" type="stmt"/>
        <line num="139" count="10" type="stmt"/>
        <line num="169" count="48" type="stmt"/>
        <line num="180" count="1" type="stmt"/>
        <line num="186" count="2" type="stmt"/>
        <line num="194" count="1" type="stmt"/>
      </file>
      <file name="Listing.jsx" path="/home/pranjhi.singh/Desktop/MobileVista/mobile-app/src/modules/mobiles/MobileListing/Listing.jsx">
        <metrics statements="13" coveredstatements="13" conditionals="0" coveredconditionals="0" methods="5" coveredmethods="5"/>
        <line num="9" count="3" type="stmt"/>
        <line num="11" count="3" type="stmt"/>
        <line num="12" count="3" type="stmt"/>
        <line num="14" count="3" type="stmt"/>
        <line num="15" count="29" type="stmt"/>
        <line num="16" count="28" type="stmt"/>
        <line num="17" count="28" type="stmt"/>
        <line num="18" count="28" type="stmt"/>
        <line num="19" count="28" type="stmt"/>
        <line num="20" count="28" type="stmt"/>
        <line num="40" count="28" type="stmt"/>
        <line num="41" count="11" type="stmt"/>
        <line num="44" count="28" type="stmt"/>
      </file>
      <file name="index.js" path="/home/pranjhi.singh/Desktop/MobileVista/mobile-app/src/modules/mobiles/MobileListing/index.js">
        <metrics statements="1" coveredstatements="1" conditionals="0" coveredconditionals="0" methods="1" coveredmethods="1"/>
        <line num="3" count="3" type="stmt"/>
      </file>
    </package>
    <package name="src.modules.mobiles.ShowDetails">
      <metrics statements="20" coveredstatements="14" conditionals="24" coveredconditionals="10" methods="6" coveredmethods="3"/>
      <file name="ShowDetail.jsx" path="/home/pranjhi.singh/Desktop/MobileVista/mobile-app/src/modules/mobiles/ShowDetails/ShowDetail.jsx">
        <metrics statements="19" coveredstatements="13" conditionals="24" coveredconditionals="10" methods="5" coveredmethods="3"/>
        <line num="6" count="1" type="stmt"/>
        <line num="7" count="5" type="stmt"/>
        <line num="8" count="5" type="stmt"/>
        <line num="9" count="5" type="stmt"/>
        <line num="10" count="5" type="stmt"/>
        <line num="12" count="5" type="stmt"/>
        <line num="14" count="5" type="stmt"/>
        <line num="15" count="3" type="stmt"/>
        <line num="16" count="3" type="stmt"/>
        <line num="17" count="3" type="stmt"/>
        <line num="19" count="0" type="stmt"/>
        <line num="20" count="0" type="stmt"/>
        <line num="22" count="0" type="stmt"/>
        <line num="25" count="3" type="stmt"/>
        <line num="27" count="5" type="cond" truecount="1" falsecount="1"/>
        <line num="28" count="0" type="stmt"/>
        <line num="30" count="5" type="stmt"/>
        <line num="124" count="0" type="stmt"/>
        <line num="137" count="0" type="stmt"/>
      </file>
      <file name="index.js" path="/home/pranjhi.singh/Desktop/MobileVista/mobile-app/src/modules/mobiles/ShowDetails/index.js">
        <metrics statements="1" coveredstatements="1" conditionals="0" coveredconditionals="0" methods="1" coveredmethods="0"/>
        <line num="4" count="3" type="stmt"/>
      </file>
    </package>
    <package name="src.modules.mobiles.Uploads">
      <metrics statements="117" coveredstatements="84" conditionals="16" coveredconditionals="10" methods="37" coveredmethods="19"/>
      <file name="Create.jsx" path="/home/pranjhi.singh/Desktop/MobileVista/mobile-app/src/modules/mobiles/Uploads/Create.jsx">
        <metrics statements="29" coveredstatements="14" conditionals="6" coveredconditionals="3" methods="9" coveredmethods="3"/>
        <line num="16" count="3" type="stmt"/>
        <line num="17" count="18" type="stmt"/>
        <line num="18" count="15" type="stmt"/>
        <line num="19" count="15" type="stmt"/>
        <line num="20" count="15" type="stmt"/>
        <line num="22" count="15" type="stmt"/>
        <line num="24" count="15" type="stmt"/>
        <line num="25" count="10" type="stmt"/>
        <line num="28" count="15" type="stmt"/>
        <line num="29" count="0" type="stmt"/>
        <line num="34" count="0" type="stmt"/>
        <line num="35" count="0" type="stmt"/>
        <line num="36" count="0" type="stmt"/>
        <line num="37" count="0" type="stmt"/>
        <line num="38" count="0" type="stmt"/>
        <line num="39" count="0" type="stmt"/>
        <line num="41" count="0" type="stmt"/>
        <line num="42" count="0" type="stmt"/>
        <line num="44" count="0" type="stmt"/>
        <line num="47" count="15" type="stmt"/>
        <line num="60" count="15" type="stmt"/>
        <line num="68" count="15" type="stmt"/>
        <line num="80" count="15" type="stmt"/>
        <line num="83" count="0" type="stmt"/>
        <line num="84" count="0" type="stmt"/>
        <line num="288" count="12" type="stmt"/>
        <line num="290" count="0" type="stmt"/>
        <line num="327" count="0" type="stmt"/>
        <line num="335" count="0" type="stmt"/>
      </file>
      <file name="Data.jsx" path="/home/pranjhi.singh/Desktop/MobileVista/mobile-app/src/modules/mobiles/Uploads/Data.jsx">
        <metrics statements="8" coveredstatements="8" conditionals="0" coveredconditionals="0" methods="4" coveredmethods="3"/>
        <line num="5" count="3" type="stmt"/>
        <line num="6" count="3" type="stmt"/>
        <line num="8" count="3" type="stmt"/>
        <line num="9" count="13" type="stmt"/>
        <line num="10" count="12" type="stmt"/>
        <line num="13" count="12" type="stmt"/>
        <line num="27" count="12" type="stmt"/>
        <line num="38" count="4" type="stmt"/>
      </file>
      <file name="ErrorDetail.jsx" path="/home/pranjhi.singh/Desktop/MobileVista/mobile-app/src/modules/mobiles/Uploads/ErrorDetail.jsx">
        <metrics statements="22" coveredstatements="18" conditionals="2" coveredconditionals="2" methods="5" coveredmethods="3"/>
        <line num="5" count="5" type="stmt"/>
        <line num="6" count="5" type="stmt"/>
        <line num="7" count="5" type="stmt"/>
        <line num="8" count="5" type="stmt"/>
        <line num="10" count="5" type="stmt"/>
        <line num="11" count="5" type="stmt"/>
        <line num="12" count="5" type="stmt"/>
        <line num="13" count="0" type="stmt"/>
        <line num="14" count="0" type="stmt"/>
        <line num="17" count="5" type="stmt"/>
        <line num="18" count="2" type="stmt"/>
        <line num="19" count="2" type="stmt"/>
        <line num="20" count="2" type="stmt"/>
        <line num="23" count="2" type="stmt"/>
        <line num="24" count="2" type="stmt"/>
        <line num="25" count="2" type="stmt"/>
        <line num="27" count="0" type="stmt"/>
        <line num="31" count="5" type="stmt"/>
        <line num="32" count="2" type="stmt"/>
        <line num="35" count="5" type="stmt"/>
        <line num="43" count="5" type="stmt"/>
        <line num="53" count="0" type="stmt"/>
      </file>
      <file name="Sidebar.jsx" path="/home/pranjhi.singh/Desktop/MobileVista/mobile-app/src/modules/mobiles/Uploads/Sidebar.jsx">
        <metrics statements="1" coveredstatements="1" conditionals="0" coveredconditionals="0" methods="0" coveredmethods="0"/>
        <line num="4" count="3" type="stmt"/>
      </file>
      <file name="bulk.jsx" path="/home/pranjhi.singh/Desktop/MobileVista/mobile-app/src/modules/mobiles/Uploads/bulk.jsx">
        <metrics statements="25" coveredstatements="18" conditionals="4" coveredconditionals="2" methods="10" coveredmethods="5"/>
        <line num="7" count="2" type="stmt"/>
        <line num="8" count="17" type="stmt"/>
        <line num="9" count="16" type="stmt"/>
        <line num="11" count="16" type="stmt"/>
        <line num="12" count="2" type="stmt"/>
        <line num="13" count="2" type="stmt"/>
        <line num="14" count="2" type="stmt"/>
        <line num="15" count="2" type="stmt"/>
        <line num="19" count="2" type="cond" truecount="2" falsecount="0"/>
        <line num="20" count="1" type="stmt"/>
        <line num="22" count="1" type="stmt"/>
        <line num="25" count="0" type="stmt"/>
        <line num="29" count="16" type="stmt"/>
        <line num="30" count="0" type="stmt"/>
        <line num="31" count="0" type="stmt"/>
        <line num="34" count="16" type="stmt"/>
        <line num="36" count="2" type="stmt"/>
        <line num="37" count="2" type="stmt"/>
        <line num="39" count="0" type="stmt"/>
        <line num="40" count="0" type="stmt"/>
        <line num="44" count="4" type="stmt"/>
        <line num="45" count="4" type="stmt"/>
        <line num="48" count="0" type="stmt"/>
        <line num="57" count="0" type="cond" truecount="0" falsecount="2"/>
        <line num="62" count="16" type="stmt"/>
      </file>
      <file name="history.jsx" path="/home/pranjhi.singh/Desktop/MobileVista/mobile-app/src/modules/mobiles/Uploads/history.jsx">
        <metrics statements="31" coveredstatements="24" conditionals="4" coveredconditionals="3" methods="8" coveredmethods="4"/>
        <line num="15" count="3" type="stmt"/>
        <line num="16" count="21" type="stmt"/>
        <line num="18" count="20" type="stmt"/>
        <line num="19" count="20" type="stmt"/>
        <line num="20" count="20" type="stmt"/>
        <line num="21" count="20" type="stmt"/>
        <line num="22" count="5" type="stmt"/>
        <line num="23" count="5" type="stmt"/>
        <line num="24" count="5" type="stmt"/>
        <line num="26" count="3" type="cond" truecount="1" falsecount="1"/>
        <line num="27" count="3" type="stmt"/>
        <line num="29" count="0" type="stmt"/>
        <line num="32" count="0" type="stmt"/>
        <line num="34" count="3" type="stmt"/>
        <line num="35" count="3" type="stmt"/>
        <line num="39" count="20" type="stmt"/>
        <line num="40" count="20" type="stmt"/>
        <line num="41" count="20" type="stmt"/>
        <line num="42" count="0" type="stmt"/>
        <line num="43" count="0" type="stmt"/>
        <line num="45" count="20" type="stmt"/>
        <line num="46" count="0" type="stmt"/>
        <line num="48" count="20" type="stmt"/>
        <line num="49" count="0" type="stmt"/>
        <line num="52" count="20" type="stmt"/>
        <line num="53" count="8" type="stmt"/>
        <line num="54" count="8" type="cond" truecount="2" falsecount="0"/>
        <line num="55" count="5" type="stmt"/>
        <line num="58" count="20" type="stmt"/>
        <line num="76" count="24" type="stmt"/>
        <line num="91" count="0" type="stmt"/>
      </file>
      <file name="index.js" path="/home/pranjhi.singh/Desktop/MobileVista/mobile-app/src/modules/mobiles/Uploads/index.js">
        <metrics statements="1" coveredstatements="1" conditionals="0" coveredconditionals="0" methods="1" coveredmethods="1"/>
        <line num="3" count="4" type="stmt"/>
      </file>
    </package>
    <package name="src.service">
      <metrics statements="5" coveredstatements="5" conditionals="2" coveredconditionals="2" methods="1" coveredmethods="1"/>
      <file name="services.js" path="/home/pranjhi.singh/Desktop/MobileVista/mobile-app/src/service/services.js">
        <metrics statements="5" coveredstatements="5" conditionals="2" coveredconditionals="2" methods="1" coveredmethods="1"/>
        <line num="3" count="13" type="stmt"/>
        <line num="5" count="13" type="stmt"/>
        <line num="6" count="42" type="cond" truecount="2" falsecount="0"/>
        <line num="7" count="6" type="stmt"/>
        <line num="9" count="42" type="stmt"/>
      </file>
    </package>
  </project>
</coverage>
