{"/home/pranjhi.singh/Desktop/MobileVista/mobile-app/src/App.jsx": {"path":"/home/pranjhi.singh/Desktop/MobileVista/mobile-app/src/App.jsx","statementMap":{"0":{"start":{"line":7,"column":12},"end":{"line":22,"column":1}},"1":{"start":{"line":8,"column":2},"end":{"line":21,"column":4}}},"fnMap":{"0":{"name":"(anonymous_0)","decl":{"start":{"line":7,"column":12},"end":{"line":7,"column":13}},"loc":{"start":{"line":7,"column":18},"end":{"line":22,"column":1}},"line":7}},"branchMap":{},"s":{"0":2,"1":5},"f":{"0":5},"b":{},"_coverageSchema":"1a1c01bbd47fc00a2c39e90264f33305004495a9","hash":"ffcf6a6908e689cb0da4a81362a112f0fff03de3"}
,"/home/pranjhi.singh/Desktop/MobileVista/mobile-app/src/index.js": {"path":"/home/pranjhi.singh/Desktop/MobileVista/mobile-app/src/index.js","statementMap":{"0":{"start":{"line":5,"column":13},"end":{"line":5,"column":65}},"1":{"start":{"line":6,"column":0},"end":{"line":6,"column":21}}},"fnMap":{},"branchMap":{},"s":{"0":0,"1":0},"f":{},"b":{}}
,"/home/pranjhi.singh/Desktop/MobileVista/mobile-app/src/Routes/Route.jsx": {"path":"/home/pranjhi.singh/Desktop/MobileVista/mobile-app/src/Routes/Route.jsx","statementMap":{"0":{"start":{"line":15,"column":24},"end":{"line":30,"column":1}},"1":{"start":{"line":16,"column":2},"end":{"line":29,"column":4}}},"fnMap":{"0":{"name":"(anonymous_0)","decl":{"start":{"line":15,"column":24},"end":{"line":15,"column":25}},"loc":{"start":{"line":15,"column":30},"end":{"line":30,"column":1}},"line":15}},"branchMap":{},"s":{"0":2,"1":5},"f":{"0":5},"b":{},"_coverageSchema":"1a1c01bbd47fc00a2c39e90264f33305004495a9","hash":"5c7907464e3f9f9b6150c1b1b2bbd854f6223f5e"}
,"/home/pranjhi.singh/Desktop/MobileVista/mobile-app/src/Routes/authRoutes/protectedRoutes.jsx": {"path":"/home/pranjhi.singh/Desktop/MobileVista/mobile-app/src/Routes/authRoutes/protectedRoutes.jsx","statementMap":{"0":{"start":{"line":6,"column":23},"end":{"line":46,"column":1}},"1":{"start":{"line":7,"column":46},"end":{"line":7,"column":79}},"2":{"start":{"line":8,"column":36},"end":{"line":8,"column":50}},"3":{"start":{"line":10,"column":2},"end":{"line":35,"column":9}},"4":{"start":{"line":11,"column":20},"end":{"line":32,"column":5}},"5":{"start":{"line":12,"column":6},"end":{"line":31,"column":7}},"6":{"start":{"line":13,"column":25},"end":{"line":17,"column":10}},"7":{"start":{"line":19,"column":8},"end":{"line":19,"column":33}},"8":{"start":{"line":20,"column":8},"end":{"line":23,"column":11}},"9":{"start":{"line":25,"column":8},"end":{"line":25,"column":27}},"10":{"start":{"line":27,"column":8},"end":{"line":27,"column":29}},"11":{"start":{"line":28,"column":8},"end":{"line":28,"column":34}},"12":{"start":{"line":30,"column":8},"end":{"line":30,"column":28}},"13":{"start":{"line":34,"column":4},"end":{"line":34,"column":14}},"14":{"start":{"line":37,"column":2},"end":{"line":39,"column":3}},"15":{"start":{"line":38,"column":4},"end":{"line":38,"column":16}},"16":{"start":{"line":41,"column":2},"end":{"line":43,"column":3}},"17":{"start":{"line":42,"column":4},"end":{"line":42,"column":20}},"18":{"start":{"line":45,"column":2},"end":{"line":45,"column":42}}},"fnMap":{"0":{"name":"(anonymous_0)","decl":{"start":{"line":6,"column":23},"end":{"line":6,"column":24}},"loc":{"start":{"line":6,"column":41},"end":{"line":46,"column":1}},"line":6},"1":{"name":"(anonymous_1)","decl":{"start":{"line":10,"column":12},"end":{"line":10,"column":13}},"loc":{"start":{"line":10,"column":18},"end":{"line":35,"column":3}},"line":10},"2":{"name":"(anonymous_2)","decl":{"start":{"line":11,"column":20},"end":{"line":11,"column":21}},"loc":{"start":{"line":11,"column":32},"end":{"line":32,"column":5}},"line":11}},"branchMap":{"0":{"loc":{"start":{"line":37,"column":2},"end":{"line":39,"column":3}},"type":"if","locations":[{"start":{"line":37,"column":2},"end":{"line":39,"column":3}},{"start":{},"end":{}}],"line":37},"1":{"loc":{"start":{"line":41,"column":2},"end":{"line":43,"column":3}},"type":"if","locations":[{"start":{"line":41,"column":2},"end":{"line":43,"column":3}},{"start":{},"end":{}}],"line":41}},"s":{"0":2,"1":4,"2":4,"3":4,"4":1,"5":1,"6":1,"7":1,"8":1,"9":0,"10":0,"11":0,"12":1,"13":1,"14":4,"15":1,"16":3,"17":3,"18":0},"f":{"0":4,"1":1,"2":1},"b":{"0":[1,3],"1":[3,0]},"_coverageSchema":"1a1c01bbd47fc00a2c39e90264f33305004495a9","hash":"6eacb50dfef3a63ab3b06cb33d3aeda49c74aaa0"}
,"/home/pranjhi.singh/Desktop/MobileVista/mobile-app/src/Routes/authRoutes/publicRoutes.jsx": {"path":"/home/pranjhi.singh/Desktop/MobileVista/mobile-app/src/Routes/authRoutes/publicRoutes.jsx","statementMap":{"0":{"start":{"line":6,"column":20},"end":{"line":29,"column":1}},"1":{"start":{"line":7,"column":33},"end":{"line":7,"column":66}},"2":{"start":{"line":9,"column":2},"end":{"line":26,"column":9}},"3":{"start":{"line":10,"column":20},"end":{"line":23,"column":5}},"4":{"start":{"line":11,"column":6},"end":{"line":22,"column":7}},"5":{"start":{"line":12,"column":8},"end":{"line":16,"column":11}},"6":{"start":{"line":18,"column":8},"end":{"line":18,"column":33}},"7":{"start":{"line":20,"column":8},"end":{"line":20,"column":29}},"8":{"start":{"line":21,"column":8},"end":{"line":21,"column":34}},"9":{"start":{"line":25,"column":4},"end":{"line":25,"column":14}},"10":{"start":{"line":28,"column":2},"end":{"line":28,"column":19}}},"fnMap":{"0":{"name":"(anonymous_0)","decl":{"start":{"line":6,"column":20},"end":{"line":6,"column":21}},"loc":{"start":{"line":6,"column":38},"end":{"line":29,"column":1}},"line":6},"1":{"name":"(anonymous_1)","decl":{"start":{"line":9,"column":12},"end":{"line":9,"column":13}},"loc":{"start":{"line":9,"column":18},"end":{"line":26,"column":3}},"line":9},"2":{"name":"(anonymous_2)","decl":{"start":{"line":10,"column":20},"end":{"line":10,"column":21}},"loc":{"start":{"line":10,"column":32},"end":{"line":23,"column":5}},"line":10}},"branchMap":{},"s":{"0":4,"1":33,"2":33,"3":12,"4":12,"5":12,"6":0,"7":9,"8":9,"9":12,"10":33},"f":{"0":33,"1":12,"2":12},"b":{},"_coverageSchema":"1a1c01bbd47fc00a2c39e90264f33305004495a9","hash":"6305ff08f22b3edf4731550d0c7b059010949846"}
,"/home/pranjhi.singh/Desktop/MobileVista/mobile-app/src/__test__/TestMobile.js": {"path":"/home/pranjhi.singh/Desktop/MobileVista/mobile-app/src/__test__/TestMobile.js","statementMap":{"0":{"start":{"line":5,"column":4},"end":{"line":5,"column":17}},"1":{"start":{"line":6,"column":4},"end":{"line":6,"column":40}},"2":{"start":{"line":9,"column":20},"end":{"line":51,"column":3}},"3":{"start":{"line":10,"column":4},"end":{"line":50,"column":5}},"4":{"start":{"line":11,"column":6},"end":{"line":11,"column":19}},"5":{"start":{"line":13,"column":23},"end":{"line":45,"column":8}},"6":{"start":{"line":47,"column":6},"end":{"line":47,"column":39}},"7":{"start":{"line":49,"column":6},"end":{"line":49,"column":61}},"8":{"start":{"line":53,"column":20},"end":{"line":60,"column":3}},"9":{"start":{"line":54,"column":4},"end":{"line":59,"column":5}},"10":{"start":{"line":55,"column":6},"end":{"line":55,"column":73}},"11":{"start":{"line":56,"column":6},"end":{"line":56,"column":19}},"12":{"start":{"line":58,"column":6},"end":{"line":58,"column":60}},"13":{"start":{"line":62,"column":10},"end":{"line":64,"column":3}},"14":{"start":{"line":63,"column":4},"end":{"line":63,"column":19}},"15":{"start":{"line":66,"column":13},"end":{"line":68,"column":3}},"16":{"start":{"line":67,"column":4},"end":{"line":67,"column":24}}},"fnMap":{"0":{"name":"(anonymous_0)","decl":{"start":{"line":4,"column":2},"end":{"line":4,"column":3}},"loc":{"start":{"line":4,"column":16},"end":{"line":7,"column":3}},"line":4},"1":{"name":"(anonymous_1)","decl":{"start":{"line":9,"column":20},"end":{"line":9,"column":21}},"loc":{"start":{"line":9,"column":32},"end":{"line":51,"column":3}},"line":9},"2":{"name":"(anonymous_2)","decl":{"start":{"line":53,"column":20},"end":{"line":53,"column":21}},"loc":{"start":{"line":53,"column":32},"end":{"line":60,"column":3}},"line":53},"3":{"name":"(anonymous_3)","decl":{"start":{"line":62,"column":10},"end":{"line":62,"column":11}},"loc":{"start":{"line":62,"column":16},"end":{"line":64,"column":3}},"line":62},"4":{"name":"(anonymous_4)","decl":{"start":{"line":66,"column":13},"end":{"line":66,"column":14}},"loc":{"start":{"line":66,"column":19},"end":{"line":68,"column":3}},"line":66}},"branchMap":{},"s":{"0":2,"1":2,"2":2,"3":14,"4":14,"5":14,"6":2,"7":12,"8":2,"9":14,"10":14,"11":0,"12":14,"13":2,"14":0,"15":2,"16":0},"f":{"0":2,"1":14,"2":14,"3":0,"4":0},"b":{},"_coverageSchema":"1a1c01bbd47fc00a2c39e90264f33305004495a9","hash":"6267fe40f2afc9214deae1f6cd2253f16a0a1807"}
,"/home/pranjhi.singh/Desktop/MobileVista/mobile-app/src/components/index.js": {"path":"/home/pranjhi.singh/Desktop/MobileVista/mobile-app/src/components/index.js","statementMap":{},"fnMap":{},"branchMap":{},"s":{},"f":{},"b":{},"_coverageSchema":"1a1c01bbd47fc00a2c39e90264f33305004495a9","hash":"7c2e6bb3f4a50a6fdb3a46bc576d1848a5c207df"}
,"/home/pranjhi.singh/Desktop/MobileVista/mobile-app/src/components/Button/Button.jsx": {"path":"/home/pranjhi.singh/Desktop/MobileVista/mobile-app/src/components/Button/Button.jsx","statementMap":{"0":{"start":{"line":3,"column":15},"end":{"line":5,"column":1}},"1":{"start":{"line":4,"column":2},"end":{"line":4,"column":40}}},"fnMap":{"0":{"name":"(anonymous_0)","decl":{"start":{"line":3,"column":15},"end":{"line":3,"column":16}},"loc":{"start":{"line":3,"column":26},"end":{"line":5,"column":1}},"line":3}},"branchMap":{},"s":{"0":14,"1":97},"f":{"0":97},"b":{},"_coverageSchema":"1a1c01bbd47fc00a2c39e90264f33305004495a9","hash":"fc7d0aeddd08409744ebf1148d7ab76fb148de4f"}
,"/home/pranjhi.singh/Desktop/MobileVista/mobile-app/src/components/Button/index.js": {"path":"/home/pranjhi.singh/Desktop/MobileVista/mobile-app/src/components/Button/index.js","statementMap":{},"fnMap":{},"branchMap":{},"s":{},"f":{},"b":{},"_coverageSchema":"1a1c01bbd47fc00a2c39e90264f33305004495a9","hash":"86b14979c2e33af64a96ce08f3eb34e7a44ebfbc"}
,"/home/pranjhi.singh/Desktop/MobileVista/mobile-app/src/components/Card/Card.jsx": {"path":"/home/pranjhi.singh/Desktop/MobileVista/mobile-app/src/components/Card/Card.jsx","statementMap":{"0":{"start":{"line":3,"column":13},"end":{"line":5,"column":1}},"1":{"start":{"line":4,"column":2},"end":{"line":4,"column":38}}},"fnMap":{"0":{"name":"(anonymous_0)","decl":{"start":{"line":3,"column":13},"end":{"line":3,"column":14}},"loc":{"start":{"line":3,"column":24},"end":{"line":5,"column":1}},"line":3}},"branchMap":{},"s":{"0":14,"1":49},"f":{"0":49},"b":{},"_coverageSchema":"1a1c01bbd47fc00a2c39e90264f33305004495a9","hash":"eb4352e19bc75dc37e050ac7a3f3b103b764d17e"}
,"/home/pranjhi.singh/Desktop/MobileVista/mobile-app/src/components/Card/index.js": {"path":"/home/pranjhi.singh/Desktop/MobileVista/mobile-app/src/components/Card/index.js","statementMap":{},"fnMap":{},"branchMap":{},"s":{},"f":{},"b":{},"_coverageSchema":"1a1c01bbd47fc00a2c39e90264f33305004495a9","hash":"8cc3ea90e596029c8af9737d46c2962dc241eae9"}
,"/home/pranjhi.singh/Desktop/MobileVista/mobile-app/src/components/Carousel/Carousel.jsx": {"path":"/home/pranjhi.singh/Desktop/MobileVista/mobile-app/src/components/Carousel/Carousel.jsx","statementMap":{"0":{"start":{"line":3,"column":17},"end":{"line":6,"column":1}},"1":{"start":{"line":4,"column":4},"end":{"line":4,"column":45}}},"fnMap":{"0":{"name":"(anonymous_0)","decl":{"start":{"line":3,"column":17},"end":{"line":3,"column":18}},"loc":{"start":{"line":3,"column":26},"end":{"line":6,"column":1}},"line":3}},"branchMap":{},"s":{"0":1,"1":1},"f":{"0":1},"b":{},"_coverageSchema":"1a1c01bbd47fc00a2c39e90264f33305004495a9","hash":"d16fc9e813e767383482f4b2e25ae411dcf50a60"}
,"/home/pranjhi.singh/Desktop/MobileVista/mobile-app/src/components/Carousel/index.js": {"path":"/home/pranjhi.singh/Desktop/MobileVista/mobile-app/src/components/Carousel/index.js","statementMap":{"0":{"start":{"line":3,"column":17},"end":{"line":3,"column":49}},"1":{"start":{"line":3,"column":28},"end":{"line":3,"column":48}}},"fnMap":{"0":{"name":"(anonymous_0)","decl":{"start":{"line":3,"column":22},"end":{"line":3,"column":23}},"loc":{"start":{"line":3,"column":28},"end":{"line":3,"column":48}},"line":3}},"branchMap":{},"s":{"0":14,"1":1},"f":{"0":1},"b":{},"_coverageSchema":"1a1c01bbd47fc00a2c39e90264f33305004495a9","hash":"ed0d25c83474f12cc4220fb34afc3e0b614e3789"}
,"/home/pranjhi.singh/Desktop/MobileVista/mobile-app/src/components/Checkbox/Checkbox.jsx": {"path":"/home/pranjhi.singh/Desktop/MobileVista/mobile-app/src/components/Checkbox/Checkbox.jsx","statementMap":{"0":{"start":{"line":3,"column":17},"end":{"line":6,"column":1}},"1":{"start":{"line":4,"column":4},"end":{"line":4,"column":45}}},"fnMap":{"0":{"name":"(anonymous_0)","decl":{"start":{"line":3,"column":17},"end":{"line":3,"column":18}},"loc":{"start":{"line":3,"column":26},"end":{"line":6,"column":1}},"line":3}},"branchMap":{},"s":{"0":3,"1":43},"f":{"0":43},"b":{},"_coverageSchema":"1a1c01bbd47fc00a2c39e90264f33305004495a9","hash":"d049d1847bc708311c5d5aac859934d77bb52638"}
,"/home/pranjhi.singh/Desktop/MobileVista/mobile-app/src/components/Checkbox/index.js": {"path":"/home/pranjhi.singh/Desktop/MobileVista/mobile-app/src/components/Checkbox/index.js","statementMap":{"0":{"start":{"line":3,"column":17},"end":{"line":3,"column":49}},"1":{"start":{"line":3,"column":28},"end":{"line":3,"column":48}}},"fnMap":{"0":{"name":"(anonymous_0)","decl":{"start":{"line":3,"column":22},"end":{"line":3,"column":23}},"loc":{"start":{"line":3,"column":28},"end":{"line":3,"column":48}},"line":3}},"branchMap":{},"s":{"0":14,"1":3},"f":{"0":3},"b":{},"_coverageSchema":"1a1c01bbd47fc00a2c39e90264f33305004495a9","hash":"dbc46ae6f6384b448e2ba14a3a6e7e5783cd522d"}
,"/home/pranjhi.singh/Desktop/MobileVista/mobile-app/src/components/Content/Content.jsx": {"path":"/home/pranjhi.singh/Desktop/MobileVista/mobile-app/src/components/Content/Content.jsx","statementMap":{"0":{"start":{"line":3,"column":16},"end":{"line":5,"column":1}},"1":{"start":{"line":4,"column":2},"end":{"line":4,"column":39}}},"fnMap":{"0":{"name":"(anonymous_0)","decl":{"start":{"line":3,"column":16},"end":{"line":3,"column":17}},"loc":{"start":{"line":3,"column":27},"end":{"line":5,"column":1}},"line":3}},"branchMap":{},"s":{"0":4,"1":61},"f":{"0":61},"b":{},"_coverageSchema":"1a1c01bbd47fc00a2c39e90264f33305004495a9","hash":"0da0a5221a11bc782cf3fa2ad97bb0b19c1beaa2"}
,"/home/pranjhi.singh/Desktop/MobileVista/mobile-app/src/components/Content/index.js": {"path":"/home/pranjhi.singh/Desktop/MobileVista/mobile-app/src/components/Content/index.js","statementMap":{"0":{"start":{"line":3,"column":17},"end":{"line":3,"column":48}},"1":{"start":{"line":3,"column":28},"end":{"line":3,"column":47}}},"fnMap":{"0":{"name":"(anonymous_0)","decl":{"start":{"line":3,"column":22},"end":{"line":3,"column":23}},"loc":{"start":{"line":3,"column":28},"end":{"line":3,"column":47}},"line":3}},"branchMap":{},"s":{"0":14,"1":4},"f":{"0":4},"b":{},"_coverageSchema":"1a1c01bbd47fc00a2c39e90264f33305004495a9","hash":"84f1aaedcdce6abb94ab3e597e95cdca1b901e9b"}
,"/home/pranjhi.singh/Desktop/MobileVista/mobile-app/src/components/DatePicker/DatePicker.jsx": {"path":"/home/pranjhi.singh/Desktop/MobileVista/mobile-app/src/components/DatePicker/DatePicker.jsx","statementMap":{"0":{"start":{"line":4,"column":19},"end":{"line":10,"column":2}},"1":{"start":{"line":5,"column":2},"end":{"line":9,"column":4}}},"fnMap":{"0":{"name":"(anonymous_0)","decl":{"start":{"line":4,"column":30},"end":{"line":4,"column":31}},"loc":{"start":{"line":4,"column":46},"end":{"line":10,"column":1}},"line":4}},"branchMap":{},"s":{"0":3,"1":21},"f":{"0":21},"b":{},"_coverageSchema":"1a1c01bbd47fc00a2c39e90264f33305004495a9","hash":"a6d62d1d353b947e2e0c203c9a16987db84ff6bb"}
,"/home/pranjhi.singh/Desktop/MobileVista/mobile-app/src/components/DatePicker/index.js": {"path":"/home/pranjhi.singh/Desktop/MobileVista/mobile-app/src/components/DatePicker/index.js","statementMap":{"0":{"start":{"line":3,"column":19},"end":{"line":3,"column":53}},"1":{"start":{"line":3,"column":30},"end":{"line":3,"column":52}}},"fnMap":{"0":{"name":"(anonymous_0)","decl":{"start":{"line":3,"column":24},"end":{"line":3,"column":25}},"loc":{"start":{"line":3,"column":30},"end":{"line":3,"column":52}},"line":3}},"branchMap":{},"s":{"0":14,"1":3},"f":{"0":3},"b":{},"_coverageSchema":"1a1c01bbd47fc00a2c39e90264f33305004495a9","hash":"f3d5dbb28c0ea02bed78a0ca80fe7f9719df7b6e"}
,"/home/pranjhi.singh/Desktop/MobileVista/mobile-app/src/components/Dragger/Dragger.jsx": {"path":"/home/pranjhi.singh/Desktop/MobileVista/mobile-app/src/components/Dragger/Dragger.jsx","statementMap":{"0":{"start":{"line":3,"column":16},"end":{"line":5,"column":1}},"1":{"start":{"line":4,"column":2},"end":{"line":4,"column":39}}},"fnMap":{"0":{"name":"(anonymous_0)","decl":{"start":{"line":3,"column":16},"end":{"line":3,"column":17}},"loc":{"start":{"line":3,"column":27},"end":{"line":5,"column":1}},"line":3}},"branchMap":{},"s":{"0":2,"1":15},"f":{"0":15},"b":{},"_coverageSchema":"1a1c01bbd47fc00a2c39e90264f33305004495a9","hash":"3f872261d0986d87c993d631e0021cca615bf47d"}
,"/home/pranjhi.singh/Desktop/MobileVista/mobile-app/src/components/Dragger/index.js": {"path":"/home/pranjhi.singh/Desktop/MobileVista/mobile-app/src/components/Dragger/index.js","statementMap":{"0":{"start":{"line":3,"column":16},"end":{"line":3,"column":47}},"1":{"start":{"line":3,"column":27},"end":{"line":3,"column":46}}},"fnMap":{"0":{"name":"(anonymous_0)","decl":{"start":{"line":3,"column":21},"end":{"line":3,"column":22}},"loc":{"start":{"line":3,"column":27},"end":{"line":3,"column":46}},"line":3}},"branchMap":{},"s":{"0":14,"1":2},"f":{"0":2},"b":{},"_coverageSchema":"1a1c01bbd47fc00a2c39e90264f33305004495a9","hash":"bee6e2df1ff8a5012147704dc73ae9dc94c51930"}
,"/home/pranjhi.singh/Desktop/MobileVista/mobile-app/src/components/Drawer/Drawer.jsx": {"path":"/home/pranjhi.singh/Desktop/MobileVista/mobile-app/src/components/Drawer/Drawer.jsx","statementMap":{"0":{"start":{"line":3,"column":15},"end":{"line":6,"column":1}},"1":{"start":{"line":4,"column":4},"end":{"line":4,"column":43}}},"fnMap":{"0":{"name":"(anonymous_0)","decl":{"start":{"line":3,"column":15},"end":{"line":3,"column":16}},"loc":{"start":{"line":3,"column":24},"end":{"line":6,"column":1}},"line":3}},"branchMap":{},"s":{"0":3,"1":18},"f":{"0":18},"b":{},"_coverageSchema":"1a1c01bbd47fc00a2c39e90264f33305004495a9","hash":"aef801fc14f4564c8cb7bc2565d7059e2d8b1fdb"}
,"/home/pranjhi.singh/Desktop/MobileVista/mobile-app/src/components/Drawer/index.js": {"path":"/home/pranjhi.singh/Desktop/MobileVista/mobile-app/src/components/Drawer/index.js","statementMap":{"0":{"start":{"line":3,"column":15},"end":{"line":3,"column":45}},"1":{"start":{"line":3,"column":26},"end":{"line":3,"column":44}}},"fnMap":{"0":{"name":"(anonymous_0)","decl":{"start":{"line":3,"column":20},"end":{"line":3,"column":21}},"loc":{"start":{"line":3,"column":26},"end":{"line":3,"column":44}},"line":3}},"branchMap":{},"s":{"0":14,"1":3},"f":{"0":3},"b":{},"_coverageSchema":"1a1c01bbd47fc00a2c39e90264f33305004495a9","hash":"3d38fcb40e60391e4e105332a9a925cde2cb7cd5"}
,"/home/pranjhi.singh/Desktop/MobileVista/mobile-app/src/components/Error/Error.jsx": {"path":"/home/pranjhi.singh/Desktop/MobileVista/mobile-app/src/components/Error/Error.jsx","statementMap":{"0":{"start":{"line":5,"column":18},"end":{"line":25,"column":1}},"1":{"start":{"line":6,"column":2},"end":{"line":24,"column":4}},"2":{"start":{"line":27,"column":15},"end":{"line":44,"column":1}}},"fnMap":{"0":{"name":"(anonymous_0)","decl":{"start":{"line":5,"column":18},"end":{"line":5,"column":19}},"loc":{"start":{"line":5,"column":24},"end":{"line":25,"column":1}},"line":5}},"branchMap":{},"s":{"0":1,"1":1,"2":1},"f":{"0":1},"b":{},"_coverageSchema":"1a1c01bbd47fc00a2c39e90264f33305004495a9","hash":"2d65eb39ea5072352158305832fd200e6e379fa4"}
,"/home/pranjhi.singh/Desktop/MobileVista/mobile-app/src/components/Error/index.js": {"path":"/home/pranjhi.singh/Desktop/MobileVista/mobile-app/src/components/Error/index.js","statementMap":{"0":{"start":{"line":3,"column":19},"end":{"line":3,"column":48}},"1":{"start":{"line":3,"column":30},"end":{"line":3,"column":47}}},"fnMap":{"0":{"name":"(anonymous_0)","decl":{"start":{"line":3,"column":24},"end":{"line":3,"column":25}},"loc":{"start":{"line":3,"column":30},"end":{"line":3,"column":47}},"line":3}},"branchMap":{},"s":{"0":14,"1":1},"f":{"0":1},"b":{},"_coverageSchema":"1a1c01bbd47fc00a2c39e90264f33305004495a9","hash":"979a779b24a87302af5f22ea04245d666348caf4"}
,"/home/pranjhi.singh/Desktop/MobileVista/mobile-app/src/components/Footer/Footer.jsx": {"path":"/home/pranjhi.singh/Desktop/MobileVista/mobile-app/src/components/Footer/Footer.jsx","statementMap":{"0":{"start":{"line":3,"column":15},"end":{"line":5,"column":1}},"1":{"start":{"line":4,"column":2},"end":{"line":4,"column":38}}},"fnMap":{"0":{"name":"(anonymous_0)","decl":{"start":{"line":3,"column":15},"end":{"line":3,"column":16}},"loc":{"start":{"line":3,"column":26},"end":{"line":5,"column":1}},"line":3}},"branchMap":{},"s":{"0":2,"1":13},"f":{"0":13},"b":{},"_coverageSchema":"1a1c01bbd47fc00a2c39e90264f33305004495a9","hash":"dd6109477f6d8f89c5263006c4e8df3f6fb03e27"}
,"/home/pranjhi.singh/Desktop/MobileVista/mobile-app/src/components/Footer/index.js": {"path":"/home/pranjhi.singh/Desktop/MobileVista/mobile-app/src/components/Footer/index.js","statementMap":{"0":{"start":{"line":3,"column":16},"end":{"line":3,"column":46}},"1":{"start":{"line":3,"column":27},"end":{"line":3,"column":45}}},"fnMap":{"0":{"name":"(anonymous_0)","decl":{"start":{"line":3,"column":21},"end":{"line":3,"column":22}},"loc":{"start":{"line":3,"column":27},"end":{"line":3,"column":45}},"line":3}},"branchMap":{},"s":{"0":14,"1":2},"f":{"0":2},"b":{},"_coverageSchema":"1a1c01bbd47fc00a2c39e90264f33305004495a9","hash":"d7c95c727713e07d694ab18d1a23323dd89de746"}
,"/home/pranjhi.singh/Desktop/MobileVista/mobile-app/src/components/Form/Form.jsx": {"path":"/home/pranjhi.singh/Desktop/MobileVista/mobile-app/src/components/Form/Form.jsx","statementMap":{"0":{"start":{"line":3,"column":13},"end":{"line":5,"column":1}},"1":{"start":{"line":4,"column":2},"end":{"line":4,"column":38}}},"fnMap":{"0":{"name":"(anonymous_0)","decl":{"start":{"line":3,"column":13},"end":{"line":3,"column":14}},"loc":{"start":{"line":3,"column":24},"end":{"line":5,"column":1}},"line":3}},"branchMap":{},"s":{"0":3,"1":23},"f":{"0":23},"b":{},"_coverageSchema":"1a1c01bbd47fc00a2c39e90264f33305004495a9","hash":"32f8812a0cc5cc97c6fa84682f4def7c57c09654"}
,"/home/pranjhi.singh/Desktop/MobileVista/mobile-app/src/components/Form/index.js": {"path":"/home/pranjhi.singh/Desktop/MobileVista/mobile-app/src/components/Form/index.js","statementMap":{"0":{"start":{"line":3,"column":13},"end":{"line":3,"column":41}},"1":{"start":{"line":3,"column":24},"end":{"line":3,"column":40}}},"fnMap":{"0":{"name":"(anonymous_0)","decl":{"start":{"line":3,"column":18},"end":{"line":3,"column":19}},"loc":{"start":{"line":3,"column":24},"end":{"line":3,"column":40}},"line":3}},"branchMap":{},"s":{"0":14,"1":3},"f":{"0":3},"b":{},"_coverageSchema":"1a1c01bbd47fc00a2c39e90264f33305004495a9","hash":"14457c45206ca0936264515b81f843f0e74ac6f9"}
,"/home/pranjhi.singh/Desktop/MobileVista/mobile-app/src/components/FormItem/FormItem.jsx": {"path":"/home/pranjhi.singh/Desktop/MobileVista/mobile-app/src/components/FormItem/FormItem.jsx","statementMap":{"0":{"start":{"line":4,"column":17},"end":{"line":10,"column":2}},"1":{"start":{"line":5,"column":2},"end":{"line":9,"column":4}}},"fnMap":{"0":{"name":"(anonymous_0)","decl":{"start":{"line":4,"column":28},"end":{"line":4,"column":29}},"loc":{"start":{"line":4,"column":44},"end":{"line":10,"column":1}},"line":4}},"branchMap":{},"s":{"0":5,"1":423},"f":{"0":423},"b":{},"_coverageSchema":"1a1c01bbd47fc00a2c39e90264f33305004495a9","hash":"97e40bba661bc7875e248ff6ceca263445ca0fd8"}
,"/home/pranjhi.singh/Desktop/MobileVista/mobile-app/src/components/FormItem/index.js": {"path":"/home/pranjhi.singh/Desktop/MobileVista/mobile-app/src/components/FormItem/index.js","statementMap":{"0":{"start":{"line":3,"column":17},"end":{"line":3,"column":49}},"1":{"start":{"line":3,"column":28},"end":{"line":3,"column":48}}},"fnMap":{"0":{"name":"(anonymous_0)","decl":{"start":{"line":3,"column":22},"end":{"line":3,"column":23}},"loc":{"start":{"line":3,"column":28},"end":{"line":3,"column":48}},"line":3}},"branchMap":{},"s":{"0":14,"1":5},"f":{"0":5},"b":{},"_coverageSchema":"1a1c01bbd47fc00a2c39e90264f33305004495a9","hash":"59befbb9a0c8511011fd405dffef1061c562f29f"}
,"/home/pranjhi.singh/Desktop/MobileVista/mobile-app/src/components/FormList/FormList.jsx": {"path":"/home/pranjhi.singh/Desktop/MobileVista/mobile-app/src/components/FormList/FormList.jsx","statementMap":{"0":{"start":{"line":4,"column":17},"end":{"line":10,"column":2}},"1":{"start":{"line":5,"column":2},"end":{"line":9,"column":4}}},"fnMap":{"0":{"name":"(anonymous_0)","decl":{"start":{"line":4,"column":28},"end":{"line":4,"column":29}},"loc":{"start":{"line":4,"column":44},"end":{"line":10,"column":1}},"line":4}},"branchMap":{},"s":{"0":3,"1":10},"f":{"0":10},"b":{},"_coverageSchema":"1a1c01bbd47fc00a2c39e90264f33305004495a9","hash":"ebb6c469444397c7e074a78f8ec916d011dc900d"}
,"/home/pranjhi.singh/Desktop/MobileVista/mobile-app/src/components/FormList/index.js": {"path":"/home/pranjhi.singh/Desktop/MobileVista/mobile-app/src/components/FormList/index.js","statementMap":{"0":{"start":{"line":3,"column":17},"end":{"line":3,"column":49}},"1":{"start":{"line":3,"column":28},"end":{"line":3,"column":48}}},"fnMap":{"0":{"name":"(anonymous_0)","decl":{"start":{"line":3,"column":22},"end":{"line":3,"column":23}},"loc":{"start":{"line":3,"column":28},"end":{"line":3,"column":48}},"line":3}},"branchMap":{},"s":{"0":14,"1":3},"f":{"0":3},"b":{},"_coverageSchema":"1a1c01bbd47fc00a2c39e90264f33305004495a9","hash":"6d1107df3c29e4f3401b26a66512a8b012136a44"}
,"/home/pranjhi.singh/Desktop/MobileVista/mobile-app/src/components/Icons/Icons.jsx": {"path":"/home/pranjhi.singh/Desktop/MobileVista/mobile-app/src/components/Icons/Icons.jsx","statementMap":{},"fnMap":{},"branchMap":{},"s":{},"f":{},"b":{},"_coverageSchema":"1a1c01bbd47fc00a2c39e90264f33305004495a9","hash":"c2cd9fbf0ea7d65ac104439d7ab7419b13a7628e"}
,"/home/pranjhi.singh/Desktop/MobileVista/mobile-app/src/components/Icons/index.js": {"path":"/home/pranjhi.singh/Desktop/MobileVista/mobile-app/src/components/Icons/index.js","statementMap":{},"fnMap":{},"branchMap":{},"s":{},"f":{},"b":{},"_coverageSchema":"1a1c01bbd47fc00a2c39e90264f33305004495a9","hash":"dc17945754d3127fc9480a34325e6b75bd71d793"}
,"/home/pranjhi.singh/Desktop/MobileVista/mobile-app/src/components/Image/Image.jsx": {"path":"/home/pranjhi.singh/Desktop/MobileVista/mobile-app/src/components/Image/Image.jsx","statementMap":{"0":{"start":{"line":3,"column":14},"end":{"line":6,"column":1}},"1":{"start":{"line":4,"column":4},"end":{"line":4,"column":42}}},"fnMap":{"0":{"name":"(anonymous_0)","decl":{"start":{"line":3,"column":14},"end":{"line":3,"column":15}},"loc":{"start":{"line":3,"column":23},"end":{"line":6,"column":1}},"line":3}},"branchMap":{},"s":{"0":14,"1":54},"f":{"0":54},"b":{},"_coverageSchema":"1a1c01bbd47fc00a2c39e90264f33305004495a9","hash":"31368638b176971d2218d6e774cf8c026c99dc38"}
,"/home/pranjhi.singh/Desktop/MobileVista/mobile-app/src/components/Image/index.js": {"path":"/home/pranjhi.singh/Desktop/MobileVista/mobile-app/src/components/Image/index.js","statementMap":{},"fnMap":{},"branchMap":{},"s":{},"f":{},"b":{},"_coverageSchema":"1a1c01bbd47fc00a2c39e90264f33305004495a9","hash":"2a32605c1d68eb588d9a74dbad4e32d492c687ad"}
,"/home/pranjhi.singh/Desktop/MobileVista/mobile-app/src/components/Input/Input.jsx": {"path":"/home/pranjhi.singh/Desktop/MobileVista/mobile-app/src/components/Input/Input.jsx","statementMap":{"0":{"start":{"line":4,"column":14},"end":{"line":10,"column":2}},"1":{"start":{"line":5,"column":2},"end":{"line":9,"column":4}}},"fnMap":{"0":{"name":"(anonymous_0)","decl":{"start":{"line":4,"column":25},"end":{"line":4,"column":26}},"loc":{"start":{"line":4,"column":41},"end":{"line":10,"column":1}},"line":4}},"branchMap":{},"s":{"0":5,"1":199},"f":{"0":199},"b":{},"_coverageSchema":"1a1c01bbd47fc00a2c39e90264f33305004495a9","hash":"bf1349324211b71abf3bcdfa0a8d3c73f3408519"}
,"/home/pranjhi.singh/Desktop/MobileVista/mobile-app/src/components/Input/index.js": {"path":"/home/pranjhi.singh/Desktop/MobileVista/mobile-app/src/components/Input/index.js","statementMap":{"0":{"start":{"line":3,"column":14},"end":{"line":3,"column":43}},"1":{"start":{"line":3,"column":25},"end":{"line":3,"column":42}}},"fnMap":{"0":{"name":"(anonymous_0)","decl":{"start":{"line":3,"column":19},"end":{"line":3,"column":20}},"loc":{"start":{"line":3,"column":25},"end":{"line":3,"column":42}},"line":3}},"branchMap":{},"s":{"0":14,"1":5},"f":{"0":5},"b":{},"_coverageSchema":"1a1c01bbd47fc00a2c39e90264f33305004495a9","hash":"31a08c4cb3b925707a9230e52d07c777775f3bc9"}
,"/home/pranjhi.singh/Desktop/MobileVista/mobile-app/src/components/InputNumber/InputNumber.jsx": {"path":"/home/pranjhi.singh/Desktop/MobileVista/mobile-app/src/components/InputNumber/InputNumber.jsx","statementMap":{"0":{"start":{"line":4,"column":20},"end":{"line":10,"column":2}},"1":{"start":{"line":5,"column":2},"end":{"line":9,"column":4}}},"fnMap":{"0":{"name":"(anonymous_0)","decl":{"start":{"line":4,"column":31},"end":{"line":4,"column":32}},"loc":{"start":{"line":4,"column":47},"end":{"line":10,"column":1}},"line":4}},"branchMap":{},"s":{"0":3,"1":21},"f":{"0":21},"b":{},"_coverageSchema":"1a1c01bbd47fc00a2c39e90264f33305004495a9","hash":"382202674bfeaa1a92fa0e014bd1e4c040ba7854"}
,"/home/pranjhi.singh/Desktop/MobileVista/mobile-app/src/components/InputNumber/index.js": {"path":"/home/pranjhi.singh/Desktop/MobileVista/mobile-app/src/components/InputNumber/index.js","statementMap":{"0":{"start":{"line":3,"column":20},"end":{"line":3,"column":55}},"1":{"start":{"line":3,"column":31},"end":{"line":3,"column":54}}},"fnMap":{"0":{"name":"(anonymous_0)","decl":{"start":{"line":3,"column":25},"end":{"line":3,"column":26}},"loc":{"start":{"line":3,"column":31},"end":{"line":3,"column":54}},"line":3}},"branchMap":{},"s":{"0":14,"1":3},"f":{"0":3},"b":{},"_coverageSchema":"1a1c01bbd47fc00a2c39e90264f33305004495a9","hash":"858918c3179cbb0f22bfb2673dc641db114a7042"}
,"/home/pranjhi.singh/Desktop/MobileVista/mobile-app/src/components/InputPassword/InputPassword.jsx": {"path":"/home/pranjhi.singh/Desktop/MobileVista/mobile-app/src/components/InputPassword/InputPassword.jsx","statementMap":{"0":{"start":{"line":3,"column":22},"end":{"line":5,"column":1}},"1":{"start":{"line":4,"column":2},"end":{"line":4,"column":39}}},"fnMap":{"0":{"name":"(anonymous_0)","decl":{"start":{"line":3,"column":22},"end":{"line":3,"column":23}},"loc":{"start":{"line":3,"column":33},"end":{"line":5,"column":1}},"line":3}},"branchMap":{},"s":{"0":3,"1":34},"f":{"0":34},"b":{},"_coverageSchema":"1a1c01bbd47fc00a2c39e90264f33305004495a9","hash":"a5d02ef88e2c063e328eec703095be4545bd56d1"}
,"/home/pranjhi.singh/Desktop/MobileVista/mobile-app/src/components/InputPassword/index.js": {"path":"/home/pranjhi.singh/Desktop/MobileVista/mobile-app/src/components/InputPassword/index.js","statementMap":{"0":{"start":{"line":3,"column":22},"end":{"line":3,"column":59}},"1":{"start":{"line":3,"column":33},"end":{"line":3,"column":58}}},"fnMap":{"0":{"name":"(anonymous_0)","decl":{"start":{"line":3,"column":27},"end":{"line":3,"column":28}},"loc":{"start":{"line":3,"column":33},"end":{"line":3,"column":58}},"line":3}},"branchMap":{},"s":{"0":14,"1":3},"f":{"0":3},"b":{},"_coverageSchema":"1a1c01bbd47fc00a2c39e90264f33305004495a9","hash":"97ff64b525840e03759a5521174e79a60541de5f"}
,"/home/pranjhi.singh/Desktop/MobileVista/mobile-app/src/components/Layout/Layout.jsx": {"path":"/home/pranjhi.singh/Desktop/MobileVista/mobile-app/src/components/Layout/Layout.jsx","statementMap":{"0":{"start":{"line":3,"column":15},"end":{"line":5,"column":1}},"1":{"start":{"line":4,"column":2},"end":{"line":4,"column":40}}},"fnMap":{"0":{"name":"(anonymous_0)","decl":{"start":{"line":3,"column":15},"end":{"line":3,"column":16}},"loc":{"start":{"line":3,"column":26},"end":{"line":5,"column":1}},"line":3}},"branchMap":{},"s":{"0":4,"1":66},"f":{"0":66},"b":{},"_coverageSchema":"1a1c01bbd47fc00a2c39e90264f33305004495a9","hash":"5166db925edacd83073a9a2b12d12b7d13db9a42"}
,"/home/pranjhi.singh/Desktop/MobileVista/mobile-app/src/components/Layout/index.js": {"path":"/home/pranjhi.singh/Desktop/MobileVista/mobile-app/src/components/Layout/index.js","statementMap":{"0":{"start":{"line":3,"column":15},"end":{"line":3,"column":45}},"1":{"start":{"line":3,"column":26},"end":{"line":3,"column":44}}},"fnMap":{"0":{"name":"(anonymous_0)","decl":{"start":{"line":3,"column":20},"end":{"line":3,"column":21}},"loc":{"start":{"line":3,"column":26},"end":{"line":3,"column":44}},"line":3}},"branchMap":{},"s":{"0":14,"1":4},"f":{"0":4},"b":{},"_coverageSchema":"1a1c01bbd47fc00a2c39e90264f33305004495a9","hash":"64f20a9c61a5f412b71cc8eb328de07c4d6a6f18"}
,"/home/pranjhi.singh/Desktop/MobileVista/mobile-app/src/components/List/List.jsx": {"path":"/home/pranjhi.singh/Desktop/MobileVista/mobile-app/src/components/List/List.jsx","statementMap":{"0":{"start":{"line":3,"column":13},"end":{"line":5,"column":1}},"1":{"start":{"line":4,"column":2},"end":{"line":4,"column":38}}},"fnMap":{"0":{"name":"(anonymous_0)","decl":{"start":{"line":3,"column":13},"end":{"line":3,"column":14}},"loc":{"start":{"line":3,"column":24},"end":{"line":5,"column":1}},"line":3}},"branchMap":{},"s":{"0":5,"1":27},"f":{"0":27},"b":{},"_coverageSchema":"1a1c01bbd47fc00a2c39e90264f33305004495a9","hash":"34170a054adf0e09a059a7f596d216c76f3945a5"}
,"/home/pranjhi.singh/Desktop/MobileVista/mobile-app/src/components/List/index.js": {"path":"/home/pranjhi.singh/Desktop/MobileVista/mobile-app/src/components/List/index.js","statementMap":{"0":{"start":{"line":3,"column":13},"end":{"line":3,"column":41}},"1":{"start":{"line":3,"column":24},"end":{"line":3,"column":40}}},"fnMap":{"0":{"name":"(anonymous_0)","decl":{"start":{"line":3,"column":18},"end":{"line":3,"column":19}},"loc":{"start":{"line":3,"column":24},"end":{"line":3,"column":40}},"line":3}},"branchMap":{},"s":{"0":14,"1":5},"f":{"0":5},"b":{},"_coverageSchema":"1a1c01bbd47fc00a2c39e90264f33305004495a9","hash":"42124fdb77683c2aad3e4f2c7ae2b278c9e629ee"}
,"/home/pranjhi.singh/Desktop/MobileVista/mobile-app/src/components/ListItem/ListItem.jsx": {"path":"/home/pranjhi.singh/Desktop/MobileVista/mobile-app/src/components/ListItem/ListItem.jsx","statementMap":{"0":{"start":{"line":3,"column":17},"end":{"line":5,"column":1}},"1":{"start":{"line":4,"column":2},"end":{"line":4,"column":34}}},"fnMap":{"0":{"name":"(anonymous_0)","decl":{"start":{"line":3,"column":17},"end":{"line":3,"column":18}},"loc":{"start":{"line":3,"column":28},"end":{"line":5,"column":1}},"line":3}},"branchMap":{},"s":{"0":2,"1":13},"f":{"0":13},"b":{},"_coverageSchema":"1a1c01bbd47fc00a2c39e90264f33305004495a9","hash":"5ec8fdf3aaaa010057415078b097c753f83ef8aa"}
,"/home/pranjhi.singh/Desktop/MobileVista/mobile-app/src/components/ListItem/index.js": {"path":"/home/pranjhi.singh/Desktop/MobileVista/mobile-app/src/components/ListItem/index.js","statementMap":{"0":{"start":{"line":3,"column":17},"end":{"line":3,"column":49}},"1":{"start":{"line":3,"column":28},"end":{"line":3,"column":48}}},"fnMap":{"0":{"name":"(anonymous_0)","decl":{"start":{"line":3,"column":22},"end":{"line":3,"column":23}},"loc":{"start":{"line":3,"column":28},"end":{"line":3,"column":48}},"line":3}},"branchMap":{},"s":{"0":14,"1":2},"f":{"0":2},"b":{},"_coverageSchema":"1a1c01bbd47fc00a2c39e90264f33305004495a9","hash":"8bb63ffea85e1024346eb2a76fd65113866ac70f"}
,"/home/pranjhi.singh/Desktop/MobileVista/mobile-app/src/components/Menu/Menu.jsx": {"path":"/home/pranjhi.singh/Desktop/MobileVista/mobile-app/src/components/Menu/Menu.jsx","statementMap":{"0":{"start":{"line":3,"column":13},"end":{"line":5,"column":1}},"1":{"start":{"line":4,"column":2},"end":{"line":4,"column":38}}},"fnMap":{"0":{"name":"(anonymous_0)","decl":{"start":{"line":3,"column":13},"end":{"line":3,"column":14}},"loc":{"start":{"line":3,"column":24},"end":{"line":5,"column":1}},"line":3}},"branchMap":{},"s":{"0":3,"1":23},"f":{"0":23},"b":{},"_coverageSchema":"1a1c01bbd47fc00a2c39e90264f33305004495a9","hash":"6f0d6a2a293a723aad2caa6b3a2997329b07f2ff"}
,"/home/pranjhi.singh/Desktop/MobileVista/mobile-app/src/components/Menu/index.js": {"path":"/home/pranjhi.singh/Desktop/MobileVista/mobile-app/src/components/Menu/index.js","statementMap":{"0":{"start":{"line":3,"column":14},"end":{"line":3,"column":42}},"1":{"start":{"line":3,"column":25},"end":{"line":3,"column":41}}},"fnMap":{"0":{"name":"(anonymous_0)","decl":{"start":{"line":3,"column":19},"end":{"line":3,"column":20}},"loc":{"start":{"line":3,"column":25},"end":{"line":3,"column":41}},"line":3}},"branchMap":{},"s":{"0":14,"1":3},"f":{"0":3},"b":{},"_coverageSchema":"1a1c01bbd47fc00a2c39e90264f33305004495a9","hash":"32ebea1a30c21f7abba6b6f4a0c98981a4f9d9af"}
,"/home/pranjhi.singh/Desktop/MobileVista/mobile-app/src/components/Popconfirm/Popconfirm.jsx": {"path":"/home/pranjhi.singh/Desktop/MobileVista/mobile-app/src/components/Popconfirm/Popconfirm.jsx","statementMap":{"0":{"start":{"line":3,"column":19},"end":{"line":5,"column":1}},"1":{"start":{"line":4,"column":2},"end":{"line":4,"column":44}}},"fnMap":{"0":{"name":"(anonymous_0)","decl":{"start":{"line":3,"column":19},"end":{"line":3,"column":20}},"loc":{"start":{"line":3,"column":30},"end":{"line":5,"column":1}},"line":3}},"branchMap":{},"s":{"0":2,"1":37},"f":{"0":37},"b":{},"_coverageSchema":"1a1c01bbd47fc00a2c39e90264f33305004495a9","hash":"b2e5b0487e4cc9fcdbe21bdd216f9117ec120d99"}
,"/home/pranjhi.singh/Desktop/MobileVista/mobile-app/src/components/Popconfirm/index.js": {"path":"/home/pranjhi.singh/Desktop/MobileVista/mobile-app/src/components/Popconfirm/index.js","statementMap":{"0":{"start":{"line":3,"column":19},"end":{"line":3,"column":53}},"1":{"start":{"line":3,"column":30},"end":{"line":3,"column":52}}},"fnMap":{"0":{"name":"(anonymous_0)","decl":{"start":{"line":3,"column":24},"end":{"line":3,"column":25}},"loc":{"start":{"line":3,"column":30},"end":{"line":3,"column":52}},"line":3}},"branchMap":{},"s":{"0":14,"1":2},"f":{"0":2},"b":{},"_coverageSchema":"1a1c01bbd47fc00a2c39e90264f33305004495a9","hash":"4c17073a6d484b747f02a19ffac7cd85c51e949e"}
,"/home/pranjhi.singh/Desktop/MobileVista/mobile-app/src/components/Radio/Radio.jsx": {"path":"/home/pranjhi.singh/Desktop/MobileVista/mobile-app/src/components/Radio/Radio.jsx","statementMap":{"0":{"start":{"line":3,"column":14},"end":{"line":5,"column":1}},"1":{"start":{"line":4,"column":2},"end":{"line":4,"column":39}}},"fnMap":{"0":{"name":"(anonymous_0)","decl":{"start":{"line":3,"column":14},"end":{"line":3,"column":15}},"loc":{"start":{"line":3,"column":25},"end":{"line":5,"column":1}},"line":3}},"branchMap":{},"s":{"0":3,"1":56},"f":{"0":56},"b":{},"_coverageSchema":"1a1c01bbd47fc00a2c39e90264f33305004495a9","hash":"b6556405367929c3d842a22f7d093291fb8111ef"}
,"/home/pranjhi.singh/Desktop/MobileVista/mobile-app/src/components/Radio/index.js": {"path":"/home/pranjhi.singh/Desktop/MobileVista/mobile-app/src/components/Radio/index.js","statementMap":{"0":{"start":{"line":3,"column":14},"end":{"line":3,"column":43}},"1":{"start":{"line":3,"column":25},"end":{"line":3,"column":42}}},"fnMap":{"0":{"name":"(anonymous_0)","decl":{"start":{"line":3,"column":19},"end":{"line":3,"column":20}},"loc":{"start":{"line":3,"column":25},"end":{"line":3,"column":42}},"line":3}},"branchMap":{},"s":{"0":14,"1":3},"f":{"0":3},"b":{},"_coverageSchema":"1a1c01bbd47fc00a2c39e90264f33305004495a9","hash":"9d8fb032bebdca3cd0cce8093d2f199c7618e331"}
,"/home/pranjhi.singh/Desktop/MobileVista/mobile-app/src/components/RadioGroup/RadioGroup.jsx": {"path":"/home/pranjhi.singh/Desktop/MobileVista/mobile-app/src/components/RadioGroup/RadioGroup.jsx","statementMap":{"0":{"start":{"line":4,"column":19},"end":{"line":10,"column":2}},"1":{"start":{"line":5,"column":2},"end":{"line":9,"column":4}}},"fnMap":{"0":{"name":"(anonymous_0)","decl":{"start":{"line":4,"column":30},"end":{"line":4,"column":31}},"loc":{"start":{"line":4,"column":46},"end":{"line":10,"column":1}},"line":4}},"branchMap":{},"s":{"0":3,"1":17},"f":{"0":17},"b":{},"_coverageSchema":"1a1c01bbd47fc00a2c39e90264f33305004495a9","hash":"67dc12ee1a9c0b98b80b6af9507cc14109106744"}
,"/home/pranjhi.singh/Desktop/MobileVista/mobile-app/src/components/RadioGroup/index.js": {"path":"/home/pranjhi.singh/Desktop/MobileVista/mobile-app/src/components/RadioGroup/index.js","statementMap":{"0":{"start":{"line":3,"column":19},"end":{"line":3,"column":53}},"1":{"start":{"line":3,"column":30},"end":{"line":3,"column":52}}},"fnMap":{"0":{"name":"(anonymous_0)","decl":{"start":{"line":3,"column":24},"end":{"line":3,"column":25}},"loc":{"start":{"line":3,"column":30},"end":{"line":3,"column":52}},"line":3}},"branchMap":{},"s":{"0":14,"1":3},"f":{"0":3},"b":{},"_coverageSchema":"1a1c01bbd47fc00a2c39e90264f33305004495a9","hash":"c5ebc81a749df6d30636ce5e3b22cc60a656ac4e"}
,"/home/pranjhi.singh/Desktop/MobileVista/mobile-app/src/components/Rate/Rate.jsx": {"path":"/home/pranjhi.singh/Desktop/MobileVista/mobile-app/src/components/Rate/Rate.jsx","statementMap":{"0":{"start":{"line":3,"column":13},"end":{"line":6,"column":1}},"1":{"start":{"line":4,"column":4},"end":{"line":4,"column":41}}},"fnMap":{"0":{"name":"(anonymous_0)","decl":{"start":{"line":3,"column":13},"end":{"line":3,"column":14}},"loc":{"start":{"line":3,"column":22},"end":{"line":6,"column":1}},"line":3}},"branchMap":{},"s":{"0":1,"1":3},"f":{"0":3},"b":{},"_coverageSchema":"1a1c01bbd47fc00a2c39e90264f33305004495a9","hash":"0690798dc6557d4ca5ee2a07a4c8aa396fd3b688"}
,"/home/pranjhi.singh/Desktop/MobileVista/mobile-app/src/components/Rate/index.js": {"path":"/home/pranjhi.singh/Desktop/MobileVista/mobile-app/src/components/Rate/index.js","statementMap":{"0":{"start":{"line":3,"column":13},"end":{"line":3,"column":41}},"1":{"start":{"line":3,"column":24},"end":{"line":3,"column":40}}},"fnMap":{"0":{"name":"(anonymous_0)","decl":{"start":{"line":3,"column":18},"end":{"line":3,"column":19}},"loc":{"start":{"line":3,"column":24},"end":{"line":3,"column":40}},"line":3}},"branchMap":{},"s":{"0":14,"1":1},"f":{"0":1},"b":{},"_coverageSchema":"1a1c01bbd47fc00a2c39e90264f33305004495a9","hash":"a718db7bdc4e5857128c7c2182b7a82bb03c41f8"}
,"/home/pranjhi.singh/Desktop/MobileVista/mobile-app/src/components/Search/Search.jsx": {"path":"/home/pranjhi.singh/Desktop/MobileVista/mobile-app/src/components/Search/Search.jsx","statementMap":{"0":{"start":{"line":3,"column":15},"end":{"line":5,"column":1}},"1":{"start":{"line":4,"column":2},"end":{"line":4,"column":37}}},"fnMap":{"0":{"name":"(anonymous_0)","decl":{"start":{"line":3,"column":15},"end":{"line":3,"column":16}},"loc":{"start":{"line":3,"column":26},"end":{"line":5,"column":1}},"line":3}},"branchMap":{},"s":{"0":3,"1":18},"f":{"0":18},"b":{},"_coverageSchema":"1a1c01bbd47fc00a2c39e90264f33305004495a9","hash":"9d56dd1f3abbe68a6d2a91298a10dd89709c9c5b"}
,"/home/pranjhi.singh/Desktop/MobileVista/mobile-app/src/components/Search/index.js": {"path":"/home/pranjhi.singh/Desktop/MobileVista/mobile-app/src/components/Search/index.js","statementMap":{"0":{"start":{"line":3,"column":15},"end":{"line":3,"column":45}},"1":{"start":{"line":3,"column":26},"end":{"line":3,"column":44}}},"fnMap":{"0":{"name":"(anonymous_0)","decl":{"start":{"line":3,"column":20},"end":{"line":3,"column":21}},"loc":{"start":{"line":3,"column":26},"end":{"line":3,"column":44}},"line":3}},"branchMap":{},"s":{"0":14,"1":3},"f":{"0":3},"b":{},"_coverageSchema":"1a1c01bbd47fc00a2c39e90264f33305004495a9","hash":"fd017774e12df1c17b10c906e7ec4ad8b828e1b8"}
,"/home/pranjhi.singh/Desktop/MobileVista/mobile-app/src/components/Select/Select.jsx": {"path":"/home/pranjhi.singh/Desktop/MobileVista/mobile-app/src/components/Select/Select.jsx","statementMap":{"0":{"start":{"line":4,"column":15},"end":{"line":10,"column":2}},"1":{"start":{"line":5,"column":2},"end":{"line":9,"column":4}}},"fnMap":{"0":{"name":"(anonymous_0)","decl":{"start":{"line":4,"column":26},"end":{"line":4,"column":27}},"loc":{"start":{"line":4,"column":42},"end":{"line":10,"column":1}},"line":4}},"branchMap":{},"s":{"0":6,"1":52},"f":{"0":52},"b":{},"_coverageSchema":"1a1c01bbd47fc00a2c39e90264f33305004495a9","hash":"7a6188d9de02464e7a6c6f04c6a0292b4f4c6f58"}
,"/home/pranjhi.singh/Desktop/MobileVista/mobile-app/src/components/Select/index.js": {"path":"/home/pranjhi.singh/Desktop/MobileVista/mobile-app/src/components/Select/index.js","statementMap":{"0":{"start":{"line":3,"column":15},"end":{"line":3,"column":45}},"1":{"start":{"line":3,"column":26},"end":{"line":3,"column":44}}},"fnMap":{"0":{"name":"(anonymous_0)","decl":{"start":{"line":3,"column":20},"end":{"line":3,"column":21}},"loc":{"start":{"line":3,"column":26},"end":{"line":3,"column":44}},"line":3}},"branchMap":{},"s":{"0":14,"1":6},"f":{"0":6},"b":{},"_coverageSchema":"1a1c01bbd47fc00a2c39e90264f33305004495a9","hash":"d14d54eee2e48049019472c09ef683dd02d90cde"}
,"/home/pranjhi.singh/Desktop/MobileVista/mobile-app/src/components/Sider/Sider.jsx": {"path":"/home/pranjhi.singh/Desktop/MobileVista/mobile-app/src/components/Sider/Sider.jsx","statementMap":{"0":{"start":{"line":3,"column":14},"end":{"line":5,"column":1}},"1":{"start":{"line":4,"column":2},"end":{"line":4,"column":37}}},"fnMap":{"0":{"name":"(anonymous_0)","decl":{"start":{"line":3,"column":14},"end":{"line":3,"column":15}},"loc":{"start":{"line":3,"column":25},"end":{"line":5,"column":1}},"line":3}},"branchMap":{},"s":{"0":4,"1":34},"f":{"0":34},"b":{},"_coverageSchema":"1a1c01bbd47fc00a2c39e90264f33305004495a9","hash":"df0afc3ef0cd8e65a7715c6728647f828a7d5aee"}
,"/home/pranjhi.singh/Desktop/MobileVista/mobile-app/src/components/Sider/index.js": {"path":"/home/pranjhi.singh/Desktop/MobileVista/mobile-app/src/components/Sider/index.js","statementMap":{"0":{"start":{"line":3,"column":14},"end":{"line":3,"column":43}},"1":{"start":{"line":3,"column":25},"end":{"line":3,"column":42}}},"fnMap":{"0":{"name":"(anonymous_0)","decl":{"start":{"line":3,"column":19},"end":{"line":3,"column":20}},"loc":{"start":{"line":3,"column":25},"end":{"line":3,"column":42}},"line":3}},"branchMap":{},"s":{"0":14,"1":4},"f":{"0":4},"b":{},"_coverageSchema":"1a1c01bbd47fc00a2c39e90264f33305004495a9","hash":"f10a38070b74ec7423ff21f1f46206e66b092907"}
,"/home/pranjhi.singh/Desktop/MobileVista/mobile-app/src/components/Slider/Slider.jsx": {"path":"/home/pranjhi.singh/Desktop/MobileVista/mobile-app/src/components/Slider/Slider.jsx","statementMap":{"0":{"start":{"line":3,"column":15},"end":{"line":5,"column":1}},"1":{"start":{"line":4,"column":2},"end":{"line":4,"column":40}}},"fnMap":{"0":{"name":"(anonymous_0)","decl":{"start":{"line":3,"column":15},"end":{"line":3,"column":16}},"loc":{"start":{"line":3,"column":26},"end":{"line":5,"column":1}},"line":3}},"branchMap":{},"s":{"0":3,"1":18},"f":{"0":18},"b":{},"_coverageSchema":"1a1c01bbd47fc00a2c39e90264f33305004495a9","hash":"9b229d59eaeed23b4d4c9ec6a51703df2a4d0a23"}
,"/home/pranjhi.singh/Desktop/MobileVista/mobile-app/src/components/Slider/index.js": {"path":"/home/pranjhi.singh/Desktop/MobileVista/mobile-app/src/components/Slider/index.js","statementMap":{"0":{"start":{"line":3,"column":15},"end":{"line":3,"column":45}},"1":{"start":{"line":3,"column":26},"end":{"line":3,"column":44}}},"fnMap":{"0":{"name":"(anonymous_0)","decl":{"start":{"line":3,"column":20},"end":{"line":3,"column":21}},"loc":{"start":{"line":3,"column":26},"end":{"line":3,"column":44}},"line":3}},"branchMap":{},"s":{"0":14,"1":3},"f":{"0":3},"b":{},"_coverageSchema":"1a1c01bbd47fc00a2c39e90264f33305004495a9","hash":"c940ff1f2ddaf4a5a0ca4d3c23afa5113886ed1b"}
,"/home/pranjhi.singh/Desktop/MobileVista/mobile-app/src/components/Space/Space.jsx": {"path":"/home/pranjhi.singh/Desktop/MobileVista/mobile-app/src/components/Space/Space.jsx","statementMap":{"0":{"start":{"line":3,"column":14},"end":{"line":5,"column":1}},"1":{"start":{"line":4,"column":2},"end":{"line":4,"column":39}}},"fnMap":{"0":{"name":"(anonymous_0)","decl":{"start":{"line":3,"column":14},"end":{"line":3,"column":15}},"loc":{"start":{"line":3,"column":25},"end":{"line":5,"column":1}},"line":3}},"branchMap":{},"s":{"0":5,"1":80},"f":{"0":80},"b":{},"_coverageSchema":"1a1c01bbd47fc00a2c39e90264f33305004495a9","hash":"a59aad46a9e918c7d1ad855f1d7d85a9b5e63421"}
,"/home/pranjhi.singh/Desktop/MobileVista/mobile-app/src/components/Space/index.js": {"path":"/home/pranjhi.singh/Desktop/MobileVista/mobile-app/src/components/Space/index.js","statementMap":{"0":{"start":{"line":3,"column":14},"end":{"line":3,"column":43}},"1":{"start":{"line":3,"column":25},"end":{"line":3,"column":42}}},"fnMap":{"0":{"name":"(anonymous_0)","decl":{"start":{"line":3,"column":19},"end":{"line":3,"column":20}},"loc":{"start":{"line":3,"column":25},"end":{"line":3,"column":42}},"line":3}},"branchMap":{},"s":{"0":14,"1":5},"f":{"0":5},"b":{},"_coverageSchema":"1a1c01bbd47fc00a2c39e90264f33305004495a9","hash":"a55addd0cbaa303e57ef3a6ef783eb8bd9350672"}
,"/home/pranjhi.singh/Desktop/MobileVista/mobile-app/src/components/Spin/Spin.jsx": {"path":"/home/pranjhi.singh/Desktop/MobileVista/mobile-app/src/components/Spin/Spin.jsx","statementMap":{"0":{"start":{"line":3,"column":13},"end":{"line":5,"column":1}},"1":{"start":{"line":4,"column":2},"end":{"line":4,"column":38}}},"fnMap":{"0":{"name":"(anonymous_0)","decl":{"start":{"line":3,"column":13},"end":{"line":3,"column":14}},"loc":{"start":{"line":3,"column":24},"end":{"line":5,"column":1}},"line":3}},"branchMap":{},"s":{"0":5,"1":28},"f":{"0":28},"b":{},"_coverageSchema":"1a1c01bbd47fc00a2c39e90264f33305004495a9","hash":"f7b1d2923dd50536c3ff456e837981fe13678ec4"}
,"/home/pranjhi.singh/Desktop/MobileVista/mobile-app/src/components/Spin/index.js": {"path":"/home/pranjhi.singh/Desktop/MobileVista/mobile-app/src/components/Spin/index.js","statementMap":{"0":{"start":{"line":3,"column":13},"end":{"line":3,"column":41}},"1":{"start":{"line":3,"column":24},"end":{"line":3,"column":40}}},"fnMap":{"0":{"name":"(anonymous_0)","decl":{"start":{"line":3,"column":18},"end":{"line":3,"column":19}},"loc":{"start":{"line":3,"column":24},"end":{"line":3,"column":40}},"line":3}},"branchMap":{},"s":{"0":14,"1":5},"f":{"0":5},"b":{},"_coverageSchema":"1a1c01bbd47fc00a2c39e90264f33305004495a9","hash":"22091a4b740aecaf45d5c4007f1235b04ab0e05c"}
,"/home/pranjhi.singh/Desktop/MobileVista/mobile-app/src/components/Switch/Switch.jsx": {"path":"/home/pranjhi.singh/Desktop/MobileVista/mobile-app/src/components/Switch/Switch.jsx","statementMap":{"0":{"start":{"line":3,"column":15},"end":{"line":5,"column":1}},"1":{"start":{"line":4,"column":2},"end":{"line":4,"column":40}}},"fnMap":{"0":{"name":"(anonymous_0)","decl":{"start":{"line":3,"column":15},"end":{"line":3,"column":16}},"loc":{"start":{"line":3,"column":26},"end":{"line":5,"column":1}},"line":3}},"branchMap":{},"s":{"0":2,"1":13},"f":{"0":13},"b":{},"_coverageSchema":"1a1c01bbd47fc00a2c39e90264f33305004495a9","hash":"274512b31a08f615ec2a2cd8a2586289544cda81"}
,"/home/pranjhi.singh/Desktop/MobileVista/mobile-app/src/components/Switch/index.js": {"path":"/home/pranjhi.singh/Desktop/MobileVista/mobile-app/src/components/Switch/index.js","statementMap":{"0":{"start":{"line":3,"column":16},"end":{"line":3,"column":46}},"1":{"start":{"line":3,"column":27},"end":{"line":3,"column":45}}},"fnMap":{"0":{"name":"(anonymous_0)","decl":{"start":{"line":3,"column":21},"end":{"line":3,"column":22}},"loc":{"start":{"line":3,"column":27},"end":{"line":3,"column":45}},"line":3}},"branchMap":{},"s":{"0":2,"1":2},"f":{"0":2},"b":{},"_coverageSchema":"1a1c01bbd47fc00a2c39e90264f33305004495a9","hash":"9d72cb1f93e255e103c52647a9f3050698c69043"}
,"/home/pranjhi.singh/Desktop/MobileVista/mobile-app/src/components/Table/Table.jsx": {"path":"/home/pranjhi.singh/Desktop/MobileVista/mobile-app/src/components/Table/Table.jsx","statementMap":{"0":{"start":{"line":3,"column":14},"end":{"line":5,"column":1}},"1":{"start":{"line":4,"column":2},"end":{"line":4,"column":39}}},"fnMap":{"0":{"name":"(anonymous_0)","decl":{"start":{"line":3,"column":14},"end":{"line":3,"column":15}},"loc":{"start":{"line":3,"column":25},"end":{"line":5,"column":1}},"line":3}},"branchMap":{},"s":{"0":1,"1":1},"f":{"0":1},"b":{},"_coverageSchema":"1a1c01bbd47fc00a2c39e90264f33305004495a9","hash":"59a2ff295bc85ffbdafcfcbcbb59cb3db9b0bddb"}
,"/home/pranjhi.singh/Desktop/MobileVista/mobile-app/src/components/Table/index.js": {"path":"/home/pranjhi.singh/Desktop/MobileVista/mobile-app/src/components/Table/index.js","statementMap":{"0":{"start":{"line":3,"column":14},"end":{"line":3,"column":43}},"1":{"start":{"line":3,"column":25},"end":{"line":3,"column":42}}},"fnMap":{"0":{"name":"(anonymous_0)","decl":{"start":{"line":3,"column":19},"end":{"line":3,"column":20}},"loc":{"start":{"line":3,"column":25},"end":{"line":3,"column":42}},"line":3}},"branchMap":{},"s":{"0":14,"1":1},"f":{"0":1},"b":{},"_coverageSchema":"1a1c01bbd47fc00a2c39e90264f33305004495a9","hash":"40e50ca6da9c2879681fab153ecc5e491c522686"}
,"/home/pranjhi.singh/Desktop/MobileVista/mobile-app/src/components/Text/Text.jsx": {"path":"/home/pranjhi.singh/Desktop/MobileVista/mobile-app/src/components/Text/Text.jsx","statementMap":{"0":{"start":{"line":3,"column":13},"end":{"line":5,"column":1}},"1":{"start":{"line":4,"column":2},"end":{"line":4,"column":40}}},"fnMap":{"0":{"name":"(anonymous_0)","decl":{"start":{"line":3,"column":13},"end":{"line":3,"column":14}},"loc":{"start":{"line":3,"column":24},"end":{"line":5,"column":1}},"line":3}},"branchMap":{},"s":{"0":3,"1":20},"f":{"0":20},"b":{},"_coverageSchema":"1a1c01bbd47fc00a2c39e90264f33305004495a9","hash":"c7d5df05766d0eb14ddf4b246bf89fd8fde4cca7"}
,"/home/pranjhi.singh/Desktop/MobileVista/mobile-app/src/components/Text/index.js": {"path":"/home/pranjhi.singh/Desktop/MobileVista/mobile-app/src/components/Text/index.js","statementMap":{"0":{"start":{"line":3,"column":13},"end":{"line":3,"column":41}},"1":{"start":{"line":3,"column":24},"end":{"line":3,"column":40}}},"fnMap":{"0":{"name":"(anonymous_0)","decl":{"start":{"line":3,"column":18},"end":{"line":3,"column":19}},"loc":{"start":{"line":3,"column":24},"end":{"line":3,"column":40}},"line":3}},"branchMap":{},"s":{"0":14,"1":3},"f":{"0":3},"b":{},"_coverageSchema":"1a1c01bbd47fc00a2c39e90264f33305004495a9","hash":"29a92d2b537542a7463ae7f3c0e8a9b6aa2603c4"}
,"/home/pranjhi.singh/Desktop/MobileVista/mobile-app/src/modules/Dashboard/DashContext.jsx": {"path":"/home/pranjhi.singh/Desktop/MobileVista/mobile-app/src/modules/Dashboard/DashContext.jsx","statementMap":{"0":{"start":{"line":3,"column":32},"end":{"line":3,"column":47}},"1":{"start":{"line":5,"column":25},"end":{"line":16,"column":1}},"2":{"start":{"line":6,"column":60},"end":{"line":6,"column":79}},"3":{"start":{"line":7,"column":23},"end":{"line":9,"column":55}},"4":{"start":{"line":8,"column":4},"end":{"line":8,"column":63}},"5":{"start":{"line":11,"column":2},"end":{"line":15,"column":4}}},"fnMap":{"0":{"name":"(anonymous_0)","decl":{"start":{"line":5,"column":25},"end":{"line":5,"column":26}},"loc":{"start":{"line":5,"column":43},"end":{"line":16,"column":1}},"line":5},"1":{"name":"(anonymous_1)","decl":{"start":{"line":7,"column":31},"end":{"line":7,"column":32}},"loc":{"start":{"line":7,"column":37},"end":{"line":9,"column":3}},"line":7}},"branchMap":{},"s":{"0":3,"1":3,"2":23,"3":23,"4":23,"5":23},"f":{"0":23,"1":23},"b":{},"_coverageSchema":"1a1c01bbd47fc00a2c39e90264f33305004495a9","hash":"1c2fa9d2aeebdcb238b17260ff546e0cc052d41b"}
,"/home/pranjhi.singh/Desktop/MobileVista/mobile-app/src/modules/Dashboard/Dashboard.jsx": {"path":"/home/pranjhi.singh/Desktop/MobileVista/mobile-app/src/modules/Dashboard/Dashboard.jsx","statementMap":{"0":{"start":{"line":18,"column":21},"end":{"line":22,"column":1}},"1":{"start":{"line":24,"column":18},"end":{"line":105,"column":1}},"2":{"start":{"line":25,"column":28},"end":{"line":25,"column":44}},"3":{"start":{"line":26,"column":30},"end":{"line":26,"column":63}},"4":{"start":{"line":29,"column":4},"end":{"line":29,"column":32}},"5":{"start":{"line":32,"column":22},"end":{"line":34,"column":3}},"6":{"start":{"line":33,"column":4},"end":{"line":33,"column":39}},"7":{"start":{"line":36,"column":23},"end":{"line":39,"column":3}},"8":{"start":{"line":37,"column":4},"end":{"line":37,"column":25}},"9":{"start":{"line":38,"column":4},"end":{"line":38,"column":29}},"10":{"start":{"line":41,"column":22},"end":{"line":66,"column":3}},"11":{"start":{"line":68,"column":2},"end":{"line":104,"column":4}},"12":{"start":{"line":77,"column":26},"end":{"line":77,"column":57}}},"fnMap":{"0":{"name":"(anonymous_0)","decl":{"start":{"line":24,"column":18},"end":{"line":24,"column":19}},"loc":{"start":{"line":24,"column":24},"end":{"line":105,"column":1}},"line":24},"1":{"name":"(anonymous_1)","decl":{"start":{"line":32,"column":22},"end":{"line":32,"column":23}},"loc":{"start":{"line":32,"column":33},"end":{"line":34,"column":3}},"line":32},"2":{"name":"(anonymous_2)","decl":{"start":{"line":36,"column":23},"end":{"line":36,"column":24}},"loc":{"start":{"line":36,"column":29},"end":{"line":39,"column":3}},"line":36},"3":{"name":"(anonymous_3)","decl":{"start":{"line":77,"column":19},"end":{"line":77,"column":20}},"loc":{"start":{"line":77,"column":26},"end":{"line":77,"column":57}},"line":77}},"branchMap":{"0":{"loc":{"start":{"line":33,"column":13},"end":{"line":33,"column":37}},"type":"cond-expr","locations":[{"start":{"line":33,"column":21},"end":{"line":33,"column":27}},{"start":{"line":33,"column":30},"end":{"line":33,"column":37}}],"line":33},"1":{"loc":{"start":{"line":59,"column":13},"end":{"line":63,"column":7}},"type":"cond-expr","locations":[{"start":{"line":60,"column":8},"end":{"line":60,"column":67}},{"start":{"line":62,"column":8},"end":{"line":62,"column":57}}],"line":59}},"s":{"0":2,"1":2,"2":18,"3":17,"4":17,"5":17,"6":2,"7":17,"8":0,"9":0,"10":17,"11":17,"12":2},"f":{"0":18,"1":2,"2":0,"3":2},"b":{"0":[1,1],"1":[0,17]},"_coverageSchema":"1a1c01bbd47fc00a2c39e90264f33305004495a9","hash":"d24f48130412825eafa0d7375b09d8dd0b0b3258"}
,"/home/pranjhi.singh/Desktop/MobileVista/mobile-app/src/modules/Dashboard/Slideshow.jsx": {"path":"/home/pranjhi.singh/Desktop/MobileVista/mobile-app/src/modules/Dashboard/Slideshow.jsx","statementMap":{"0":{"start":{"line":4,"column":15},"end":{"line":13,"column":1}},"1":{"start":{"line":15,"column":18},"end":{"line":59,"column":1}},"2":{"start":{"line":16,"column":2},"end":{"line":58,"column":4}},"3":{"start":{"line":46,"column":12},"end":{"line":53,"column":18}}},"fnMap":{"0":{"name":"(anonymous_0)","decl":{"start":{"line":15,"column":18},"end":{"line":15,"column":19}},"loc":{"start":{"line":15,"column":24},"end":{"line":59,"column":1}},"line":15},"1":{"name":"(anonymous_1)","decl":{"start":{"line":45,"column":22},"end":{"line":45,"column":23}},"loc":{"start":{"line":46,"column":12},"end":{"line":53,"column":18}},"line":46}},"branchMap":{},"s":{"0":3,"1":3,"2":3,"3":24},"f":{"0":3,"1":24},"b":{},"_coverageSchema":"1a1c01bbd47fc00a2c39e90264f33305004495a9","hash":"908b6852ffcc5454827ab6796ac12d8ea4036fed"}
,"/home/pranjhi.singh/Desktop/MobileVista/mobile-app/src/modules/Dashboard/index.js": {"path":"/home/pranjhi.singh/Desktop/MobileVista/mobile-app/src/modules/Dashboard/index.js","statementMap":{"0":{"start":{"line":2,"column":18},"end":{"line":2,"column":51}},"1":{"start":{"line":2,"column":29},"end":{"line":2,"column":50}},"2":{"start":{"line":3,"column":25},"end":{"line":3,"column":61}},"3":{"start":{"line":3,"column":36},"end":{"line":3,"column":60}}},"fnMap":{"0":{"name":"(anonymous_0)","decl":{"start":{"line":2,"column":23},"end":{"line":2,"column":24}},"loc":{"start":{"line":2,"column":29},"end":{"line":2,"column":50}},"line":2},"1":{"name":"(anonymous_1)","decl":{"start":{"line":3,"column":30},"end":{"line":3,"column":31}},"loc":{"start":{"line":3,"column":36},"end":{"line":3,"column":60}},"line":3}},"branchMap":{},"s":{"0":2,"1":1,"2":2,"3":2},"f":{"0":1,"1":2},"b":{},"_coverageSchema":"1a1c01bbd47fc00a2c39e90264f33305004495a9","hash":"f8ab2d68fc8d14906cbc0180c8009dc4415b71be"}
,"/home/pranjhi.singh/Desktop/MobileVista/mobile-app/src/modules/User/index.js": {"path":"/home/pranjhi.singh/Desktop/MobileVista/mobile-app/src/modules/User/index.js","statementMap":{},"fnMap":{},"branchMap":{},"s":{},"f":{},"b":{},"_coverageSchema":"1a1c01bbd47fc00a2c39e90264f33305004495a9","hash":"8986907281818588aa09d8c86005ce22f3622331"}
,"/home/pranjhi.singh/Desktop/MobileVista/mobile-app/src/modules/User/Authentication/Context.jsx": {"path":"/home/pranjhi.singh/Desktop/MobileVista/mobile-app/src/modules/User/Authentication/Context.jsx","statementMap":{"0":{"start":{"line":2,"column":37},"end":{"line":2,"column":52}},"1":{"start":{"line":3,"column":20},"end":{"line":15,"column":1}},"2":{"start":{"line":4,"column":48},"end":{"line":4,"column":63}},"3":{"start":{"line":5,"column":34},"end":{"line":5,"column":46}},"4":{"start":{"line":6,"column":23},"end":{"line":9,"column":3}},"5":{"start":{"line":7,"column":11},"end":{"line":7,"column":73}},"6":{"start":{"line":10,"column":2},"end":{"line":14,"column":4}}},"fnMap":{"0":{"name":"(anonymous_0)","decl":{"start":{"line":3,"column":20},"end":{"line":3,"column":21}},"loc":{"start":{"line":3,"column":38},"end":{"line":15,"column":1}},"line":3},"1":{"name":"(anonymous_1)","decl":{"start":{"line":7,"column":4},"end":{"line":7,"column":5}},"loc":{"start":{"line":7,"column":11},"end":{"line":7,"column":73}},"line":7}},"branchMap":{},"s":{"0":7,"1":7,"2":50,"3":50,"4":50,"5":50,"6":50},"f":{"0":50,"1":50},"b":{},"_coverageSchema":"1a1c01bbd47fc00a2c39e90264f33305004495a9","hash":"0f27fd5ca4210fb02c6c2392f696165c260302ba"}
,"/home/pranjhi.singh/Desktop/MobileVista/mobile-app/src/modules/User/Authentication/index.js": {"path":"/home/pranjhi.singh/Desktop/MobileVista/mobile-app/src/modules/User/Authentication/index.js","statementMap":{"0":{"start":{"line":3,"column":20},"end":{"line":3,"column":51}},"1":{"start":{"line":3,"column":31},"end":{"line":3,"column":50}}},"fnMap":{"0":{"name":"(anonymous_0)","decl":{"start":{"line":3,"column":25},"end":{"line":3,"column":26}},"loc":{"start":{"line":3,"column":31},"end":{"line":3,"column":50}},"line":3}},"branchMap":{},"s":{"0":7,"1":7},"f":{"0":7},"b":{},"_coverageSchema":"1a1c01bbd47fc00a2c39e90264f33305004495a9","hash":"f89345be384334ca54086b3025766225aa2576ec"}
,"/home/pranjhi.singh/Desktop/MobileVista/mobile-app/src/modules/User/LoginPage/Login.jsx": {"path":"/home/pranjhi.singh/Desktop/MobileVista/mobile-app/src/modules/User/LoginPage/Login.jsx","statementMap":{"0":{"start":{"line":10,"column":18},"end":{"line":10,"column":28}},"1":{"start":{"line":12,"column":14},"end":{"line":111,"column":1}},"2":{"start":{"line":13,"column":19},"end":{"line":13,"column":32}},"3":{"start":{"line":14,"column":38},"end":{"line":14,"column":58}},"4":{"start":{"line":15,"column":30},"end":{"line":15,"column":63}},"5":{"start":{"line":17,"column":39},"end":{"line":17,"column":67}},"6":{"start":{"line":19,"column":25},"end":{"line":24,"column":3}},"7":{"start":{"line":20,"column":4},"end":{"line":23,"column":7}},"8":{"start":{"line":26,"column":19},"end":{"line":46,"column":3}},"9":{"start":{"line":27,"column":4},"end":{"line":27,"column":53}},"10":{"start":{"line":29,"column":20},"end":{"line":33,"column":5}},"11":{"start":{"line":35,"column":4},"end":{"line":45,"column":5}},"12":{"start":{"line":36,"column":23},"end":{"line":36,"column":57}},"13":{"start":{"line":37,"column":6},"end":{"line":37,"column":57}},"14":{"start":{"line":39,"column":6},"end":{"line":39,"column":65}},"15":{"start":{"line":40,"column":6},"end":{"line":40,"column":42}},"16":{"start":{"line":41,"column":6},"end":{"line":41,"column":31}},"17":{"start":{"line":42,"column":6},"end":{"line":42,"column":29}},"18":{"start":{"line":44,"column":6},"end":{"line":44,"column":66}},"19":{"start":{"line":48,"column":2},"end":{"line":50,"column":9}},"20":{"start":{"line":49,"column":4},"end":{"line":49,"column":40}},"21":{"start":{"line":51,"column":2},"end":{"line":53,"column":3}},"22":{"start":{"line":52,"column":4},"end":{"line":52,"column":48}},"23":{"start":{"line":54,"column":2},"end":{"line":110,"column":4}}},"fnMap":{"0":{"name":"(anonymous_0)","decl":{"start":{"line":12,"column":14},"end":{"line":12,"column":15}},"loc":{"start":{"line":12,"column":20},"end":{"line":111,"column":1}},"line":12},"1":{"name":"(anonymous_1)","decl":{"start":{"line":19,"column":25},"end":{"line":19,"column":26}},"loc":{"start":{"line":19,"column":48},"end":{"line":24,"column":3}},"line":19},"2":{"name":"(anonymous_2)","decl":{"start":{"line":26,"column":19},"end":{"line":26,"column":20}},"loc":{"start":{"line":26,"column":37},"end":{"line":46,"column":3}},"line":26},"3":{"name":"(anonymous_3)","decl":{"start":{"line":48,"column":12},"end":{"line":48,"column":13}},"loc":{"start":{"line":48,"column":18},"end":{"line":50,"column":3}},"line":48}},"branchMap":{"0":{"loc":{"start":{"line":51,"column":2},"end":{"line":53,"column":3}},"type":"if","locations":[{"start":{"line":51,"column":2},"end":{"line":53,"column":3}},{"start":{},"end":{}}],"line":51}},"s":{"0":2,"1":2,"2":16,"3":14,"4":14,"5":14,"6":14,"7":4,"8":14,"9":4,"10":4,"11":4,"12":4,"13":2,"14":2,"15":2,"16":2,"17":2,"18":2,"19":14,"20":7,"21":14,"22":0,"23":14},"f":{"0":16,"1":4,"2":4,"3":7},"b":{"0":[0,14]},"_coverageSchema":"1a1c01bbd47fc00a2c39e90264f33305004495a9","hash":"c5935fd4fcc97b484a5ca1a6f0354aef952d3db2"}
,"/home/pranjhi.singh/Desktop/MobileVista/mobile-app/src/modules/User/LoginPage/index.js": {"path":"/home/pranjhi.singh/Desktop/MobileVista/mobile-app/src/modules/User/LoginPage/index.js","statementMap":{"0":{"start":{"line":3,"column":14},"end":{"line":3,"column":43}},"1":{"start":{"line":3,"column":25},"end":{"line":3,"column":42}}},"fnMap":{"0":{"name":"(anonymous_0)","decl":{"start":{"line":3,"column":19},"end":{"line":3,"column":20}},"loc":{"start":{"line":3,"column":25},"end":{"line":3,"column":42}},"line":3}},"branchMap":{},"s":{"0":3,"1":2},"f":{"0":2},"b":{},"_coverageSchema":"1a1c01bbd47fc00a2c39e90264f33305004495a9","hash":"6bc1df88451ddf83d7687de9114f3fb93a98bb17"}
,"/home/pranjhi.singh/Desktop/MobileVista/mobile-app/src/modules/User/RegisterPage/Register.jsx": {"path":"/home/pranjhi.singh/Desktop/MobileVista/mobile-app/src/modules/User/RegisterPage/Register.jsx","statementMap":{"0":{"start":{"line":17,"column":19},"end":{"line":17,"column":25}},"1":{"start":{"line":19,"column":23},"end":{"line":28,"column":1}},"2":{"start":{"line":30,"column":27},"end":{"line":41,"column":1}},"3":{"start":{"line":43,"column":17},"end":{"line":234,"column":1}},"4":{"start":{"line":44,"column":30},"end":{"line":44,"column":63}},"5":{"start":{"line":46,"column":19},"end":{"line":66,"column":3}},"6":{"start":{"line":47,"column":4},"end":{"line":47,"column":53}},"7":{"start":{"line":49,"column":20},"end":{"line":53,"column":5}},"8":{"start":{"line":55,"column":4},"end":{"line":55,"column":32}},"9":{"start":{"line":56,"column":4},"end":{"line":56,"column":31}},"10":{"start":{"line":58,"column":4},"end":{"line":65,"column":5}},"11":{"start":{"line":59,"column":23},"end":{"line":59,"column":57}},"12":{"start":{"line":60,"column":6},"end":{"line":60,"column":41}},"13":{"start":{"line":61,"column":6},"end":{"line":61,"column":70}},"14":{"start":{"line":63,"column":6},"end":{"line":63,"column":49}},"15":{"start":{"line":64,"column":6},"end":{"line":64,"column":36}},"16":{"start":{"line":69,"column":4},"end":{"line":74,"column":15}},"17":{"start":{"line":77,"column":2},"end":{"line":79,"column":3}},"18":{"start":{"line":78,"column":4},"end":{"line":78,"column":48}},"19":{"start":{"line":80,"column":2},"end":{"line":233,"column":4}},"20":{"start":{"line":151,"column":40},"end":{"line":162,"column":17}},"21":{"start":{"line":153,"column":20},"end":{"line":155,"column":21}},"22":{"start":{"line":154,"column":22},"end":{"line":154,"column":47}},"23":{"start":{"line":156,"column":20},"end":{"line":160,"column":22}}},"fnMap":{"0":{"name":"(anonymous_0)","decl":{"start":{"line":43,"column":17},"end":{"line":43,"column":18}},"loc":{"start":{"line":43,"column":23},"end":{"line":234,"column":1}},"line":43},"1":{"name":"(anonymous_1)","decl":{"start":{"line":46,"column":19},"end":{"line":46,"column":20}},"loc":{"start":{"line":46,"column":37},"end":{"line":66,"column":3}},"line":46},"2":{"name":"(anonymous_2)","decl":{"start":{"line":151,"column":16},"end":{"line":151,"column":17}},"loc":{"start":{"line":151,"column":40},"end":{"line":162,"column":17}},"line":151},"3":{"name":"(anonymous_3)","decl":{"start":{"line":152,"column":18},"end":{"line":152,"column":19}},"loc":{"start":{"line":152,"column":38},"end":{"line":161,"column":19}},"line":152}},"branchMap":{"0":{"loc":{"start":{"line":77,"column":2},"end":{"line":79,"column":3}},"type":"if","locations":[{"start":{"line":77,"column":2},"end":{"line":79,"column":3}},{"start":{},"end":{}}],"line":77},"1":{"loc":{"start":{"line":153,"column":20},"end":{"line":155,"column":21}},"type":"if","locations":[{"start":{"line":153,"column":20},"end":{"line":155,"column":21}},{"start":{},"end":{}}],"line":153},"2":{"loc":{"start":{"line":153,"column":24},"end":{"line":153,"column":69}},"type":"binary-expr","locations":[{"start":{"line":153,"column":24},"end":{"line":153,"column":30}},{"start":{"line":153,"column":34},"end":{"line":153,"column":69}}],"line":153}},"s":{"0":1,"1":1,"2":1,"3":1,"4":10,"5":9,"6":2,"7":2,"8":2,"9":2,"10":2,"11":2,"12":1,"13":1,"14":1,"15":1,"16":9,"17":9,"18":0,"19":9,"20":7,"21":7,"22":5,"23":2},"f":{"0":10,"1":2,"2":7,"3":7},"b":{"0":[0,9],"1":[5,2],"2":[7,7]},"_coverageSchema":"1a1c01bbd47fc00a2c39e90264f33305004495a9","hash":"9eb8b4a4fdea446838c0189ad314447edf302f7a"}
,"/home/pranjhi.singh/Desktop/MobileVista/mobile-app/src/modules/User/RegisterPage/index.js": {"path":"/home/pranjhi.singh/Desktop/MobileVista/mobile-app/src/modules/User/RegisterPage/index.js","statementMap":{"0":{"start":{"line":3,"column":17},"end":{"line":3,"column":49}},"1":{"start":{"line":3,"column":28},"end":{"line":3,"column":48}}},"fnMap":{"0":{"name":"(anonymous_0)","decl":{"start":{"line":3,"column":22},"end":{"line":3,"column":23}},"loc":{"start":{"line":3,"column":28},"end":{"line":3,"column":48}},"line":3}},"branchMap":{},"s":{"0":3,"1":1},"f":{"0":1},"b":{},"_coverageSchema":"1a1c01bbd47fc00a2c39e90264f33305004495a9","hash":"b6e5d917e884af563a5de85cf3993d0f28f7d2a4"}
,"/home/pranjhi.singh/Desktop/MobileVista/mobile-app/src/modules/mobiles/index.js": {"path":"/home/pranjhi.singh/Desktop/MobileVista/mobile-app/src/modules/mobiles/index.js","statementMap":{},"fnMap":{},"branchMap":{},"s":{},"f":{},"b":{},"_coverageSchema":"1a1c01bbd47fc00a2c39e90264f33305004495a9","hash":"a5d243f561417a43444f194752a49a2e6eb44d5c"}
,"/home/pranjhi.singh/Desktop/MobileVista/mobile-app/src/modules/mobiles/Edit/Edit.jsx": {"path":"/home/pranjhi.singh/Desktop/MobileVista/mobile-app/src/modules/mobiles/Edit/Edit.jsx","statementMap":{"0":{"start":{"line":8,"column":13},"end":{"line":48,"column":1}},"1":{"start":{"line":9,"column":17},"end":{"line":9,"column":28}},"2":{"start":{"line":10,"column":2},"end":{"line":10,"column":25}},"3":{"start":{"line":12,"column":30},"end":{"line":12,"column":42}},"4":{"start":{"line":13,"column":23},"end":{"line":13,"column":56}},"5":{"start":{"line":15,"column":2},"end":{"line":15,"column":27}},"6":{"start":{"line":17,"column":2},"end":{"line":30,"column":11}},"7":{"start":{"line":18,"column":22},"end":{"line":28,"column":5}},"8":{"start":{"line":19,"column":6},"end":{"line":27,"column":7}},"9":{"start":{"line":20,"column":25},"end":{"line":20,"column":60}},"10":{"start":{"line":21,"column":27},"end":{"line":21,"column":45}},"11":{"start":{"line":22,"column":8},"end":{"line":22,"column":38}},"12":{"start":{"line":23,"column":8},"end":{"line":23,"column":46}},"13":{"start":{"line":24,"column":8},"end":{"line":24,"column":30}},"14":{"start":{"line":26,"column":8},"end":{"line":26,"column":35}},"15":{"start":{"line":29,"column":4},"end":{"line":29,"column":16}},"16":{"start":{"line":31,"column":2},"end":{"line":33,"column":3}},"17":{"start":{"line":32,"column":4},"end":{"line":32,"column":25}},"18":{"start":{"line":34,"column":2},"end":{"line":47,"column":4}}},"fnMap":{"0":{"name":"(anonymous_0)","decl":{"start":{"line":8,"column":13},"end":{"line":8,"column":14}},"loc":{"start":{"line":8,"column":19},"end":{"line":48,"column":1}},"line":8},"1":{"name":"(anonymous_1)","decl":{"start":{"line":17,"column":12},"end":{"line":17,"column":13}},"loc":{"start":{"line":17,"column":18},"end":{"line":30,"column":3}},"line":17},"2":{"name":"(anonymous_2)","decl":{"start":{"line":18,"column":22},"end":{"line":18,"column":23}},"loc":{"start":{"line":18,"column":34},"end":{"line":28,"column":5}},"line":18}},"branchMap":{"0":{"loc":{"start":{"line":31,"column":2},"end":{"line":33,"column":3}},"type":"if","locations":[{"start":{"line":31,"column":2},"end":{"line":33,"column":3}},{"start":{},"end":{}}],"line":31}},"s":{"0":2,"1":7,"2":5,"3":5,"4":5,"5":5,"6":5,"7":2,"8":2,"9":2,"10":0,"11":0,"12":0,"13":0,"14":0,"15":2,"16":5,"17":0,"18":5},"f":{"0":7,"1":2,"2":2},"b":{"0":[0,5]},"_coverageSchema":"1a1c01bbd47fc00a2c39e90264f33305004495a9","hash":"88f9e56b5afd4393ee4eeb094f81dc3e054d3c9c"}
,"/home/pranjhi.singh/Desktop/MobileVista/mobile-app/src/modules/mobiles/Edit/index.js": {"path":"/home/pranjhi.singh/Desktop/MobileVista/mobile-app/src/modules/mobiles/Edit/index.js","statementMap":{"0":{"start":{"line":3,"column":13},"end":{"line":3,"column":41}},"1":{"start":{"line":3,"column":24},"end":{"line":3,"column":40}}},"fnMap":{"0":{"name":"(anonymous_0)","decl":{"start":{"line":3,"column":18},"end":{"line":3,"column":19}},"loc":{"start":{"line":3,"column":24},"end":{"line":3,"column":40}},"line":3}},"branchMap":{},"s":{"0":3,"1":1},"f":{"0":1},"b":{},"_coverageSchema":"1a1c01bbd47fc00a2c39e90264f33305004495a9","hash":"a1ce1c238c56c38ee62bada32d90b20eb90ca0b1"}
,"/home/pranjhi.singh/Desktop/MobileVista/mobile-app/src/modules/mobiles/MobileListing/Brands.jsx": {"path":"/home/pranjhi.singh/Desktop/MobileVista/mobile-app/src/modules/mobiles/MobileListing/Brands.jsx","statementMap":{"0":{"start":{"line":1,"column":15},"end":{"line":22,"column":3}}},"fnMap":{},"branchMap":{},"s":{"0":3},"f":{},"b":{},"_coverageSchema":"1a1c01bbd47fc00a2c39e90264f33305004495a9","hash":"d906ec5d98b9104d1e442b96c4b8b8b9305f8cac"}
,"/home/pranjhi.singh/Desktop/MobileVista/mobile-app/src/modules/mobiles/MobileListing/Colors.jsx": {"path":"/home/pranjhi.singh/Desktop/MobileVista/mobile-app/src/modules/mobiles/MobileListing/Colors.jsx","statementMap":{"0":{"start":{"line":1,"column":15},"end":{"line":22,"column":3}}},"fnMap":{},"branchMap":{},"s":{"0":3},"f":{},"b":{},"_coverageSchema":"1a1c01bbd47fc00a2c39e90264f33305004495a9","hash":"aa08d197ad1d945b2da3bb60538216d6dae5fa26"}
,"/home/pranjhi.singh/Desktop/MobileVista/mobile-app/src/modules/mobiles/MobileListing/Filter.jsx": {"path":"/home/pranjhi.singh/Desktop/MobileVista/mobile-app/src/modules/mobiles/MobileListing/Filter.jsx","statementMap":{"0":{"start":{"line":9,"column":16},"end":{"line":98,"column":1}},"1":{"start":{"line":10,"column":23},"end":{"line":14,"column":5}},"2":{"start":{"line":10,"column":61},"end":{"line":14,"column":3}},"3":{"start":{"line":15,"column":23},"end":{"line":19,"column":5}},"4":{"start":{"line":15,"column":61},"end":{"line":19,"column":3}},"5":{"start":{"line":22,"column":4},"end":{"line":22,"column":30}},"6":{"start":{"line":23,"column":24},"end":{"line":26,"column":3}},"7":{"start":{"line":24,"column":4},"end":{"line":24,"column":22}},"8":{"start":{"line":25,"column":4},"end":{"line":25,"column":23}},"9":{"start":{"line":27,"column":2},"end":{"line":97,"column":4}},"10":{"start":{"line":31,"column":25},"end":{"line":31,"column":79}},"11":{"start":{"line":33,"column":10},"end":{"line":33,"column":27}},"12":{"start":{"line":34,"column":10},"end":{"line":34,"column":28}},"13":{"start":{"line":37,"column":24},"end":{"line":37,"column":40}},"14":{"start":{"line":49,"column":29},"end":{"line":49,"column":69}},"15":{"start":{"line":60,"column":29},"end":{"line":60,"column":69}},"16":{"start":{"line":70,"column":29},"end":{"line":70,"column":69}},"17":{"start":{"line":79,"column":12},"end":{"line":79,"column":28}},"18":{"start":{"line":80,"column":12},"end":{"line":80,"column":29}},"19":{"start":{"line":88,"column":12},"end":{"line":88,"column":45}},"20":{"start":{"line":89,"column":12},"end":{"line":89,"column":28}},"21":{"start":{"line":90,"column":12},"end":{"line":90,"column":29}}},"fnMap":{"0":{"name":"(anonymous_0)","decl":{"start":{"line":9,"column":16},"end":{"line":9,"column":17}},"loc":{"start":{"line":9,"column":22},"end":{"line":98,"column":1}},"line":9},"1":{"name":"(anonymous_1)","decl":{"start":{"line":10,"column":49},"end":{"line":10,"column":50}},"loc":{"start":{"line":10,"column":61},"end":{"line":14,"column":3}},"line":10},"2":{"name":"(anonymous_2)","decl":{"start":{"line":15,"column":49},"end":{"line":15,"column":50}},"loc":{"start":{"line":15,"column":61},"end":{"line":19,"column":3}},"line":15},"3":{"name":"(anonymous_3)","decl":{"start":{"line":23,"column":24},"end":{"line":23,"column":25}},"loc":{"start":{"line":23,"column":30},"end":{"line":26,"column":3}},"line":23},"4":{"name":"(anonymous_4)","decl":{"start":{"line":31,"column":18},"end":{"line":31,"column":19}},"loc":{"start":{"line":31,"column":25},"end":{"line":31,"column":79}},"line":31},"5":{"name":"(anonymous_5)","decl":{"start":{"line":32,"column":22},"end":{"line":32,"column":23}},"loc":{"start":{"line":32,"column":29},"end":{"line":35,"column":9}},"line":32},"6":{"name":"(anonymous_6)","decl":{"start":{"line":37,"column":18},"end":{"line":37,"column":19}},"loc":{"start":{"line":37,"column":24},"end":{"line":37,"column":40}},"line":37},"7":{"name":"(anonymous_7)","decl":{"start":{"line":49,"column":18},"end":{"line":49,"column":19}},"loc":{"start":{"line":49,"column":29},"end":{"line":49,"column":69}},"line":49},"8":{"name":"(anonymous_8)","decl":{"start":{"line":60,"column":18},"end":{"line":60,"column":19}},"loc":{"start":{"line":60,"column":29},"end":{"line":60,"column":69}},"line":60},"9":{"name":"(anonymous_9)","decl":{"start":{"line":70,"column":18},"end":{"line":70,"column":19}},"loc":{"start":{"line":70,"column":29},"end":{"line":70,"column":69}},"line":70},"10":{"name":"(anonymous_10)","decl":{"start":{"line":78,"column":19},"end":{"line":78,"column":20}},"loc":{"start":{"line":78,"column":25},"end":{"line":81,"column":11}},"line":78},"11":{"name":"(anonymous_11)","decl":{"start":{"line":87,"column":19},"end":{"line":87,"column":20}},"loc":{"start":{"line":87,"column":25},"end":{"line":91,"column":11}},"line":87}},"branchMap":{},"s":{"0":3,"1":21,"2":420,"3":21,"4":420,"5":21,"6":21,"7":2,"8":2,"9":21,"10":0,"11":0,"12":0,"13":1,"14":0,"15":0,"16":0,"17":1,"18":1,"19":1,"20":1,"21":1},"f":{"0":21,"1":420,"2":420,"3":2,"4":0,"5":0,"6":1,"7":0,"8":0,"9":0,"10":1,"11":1},"b":{},"_coverageSchema":"1a1c01bbd47fc00a2c39e90264f33305004495a9","hash":"e103fb9ada599dccbb5e5b112a43ca4bb565820d"}
[...]
"start":{"line":47,"column":25},"end":{"line":58,"column":3}},"20":{"start":{"line":60,"column":20},"end":{"line":66,"column":3}},"21":{"start":{"line":68,"column":29},"end":{"line":79,"column":3}},"22":{"start":{"line":80,"column":2},"end":{"line":376,"column":4}},"23":{"start":{"line":83,"column":26},"end":{"line":83,"column":44}},"24":{"start":{"line":84,"column":26},"end":{"line":84,"column":45}},"25":{"start":{"line":288,"column":16},"end":{"line":339,"column":19}},"26":{"start":{"line":290,"column":20},"end":{"line":332,"column":28}},"27":{"start":{"line":327,"column":39},"end":{"line":327,"column":51}},"28":{"start":{"line":335,"column":57},"end":{"line":335,"column":62}}},"fnMap":{"0":{"name":"(anonymous_0)","decl":{"start":{"line":16,"column":19},"end":{"line":16,"column":20}},"loc":{"start":{"line":16,"column":30},"end":{"line":377,"column":1}},"line":16},"1":{"name":"(anonymous_1)","decl":{"start":{"line":24,"column":12},"end":{"line":24,"column":13}},"loc":{"start":{"line":24,"column":18},"end":{"line":26,"column":3}},"line":24},"2":{"name":"(anonymous_2)","decl":{"start":{"line":28,"column":23},"end":{"line":28,"column":24}},"loc":{"start":{"line":28,"column":41},"end":{"line":46,"column":3}},"line":28},"3":{"name":"(anonymous_3)","decl":{"start":{"line":83,"column":20},"end":{"line":83,"column":21}},"loc":{"start":{"line":83,"column":26},"end":{"line":83,"column":44}},"line":83},"4":{"name":"(anonymous_4)","decl":{"start":{"line":84,"column":20},"end":{"line":84,"column":21}},"loc":{"start":{"line":84,"column":26},"end":{"line":84,"column":45}},"line":84},"5":{"name":"(anonymous_5)","decl":{"start":{"line":287,"column":15},"end":{"line":287,"column":16}},"loc":{"start":{"line":288,"column":16},"end":{"line":339,"column":19}},"line":288},"6":{"name":"(anonymous_6)","decl":{"start":{"line":289,"column":30},"end":{"line":289,"column":31}},"loc":{"start":{"line":290,"column":20},"end":{"line":332,"column":28}},"line":290},"7":{"name":"(anonymous_7)","decl":{"start":{"line":327,"column":33},"end":{"line":327,"column":34}},"loc":{"start":{"line":327,"column":39},"end":{"line":327,"column":51}},"line":327},"8":{"name":"(anonymous_8)","decl":{"start":{"line":335,"column":51},"end":{"line":335,"column":52}},"loc":{"start":{"line":335,"column":57},"end":{"line":335,"column":62}},"line":335}},"branchMap":{"0":{"loc":{"start":{"line":51,"column":16},"end":{"line":51,"column":46}},"type":"cond-expr","locations":[{"start":{"line":51,"column":28},"end":{"line":51,"column":37}},{"start":{"line":51,"column":40},"end":{"line":51,"column":46}}],"line":51},"1":{"loc":{"start":{"line":54,"column":12},"end":{"line":54,"column":62}},"type":"cond-expr","locations":[{"start":{"line":54,"column":24},"end":{"line":54,"column":40}},{"start":{"line":54,"column":43},"end":{"line":54,"column":62}}],"line":54},"2":{"loc":{"start":{"line":55,"column":15},"end":{"line":57,"column":35}},"type":"cond-expr","locations":[{"start":{"line":56,"column":8},"end":{"line":56,"column":35}},{"start":{"line":57,"column":8},"end":{"line":57,"column":35}}],"line":55}},"s":{"0":3,"1":18,"2":15,"3":15,"4":15,"5":15,"6":15,"7":10,"8":15,"9":0,"10":0,"11":0,"12":0,"13":0,"14":0,"15":0,"16":0,"17":0,"18":0,"19":15,"20":15,"21":15,"22":15,"23":0,"24":0,"25":12,"26":0,"27":0,"28":0},"f":{"0":18,"1":10,"2":0,"3":0,"4":0,"5":12,"6":0,"7":0,"8":0},"b":{"0":[0,15],"1":[0,15],"2":[0,15]},"_coverageSchema":"1a1c01bbd47fc00a2c39e90264f33305004495a9","hash":"6d4bf95777d7a4d545d788301239aa8cb342055a"}
,"/home/pranjhi.singh/Desktop/MobileVista/mobile-app/src/modules/mobiles/Uploads/Data.jsx": {"path":"/home/pranjhi.singh/Desktop/MobileVista/mobile-app/src/modules/mobiles/Uploads/Data.jsx","statementMap":{"0":{"start":{"line":5,"column":14},"end":{"line":5,"column":41}},"1":{"start":{"line":5,"column":23},"end":{"line":5,"column":40}},"2":{"start":{"line":6,"column":20},"end":{"line":6,"column":49}},"3":{"start":{"line":6,"column":29},"end":{"line":6,"column":48}},"4":{"start":{"line":8,"column":20},"end":{"line":49,"column":1}},"5":{"start":{"line":9,"column":50},"end":{"line":9,"column":75}},"6":{"start":{"line":10,"column":22},"end":{"line":10,"column":55}},"7":{"start":{"line":13,"column":23},"end":{"line":25,"column":3}},"8":{"start":{"line":27,"column":2},"end":{"line":48,"column":4}},"9":{"start":{"line":38,"column":32},"end":{"line":38,"column":58}}},"fnMap":{"0":{"name":"(anonymous_0)","decl":{"start":{"line":5,"column":19},"end":{"line":5,"column":20}},"loc":{"start":{"line":5,"column":23},"end":{"line":5,"column":40}},"line":5},"1":{"name":"(anonymous_1)","decl":{"start":{"line":6,"column":25},"end":{"line":6,"column":26}},"loc":{"start":{"line":6,"column":29},"end":{"line":6,"column":48}},"line":6},"2":{"name":"(anonymous_2)","decl":{"start":{"line":8,"column":20},"end":{"line":8,"column":21}},"loc":{"start":{"line":8,"column":26},"end":{"line":49,"column":1}},"line":8},"3":{"name":"(anonymous_3)","decl":{"start":{"line":38,"column":25},"end":{"line":38,"column":26}},"loc":{"start":{"line":38,"column":32},"end":{"line":38,"column":58}},"line":38}},"branchMap":{},"s":{"0":3,"1":0,"2":3,"3":1,"4":3,"5":13,"6":12,"7":12,"8":12,"9":4},"f":{"0":0,"1":1,"2":13,"3":4},"b":{},"_coverageSchema":"1a1c01bbd47fc00a2c39e90264f33305004495a9","hash":"7415cbfa9736b372a6b3919fc6d0fe353bdef384"}
,"/home/pranjhi.singh/Desktop/MobileVista/mobile-app/src/modules/mobiles/Uploads/ErrorDetail.jsx": {"path":"/home/pranjhi.singh/Desktop/MobileVista/mobile-app/src/modules/mobiles/Uploads/ErrorDetail.jsx","statementMap":{"0":{"start":{"line":5,"column":20},"end":{"line":60,"column":1}},"1":{"start":{"line":6,"column":24},"end":{"line":6,"column":29}},"2":{"start":{"line":7,"column":40},"end":{"line":7,"column":51}},"3":{"start":{"line":8,"column":42},"end":{"line":8,"column":53}},"4":{"start":{"line":10,"column":38},"end":{"line":10,"column":50}},"5":{"start":{"line":11,"column":32},"end":{"line":11,"column":46}},"6":{"start":{"line":12,"column":27},"end":{"line":15,"column":3}},"7":{"start":{"line":13,"column":4},"end":{"line":13,"column":25}},"8":{"start":{"line":14,"column":4},"end":{"line":14,"column":26}},"9":{"start":{"line":17,"column":28},"end":{"line":29,"column":3}},"10":{"start":{"line":18,"column":4},"end":{"line":18,"column":33}},"11":{"start":{"line":19,"column":4},"end":{"line":28,"column":5}},"12":{"start":{"line":20,"column":26},"end":{"line":22,"column":7}},"13":{"start":{"line":23,"column":6},"end":{"line":23,"column":43}},"14":{"start":{"line":24,"column":6},"end":{"line":24,"column":41}},"15":{"start":{"line":25,"column":6},"end":{"line":25,"column":24}},"16":{"start":{"line":27,"column":6},"end":{"line":27,"column":51}},"17":{"start":{"line":31,"column":2},"end":{"line":33,"column":18}},"18":{"start":{"line":32,"column":4},"end":{"line":32,"column":24}},"19":{"start":{"line":35,"column":18},"end":{"line":41,"column":3}},"20":{"start":{"line":43,"column":2},"end":{"line":59,"column":4}},"21":{"start":{"line":53,"column":32},"end":{"line":53,"column":48}}},"fnMap":{"0":{"name":"(anonymous_0)","decl":{"start":{"line":5,"column":20},"end":{"line":5,"column":21}},"loc":{"start":{"line":5,"column":31},"end":{"line":60,"column":1}},"line":5},"1":{"name":"(anonymous_1)","decl":{"start":{"line":12,"column":27},"end":{"line":12,"column":28}},"loc":{"start":{"line":12,"column":43},"end":{"line":15,"column":3}},"line":12},"2":{"name":"(anonymous_2)","decl":{"start":{"line":17,"column":28},"end":{"line":17,"column":29}},"loc":{"start":{"line":17,"column":40},"end":{"line":29,"column":3}},"line":17},"3":{"name":"(anonymous_3)","decl":{"start":{"line":31,"column":12},"end":{"line":31,"column":13}},"loc":{"start":{"line":31,"column":18},"end":{"line":33,"column":3}},"line":31},"4":{"name":"(anonymous_4)","decl":{"start":{"line":53,"column":20},"end":{"line":53,"column":21}},"loc":{"start":{"line":53,"column":32},"end":{"line":53,"column":48}},"line":53}},"branchMap":{"0":{"loc":{"start":{"line":46,"column":9},"end":{"line":56,"column":9}},"type":"cond-expr","locations":[{"start":{"line":47,"column":10},"end":{"line":47,"column":35}},{"start":{"line":49,"column":10},"end":{"line":55,"column":12}}],"line":46}},"s":{"0":5,"1":5,"2":5,"3":5,"4":5,"5":5,"6":5,"7":0,"8":0,"9":5,"10":2,"11":2,"12":2,"13":2,"14":2,"15":2,"16":0,"17":5,"18":2,"19":5,"20":5,"21":0},"f":{"0":5,"1":0,"2":2,"3":2,"4":0},"b":{"0":[3,2]},"_coverageSchema":"1a1c01bbd47fc00a2c39e90264f33305004495a9","hash":"93051ec1246ffc1045bc0038afad2cf9ef45642b"}
,"/home/pranjhi.singh/Desktop/MobileVista/mobile-app/src/modules/mobiles/Uploads/Sidebar.jsx": {"path":"/home/pranjhi.singh/Desktop/MobileVista/mobile-app/src/modules/mobiles/Uploads/Sidebar.jsx","statementMap":{"0":{"start":{"line":4,"column":21},"end":{"line":15,"column":1}}},"fnMap":{},"branchMap":{},"s":{"0":3},"f":{},"b":{},"_coverageSchema":"1a1c01bbd47fc00a2c39e90264f33305004495a9","hash":"875c702cf161eca9292e0170eaebe65457e2d75e"}
,"/home/pranjhi.singh/Desktop/MobileVista/mobile-app/src/modules/mobiles/Uploads/bulk.jsx": {"path":"/home/pranjhi.singh/Desktop/MobileVista/mobile-app/src/modules/mobiles/Uploads/bulk.jsx","statementMap":{"0":{"start":{"line":7,"column":13},"end":{"line":85,"column":1}},"1":{"start":{"line":8,"column":34},"end":{"line":8,"column":46}},"2":{"start":{"line":9,"column":42},"end":{"line":9,"column":56}},"3":{"start":{"line":11,"column":23},"end":{"line":27,"column":3}},"4":{"start":{"line":12,"column":4},"end":{"line":26,"column":5}},"5":{"start":{"line":13,"column":23},"end":{"line":13,"column":37}},"6":{"start":{"line":14,"column":6},"end":{"line":14,"column":36}},"7":{"start":{"line":15,"column":23},"end":{"line":18,"column":8}},"8":{"start":{"line":19,"column":6},"end":{"line":23,"column":7}},"9":{"start":{"line":20,"column":8},"end":{"line":20,"column":62}},"10":{"start":{"line":22,"column":8},"end":{"line":22,"column":53}},"11":{"start":{"line":25,"column":6},"end":{"line":25,"column":43}},"12":{"start":{"line":29,"column":23},"end":{"line":32,"column":3}},"13":{"start":{"line":30,"column":24},"end":{"line":30,"column":72}},"14":{"start":{"line":30,"column":50},"end":{"line":30,"column":71}},"15":{"start":{"line":31,"column":4},"end":{"line":31,"column":29}},"16":{"start":{"line":34,"column":16},"end":{"line":60,"column":3}},"17":{"start":{"line":36,"column":6},"end":{"line":41,"column":11}},"18":{"start":{"line":37,"column":20},"end":{"line":37,"column":31}},"19":{"start":{"line":39,"column":10},"end":{"line":39,"column":56}},"20":{"start":{"line":40,"column":10},"end":{"line":40,"column":25}},"21":{"start":{"line":44,"column":6},"end":{"line":44,"column":28}},"22":{"start":{"line":45,"column":6},"end":{"line":45,"column":33}},"23":{"start":{"line":48,"column":6},"end":{"line":48,"column":25}},"24":{"start":{"line":57,"column":27},"end":{"line":57,"column":74}},"25":{"start":{"line":62,"column":2},"end":{"line":84,"column":4}}},"fnMap":{"0":{"name":"(anonymous_0)","decl":{"start":{"line":7,"column":13},"end":{"line":7,"column":14}},"loc":{"start":{"line":7,"column":19},"end":{"line":85,"column":1}},"line":7},"1":{"name":"(anonymous_1)","decl":{"start":{"line":11,"column":23},"end":{"line":11,"column":24}},"loc":{"start":{"line":11,"column":39},"end":{"line":27,"column":3}},"line":11},"2":{"name":"(anonymous_2)","decl":{"start":{"line":29,"column":23},"end":{"line":29,"column":24}},"loc":{"start":{"line":29,"column":33},"end":{"line":32,"column":3}},"line":29},"3":{"name":"(anonymous_3)","decl":{"start":{"line":30,"column":40},"end":{"line":30,"column":41}},"loc":{"start":{"line":30,"column":50},"end":{"line":30,"column":71}},"line":30},"4":{"name":"(anonymous_4)","decl":{"start":{"line":35,"column":19},"end":{"line":35,"column":20}},"loc":{"start":{"line":35,"column":53},"end":{"line":42,"column":5}},"line":35},"5":{"name":"(anonymous_5)","decl":{"start":{"line":37,"column":14},"end":{"line":37,"column":15}},"loc":{"start":{"line":37,"column":20},"end":{"line":37,"column":31}},"line":37},"6":{"name":"(anonymous_6)","decl":{"start":{"line":38,"column":15},"end":{"line":38,"column":16}},"loc":{"start":{"line":38,"column":26},"end":{"line":41,"column":9}},"line":38},"7":{"name":"(anonymous_7)","decl":{"start":{"line":43,"column":4},"end":{"line":43,"column":5}},"loc":{"start":{"line":43,"column":19},"end":{"line":46,"column":5}},"line":43},"8":{"name":"(anonymous_8)","decl":{"start":{"line":47,"column":4},"end":{"line":47,"column":5}},"loc":{"start":{"line":47,"column":19},"end":{"line":49,"column":5}},"line":47},"9":{"name":"(anonymous_9)","decl":{"start":{"line":57,"column":14},"end":{"line":57,"column":15}},"loc":{"start":{"line":57,"column":27},"end":{"line":57,"column":74}},"line":57}},"branchMap":{"0":{"loc":{"start":{"line":19,"column":6},"end":{"line":23,"column":7}},"type":"if","locations":[{"start":{"line":19,"column":6},"end":{"line":23,"column":7}},{"start":{"line":21,"column":13},"end":{"line":23,"column":7}}],"line":19},"1":{"loc":{"start":{"line":57,"column":27},"end":{"line":57,"column":74}},"type":"binary-expr","locations":[{"start":{"line":57,"column":27},"end":{"line":57,"column":34}},{"start":{"line":57,"column":38},"end":{"line":57,"column":74}}],"line":57}},"s":{"0":2,"1":17,"2":16,"3":16,"4":2,"5":2,"6":2,"7":2,"8":2,"9":1,"10":1,"11":0,"12":16,"13":0,"14":0,"15":0,"16":16,"17":2,"18":2,"19":0,"20":0,"21":4,"22":4,"23":0,"24":0,"25":16},"f":{"0":17,"1":2,"2":0,"3":0,"4":2,"5":2,"6":0,"7":4,"8":0,"9":0},"b":{"0":[1,1],"1":[0,0]},"_coverageSchema":"1a1c01bbd47fc00a2c39e90264f33305004495a9","hash":"d64bcc3078813e74b7fd05adb0e1ba46dad2d8e3"}
,"/home/pranjhi.singh/Desktop/MobileVista/mobile-app/src/modules/mobiles/Uploads/history.jsx": {"path":"/home/pranjhi.singh/Desktop/MobileVista/mobile-app/src/modules/mobiles/Uploads/history.jsx","statementMap":{"0":{"start":{"line":15,"column":23},"end":{"line":119,"column":1}},"1":{"start":{"line":16,"column":44},"end":{"line":16,"column":49}},"2":{"start":{"line":18,"column":40},"end":{"line":18,"column":52}},"3":{"start":{"line":19,"column":32},"end":{"line":19,"column":46}},"4":{"start":{"line":20,"column":42},"end":{"line":20,"column":54}},"5":{"start":{"line":21,"column":27},"end":{"line":37,"column":3}},"6":{"start":{"line":22,"column":4},"end":{"line":22,"column":46}},"7":{"start":{"line":23,"column":4},"end":{"line":36,"column":5}},"8":{"start":{"line":24,"column":26},"end":{"line":24,"column":72}},"9":{"start":{"line":26,"column":6},"end":{"line":30,"column":7}},"10":{"start":{"line":27,"column":8},"end":{"line":27,"column":41}},"11":{"start":{"line":29,"column":8},"end":{"line":29,"column":64}},"12":{"start":{"line":32,"column":6},"end":{"line":32,"column":71}},"13":{"start":{"line":34,"column":6},"end":{"line":34,"column":24}},"14":{"start":{"line":35,"column":6},"end":{"line":35,"column":29}},"15":{"start":{"line":39,"column":26},"end":{"line":39,"column":41}},"16":{"start":{"line":40,"column":36},"end":{"line":40,"column":53}},"17":{"start":{"line":41,"column":21},"end":{"line":44,"column":3}},"18":{"start":{"line":42,"column":4},"end":{"line":42,"column":24}},"19":{"start":{"line":43,"column":4},"end":{"line":43,"column":18}},"20":{"start":{"line":45,"column":19},"end":{"line":47,"column":3}},"21":{"start":{"line":46,"column":4},"end":{"line":46,"column":33}},"22":{"start":{"line":48,"column":18},"end":{"line":50,"column":3}},"23":{"start":{"line":49,"column":4},"end":{"line":49,"column":19}},"24":{"start":{"line":52,"column":2},"end":{"line":57,"column":21}},"25":{"start":{"line":53,"column":4},"end":{"line":53,"column":36}},"26":{"start":{"line":54,"column":4},"end":{"line":56,"column":5}},"27":{"start":{"line":55,"column":6},"end":{"line":55,"column":25}},"28":{"start":{"line":58,"column":2},"end":{"line":118,"column":4}},"29":{"start":{"line":76,"column":10},"end":{"line":97,"column":21}},"30":{"start":{"line":91,"column":31},"end":{"line":91,"column":58}}},"fnMap":{"0":{"name":"(anonymous_0)","decl":{"start":{"line":15,"column":23},"end":{"line":15,"column":24}},"loc":{"start":{"line":15,"column":34},"end":{"line":119,"column":1}},"line":15},"1":{"name":"(anonymous_1)","decl":{"start":{"line":21,"column":27},"end":{"line":21,"column":28}},"loc":{"start":{"line":21,"column":39},"end":{"line":37,"column":3}},"line":21},"2":{"name":"(anonymous_2)","decl":{"start":{"line":41,"column":21},"end":{"line":41,"column":22}},"loc":{"start":{"line":41,"column":29},"end":{"line":44,"column":3}},"line":41},"3":{"name":"(anonymous_3)","decl":{"start":{"line":45,"column":19},"end":{"line":45,"column":20}},"loc":{"start":{"line":45,"column":26},"end":{"line":47,"column":3}},"line":45},"4":{"name":"(anonymous_4)","decl":{"start":{"line":48,"column":18},"end":{"line":48,"column":19}},"loc":{"start":{"line":48,"column":24},"end":{"line":50,"column":3}},"line":48},"5":{"name":"(anonymous_5)","decl":{"start":{"line":52,"column":12},"end":{"line":52,"column":13}},"loc":{"start":{"line":52,"column":18},"end":{"line":57,"column":3}},"line":52},"6":{"name":"(anonymous_6)","decl":{"start":{"line":75,"column":20},"end":{"line":75,"column":21}},"loc":{"start":{"line":76,"column":10},"end":{"line":97,"column":21}},"line":76},"7":{"name":"(anonymous_7)","decl":{"start":{"line":91,"column":25},"end":{"line":91,"column":26}},"loc":{"start":{"line":91,"column":31},"end":{"line":91,"column":58}},"line":91}},"branchMap":{"0":{"loc":{"start":{"line":26,"column":6},"end":{"line":30,"column":7}},"type":"if","locations":[{"start":{"line":26,"column":6},"end":{"line":30,"column":7}},{"start":{"line":28,"column":13},"end":{"line":30,"column":7}}],"line":26},"1":{"loc":{"start":{"line":54,"column":4},"end":{"line":56,"column":5}},"type":"if","locations":[{"start":{"line":54,"column":4},"end":{"line":56,"column":5}},{"start":{},"end":{}}],"line":54}},"s":{"0":3,"1":21,"2":20,"3":20,"4":20,"5":20,"6":5,"7":5,"8":5,"9":3,"10":3,"11":0,"12":0,"13":3,"14":3,"15":20,"16":20,"17":20,"18":0,"19":0,"20":20,"21":0,"22":20,"23":0,"24":20,"25":8,"26":8,"27":5,"28":20,"29":24,"30":0},"f":{"0":21,"1":5,"2":0,"3":0,"4":0,"5":8,"6":24,"7":0},"b":{"0":[3,0],"1":[5,3]},"_coverageSchema":"1a1c01bbd47fc00a2c39e90264f33305004495a9","hash":"9250cd94a42ba10b72ae5707340ae15640e0b910"}
,"/home/pranjhi.singh/Desktop/MobileVista/mobile-app/src/modules/mobiles/Uploads/index.js": {"path":"/home/pranjhi.singh/Desktop/MobileVista/mobile-app/src/modules/mobiles/Uploads/index.js","statementMap":{"0":{"start":{"line":3,"column":20},"end":{"line":3,"column":48}},"1":{"start":{"line":3,"column":31},"end":{"line":3,"column":47}}},"fnMap":{"0":{"name":"(anonymous_0)","decl":{"start":{"line":3,"column":25},"end":{"line":3,"column":26}},"loc":{"start":{"line":3,"column":31},"end":{"line":3,"column":47}},"line":3}},"branchMap":{},"s":{"0":4,"1":1},"f":{"0":1},"b":{},"_coverageSchema":"1a1c01bbd47fc00a2c39e90264f33305004495a9","hash":"893cc172bf7c74f3e37087893601a6f6a3ddb174"}
,"/home/pranjhi.singh/Desktop/MobileVista/mobile-app/src/service/services.js": {"path":"/home/pranjhi.singh/Desktop/MobileVista/mobile-app/src/service/services.js","statementMap":{"0":{"start":{"line":3,"column":20},"end":{"line":3,"column":77}},"1":{"start":{"line":5,"column":0},"end":{"line":10,"column":3}},"2":{"start":{"line":6,"column":2},"end":{"line":8,"column":3}},"3":{"start":{"line":7,"column":4},"end":{"line":7,"column":74}},"4":{"start":{"line":9,"column":2},"end":{"line":9,"column":13}}},"fnMap":{"0":{"name":"(anonymous_0)","decl":{"start":{"line":5,"column":37},"end":{"line":5,"column":38}},"loc":{"start":{"line":5,"column":46},"end":{"line":10,"column":1}},"line":5}},"branchMap":{"0":{"loc":{"start":{"line":6,"column":2},"end":{"line":8,"column":3}},"type":"if","locations":[{"start":{"line":6,"column":2},"end":{"line":8,"column":3}},{"start":{},"end":{}}],"line":6}},"s":{"0":13,"1":13,"2":42,"3":6,"4":42},"f":{"0":42},"b":{"0":[6,36]},"_coverageSchema":"1a1c01bbd47fc00a2c39e90264f33305004495a9","hash":"ea183d3d9b876c9ddcb10ee03532794344271f37"}
}
