TN:
SF:src/App.jsx
FN:7,(anonymous_0)
FNF:1
FNH:1
FNDA:5,(anonymous_0)
DA:7,2
DA:8,5
LF:2
LH:2
BRF:0
BRH:0
end_of_record
TN:
SF:src/index.js
FNF:0
FNH:0
DA:5,0
DA:6,0
LF:2
LH:0
BRF:0
BRH:0
end_of_record
TN:
SF:src/Routes/Route.jsx
FN:15,(anonymous_0)
FNF:1
FNH:1
FNDA:5,(anonymous_0)
DA:15,2
DA:16,5
LF:2
LH:2
BRF:0
BRH:0
end_of_record
TN:
SF:src/Routes/authRoutes/protectedRoutes.jsx
FN:6,(anonymous_0)
FN:10,(anonymous_1)
FN:11,(anonymous_2)
FNF:3
FNH:3
FNDA:4,(anonymous_0)
FNDA:1,(anonymous_1)
FNDA:1,(anonymous_2)
DA:6,2
DA:7,4
DA:8,4
DA:10,4
DA:11,1
DA:12,1
DA:13,1
DA:19,1
DA:20,1
DA:25,0
DA:27,0
DA:28,0
DA:30,1
DA:34,1
DA:37,4
DA:38,1
DA:41,3
DA:42,3
DA:45,0
LF:19
LH:15
BRDA:37,0,0,1
BRDA:37,0,1,3
BRDA:41,1,0,3
BRDA:41,1,1,0
BRF:4
BRH:3
end_of_record
TN:
SF:src/Routes/authRoutes/publicRoutes.jsx
FN:6,(anonymous_0)
FN:9,(anonymous_1)
FN:10,(anonymous_2)
FNF:3
FNH:3
FNDA:33,(anonymous_0)
FNDA:12,(anonymous_1)
FNDA:12,(anonymous_2)
DA:6,4
DA:7,33
DA:9,33
DA:10,12
DA:11,12
DA:12,12
DA:18,0
DA:20,9
DA:21,9
DA:25,12
DA:28,33
LF:11
LH:10
BRF:0
BRH:0
end_of_record
TN:
SF:src/__test__/TestMobile.js
FN:4,(anonymous_0)
FN:9,(anonymous_1)
FN:53,(anonymous_2)
FN:62,(anonymous_3)
FN:66,(anonymous_4)
FNF:5
FNH:3
FNDA:2,(anonymous_0)
FNDA:14,(anonymous_1)
FNDA:14,(anonymous_2)
FNDA:0,(anonymous_3)
FNDA:0,(anonymous_4)
DA:5,2
DA:6,2
DA:9,2
DA:10,14
DA:11,14
DA:13,14
DA:47,2
DA:49,12
DA:53,2
DA:54,14
DA:55,14
DA:56,0
DA:58,14
DA:62,2
DA:63,0
DA:66,2
DA:67,0
LF:17
LH:14
BRF:0
BRH:0
end_of_record
TN:
SF:src/components/index.js
FNF:0
FNH:0
LF:0
LH:0
BRF:0
BRH:0
end_of_record
TN:
SF:src/components/Button/Button.jsx
FN:3,(anonymous_0)
FNF:1
FNH:1
FNDA:97,(anonymous_0)
DA:3,14
DA:4,97
LF:2
LH:2
BRF:0
BRH:0
end_of_record
TN:
SF:src/components/Button/index.js
FNF:0
FNH:0
LF:0
LH:0
BRF:0
BRH:0
end_of_record
TN:
SF:src/components/Card/Card.jsx
FN:3,(anonymous_0)
FNF:1
FNH:1
FNDA:49,(anonymous_0)
DA:3,14
DA:4,49
LF:2
LH:2
BRF:0
BRH:0
end_of_record
TN:
SF:src/components/Card/index.js
FNF:0
FNH:0
LF:0
LH:0
BRF:0
BRH:0
end_of_record
TN:
SF:src/components/Carousel/Carousel.jsx
FN:3,(anonymous_0)
FNF:1
FNH:1
FNDA:1,(anonymous_0)
DA:3,1
DA:4,1
LF:2
LH:2
BRF:0
BRH:0
end_of_record
TN:
SF:src/components/Carousel/index.js
FN:3,(anonymous_0)
FNF:1
FNH:1
FNDA:1,(anonymous_0)
DA:3,14
LF:1
LH:1
BRF:0
BRH:0
end_of_record
TN:
SF:src/components/Checkbox/Checkbox.jsx
FN:3,(anonymous_0)
FNF:1
FNH:1
FNDA:43,(anonymous_0)
DA:3,3
DA:4,43
LF:2
LH:2
BRF:0
BRH:0
end_of_record
TN:
SF:src/components/Checkbox/index.js
FN:3,(anonymous_0)
FNF:1
FNH:1
FNDA:3,(anonymous_0)
DA:3,14
LF:1
LH:1
BRF:0
BRH:0
end_of_record
TN:
SF:src/components/Content/Content.jsx
FN:3,(anonymous_0)
FNF:1
FNH:1
FNDA:61,(anonymous_0)
DA:3,4
DA:4,61
LF:2
LH:2
BRF:0
BRH:0
end_of_record
TN:
SF:src/components/Content/index.js
FN:3,(anonymous_0)
FNF:1
FNH:1
FNDA:4,(anonymous_0)
DA:3,14
LF:1
LH:1
BRF:0
BRH:0
end_of_record
TN:
SF:src/components/DatePicker/DatePicker.jsx
FN:4,(anonymous_0)
FNF:1
FNH:1
FNDA:21,(anonymous_0)
DA:4,3
DA:5,21
LF:2
LH:2
BRF:0
BRH:0
end_of_record
TN:
SF:src/components/DatePicker/index.js
FN:3,(anonymous_0)
FNF:1
FNH:1
FNDA:3,(anonymous_0)
DA:3,14
LF:1
LH:1
BRF:0
BRH:0
end_of_record
TN:
SF:src/components/Dragger/Dragger.jsx
FN:3,(anonymous_0)
FNF:1
FNH:1
FNDA:15,(anonymous_0)
DA:3,2
DA:4,15
LF:2
LH:2
BRF:0
BRH:0
end_of_record
TN:
SF:src/components/Dragger/index.js
FN:3,(anonymous_0)
FNF:1
FNH:1
FNDA:2,(anonymous_0)
DA:3,14
LF:1
LH:1
BRF:0
BRH:0
end_of_record
TN:
SF:src/components/Drawer/Drawer.jsx
FN:3,(anonymous_0)
FNF:1
FNH:1
FNDA:18,(anonymous_0)
DA:3,3
DA:4,18
LF:2
LH:2
BRF:0
BRH:0
end_of_record
TN:
SF:src/components/Drawer/index.js
FN:3,(anonymous_0)
FNF:1
FNH:1
FNDA:3,(anonymous_0)
DA:3,14
LF:1
LH:1
BRF:0
BRH:0
end_of_record
TN:
SF:src/components/Error/Error.jsx
FN:5,(anonymous_0)
FNF:1
FNH:1
FNDA:1,(anonymous_0)
DA:5,1
DA:6,1
DA:27,1
LF:3
LH:3
BRF:0
BRH:0
end_of_record
TN:
SF:src/components/Error/index.js
FN:3,(anonymous_0)
FNF:1
FNH:1
FNDA:1,(anonymous_0)
DA:3,14
LF:1
LH:1
BRF:0
BRH:0
end_of_record
TN:
SF:src/components/Footer/Footer.jsx
FN:3,(anonymous_0)
FNF:1
FNH:1
FNDA:13,(anonymous_0)
DA:3,2
DA:4,13
LF:2
LH:2
BRF:0
BRH:0
end_of_record
TN:
SF:src/components/Footer/index.js
FN:3,(anonymous_0)
FNF:1
FNH:1
FNDA:2,(anonymous_0)
DA:3,14
LF:1
LH:1
BRF:0
BRH:0
end_of_record
TN:
SF:src/components/Form/Form.jsx
FN:3,(anonymous_0)
FNF:1
FNH:1
FNDA:23,(anonymous_0)
DA:3,3
DA:4,23
LF:2
LH:2
BRF:0
BRH:0
end_of_record
TN:
SF:src/components/Form/index.js
FN:3,(anonymous_0)
FNF:1
FNH:1
FNDA:3,(anonymous_0)
DA:3,14
LF:1
LH:1
BRF:0
BRH:0
end_of_record
TN:
SF:src/components/FormItem/FormItem.jsx
FN:4,(anonymous_0)
FNF:1
FNH:1
FNDA:423,(anonymous_0)
DA:4,5
DA:5,423
LF:2
LH:2
BRF:0
BRH:0
end_of_record
TN:
SF:src/components/FormItem/index.js
FN:3,(anonymous_0)
FNF:1
FNH:1
FNDA:5,(anonymous_0)
DA:3,14
LF:1
LH:1
BRF:0
BRH:0
end_of_record
TN:
SF:src/components/FormList/FormList.jsx
FN:4,(anonymous_0)
FNF:1
FNH:1
FNDA:10,(anonymous_0)
DA:4,3
DA:5,10
LF:2
LH:2
BRF:0
BRH:0
end_of_record
TN:
SF:src/components/FormList/index.js
FN:3,(anonymous_0)
FNF:1
FNH:1
FNDA:3,(anonymous_0)
DA:3,14
LF:1
LH:1
BRF:0
BRH:0
end_of_record
TN:
SF:src/components/Icons/Icons.jsx
FNF:0
FNH:0
LF:0
LH:0
BRF:0
BRH:0
end_of_record
TN:
SF:src/components/Icons/index.js
FNF:0
FNH:0
LF:0
LH:0
BRF:0
BRH:0
end_of_record
TN:
SF:src/components/Image/Image.jsx
FN:3,(anonymous_0)
FNF:1
FNH:1
FNDA:54,(anonymous_0)
DA:3,14
DA:4,54
LF:2
LH:2
BRF:0
BRH:0
end_of_record
TN:
SF:src/components/Image/index.js
FNF:0
FNH:0
LF:0
LH:0
BRF:0
BRH:0
end_of_record
TN:
SF:src/components/Input/Input.jsx
FN:4,(anonymous_0)
FNF:1
FNH:1
FNDA:199,(anonymous_0)
DA:4,5
DA:5,199
LF:2
LH:2
BRF:0
BRH:0
end_of_record
TN:
SF:src/components/Input/index.js
FN:3,(anonymous_0)
FNF:1
FNH:1
FNDA:5,(anonymous_0)
DA:3,14
LF:1
LH:1
BRF:0
BRH:0
end_of_record
TN:
SF:src/components/InputNumber/InputNumber.jsx
FN:4,(anonymous_0)
FNF:1
FNH:1
FNDA:21,(anonymous_0)
DA:4,3
DA:5,21
LF:2
LH:2
BRF:0
BRH:0
end_of_record
TN:
SF:src/components/InputNumber/index.js
FN:3,(anonymous_0)
FNF:1
FNH:1
FNDA:3,(anonymous_0)
DA:3,14
LF:1
LH:1
BRF:0
BRH:0
end_of_record
TN:
SF:src/components/InputPassword/InputPassword.jsx
FN:3,(anonymous_0)
FNF:1
FNH:1
FNDA:34,(anonymous_0)
DA:3,3
DA:4,34
LF:2
LH:2
BRF:0
BRH:0
end_of_record
TN:
SF:src/components/InputPassword/index.js
FN:3,(anonymous_0)
FNF:1
FNH:1
FNDA:3,(anonymous_0)
DA:3,14
LF:1
LH:1
BRF:0
BRH:0
end_of_record
TN:
SF:src/components/Layout/Layout.jsx
FN:3,(anonymous_0)
FNF:1
FNH:1
FNDA:66,(anonymous_0)
DA:3,4
DA:4,66
LF:2
LH:2
BRF:0
BRH:0
end_of_record
TN:
SF:src/components/Layout/index.js
FN:3,(anonymous_0)
FNF:1
FNH:1
FNDA:4,(anonymous_0)
DA:3,14
LF:1
LH:1
BRF:0
BRH:0
end_of_record
TN:
SF:src/components/List/List.jsx
FN:3,(anonymous_0)
FNF:1
FNH:1
FNDA:27,(anonymous_0)
DA:3,5
DA:4,27
LF:2
LH:2
BRF:0
BRH:0
end_of_record
TN:
SF:src/components/List/index.js
FN:3,(anonymous_0)
FNF:1
FNH:1
FNDA:5,(anonymous_0)
DA:3,14
LF:1
LH:1
BRF:0
BRH:0
end_of_record
TN:
SF:src/components/ListItem/ListItem.jsx
FN:3,(anonymous_0)
FNF:1
FNH:1
FNDA:13,(anonymous_0)
DA:3,2
DA:4,13
LF:2
LH:2
BRF:0
BRH:0
end_of_record
TN:
SF:src/components/ListItem/index.js
FN:3,(anonymous_0)
FNF:1
FNH:1
FNDA:2,(anonymous_0)
DA:3,14
LF:1
LH:1
BRF:0
BRH:0
end_of_record
TN:
SF:src/components/Menu/Menu.jsx
FN:3,(anonymous_0)
FNF:1
FNH:1
FNDA:23,(anonymous_0)
DA:3,3
DA:4,23
LF:2
LH:2
BRF:0
BRH:0
end_of_record
TN:
SF:src/components/Menu/index.js
FN:3,(anonymous_0)
FNF:1
FNH:1
FNDA:3,(anonymous_0)
DA:3,14
LF:1
LH:1
BRF:0
BRH:0
end_of_record
TN:
SF:src/components/Popconfirm/Popconfirm.jsx
FN:3,(anonymous_0)
FNF:1
FNH:1
FNDA:37,(anonymous_0)
DA:3,2
DA:4,37
LF:2
LH:2
BRF:0
BRH:0
end_of_record
TN:
SF:src/components/Popconfirm/index.js
FN:3,(anonymous_0)
FNF:1
FNH:1
FNDA:2,(anonymous_0)
DA:3,14
LF:1
LH:1
BRF:0
BRH:0
end_of_record
TN:
SF:src/components/Radio/Radio.jsx
FN:3,(anonymous_0)
FNF:1
FNH:1
FNDA:56,(anonymous_0)
DA:3,3
DA:4,56
LF:2
LH:2
BRF:0
BRH:0
end_of_record
TN:
SF:src/components/Radio/index.js
FN:3,(anonymous_0)
FNF:1
FNH:1
FNDA:3,(anonymous_0)
DA:3,14
LF:1
LH:1
BRF:0
BRH:0
end_of_record
TN:
SF:src/components/RadioGroup/RadioGroup.jsx
FN:4,(anonymous_0)
FNF:1
FNH:1
FNDA:17,(anonymous_0)
DA:4,3
DA:5,17
LF:2
LH:2
BRF:0
BRH:0
end_of_record
TN:
SF:src/components/RadioGroup/index.js
FN:3,(anonymous_0)
FNF:1
FNH:1
FNDA:3,(anonymous_0)
DA:3,14
LF:1
LH:1
BRF:0
BRH:0
end_of_record
TN:
SF:src/components/Rate/Rate.jsx
FN:3,(anonymous_0)
FNF:1
FNH:1
FNDA:3,(anonymous_0)
DA:3,1
DA:4,3
LF:2
LH:2
BRF:0
BRH:0
end_of_record
TN:
SF:src/components/Rate/index.js
FN:3,(anonymous_0)
FNF:1
FNH:1
FNDA:1,(anonymous_0)
DA:3,14
LF:1
LH:1
BRF:0
BRH:0
end_of_record
TN:
SF:src/components/Search/Search.jsx
FN:3,(anonymous_0)
FNF:1
FNH:1
FNDA:18,(anonymous_0)
DA:3,3
DA:4,18
LF:2
LH:2
BRF:0
BRH:0
end_of_record
TN:
SF:src/components/Search/index.js
FN:3,(anonymous_0)
FNF:1
FNH:1
FNDA:3,(anonymous_0)
DA:3,14
LF:1
LH:1
BRF:0
BRH:0
end_of_record
TN:
SF:src/components/Select/Select.jsx
FN:4,(anonymous_0)
FNF:1
FNH:1
FNDA:52,(anonymous_0)
DA:4,6
DA:5,52
LF:2
LH:2
BRF:0
BRH:0
end_of_record
TN:
SF:src/components/Select/index.js
FN:3,(anonymous_0)
FNF:1
FNH:1
FNDA:6,(anonymous_0)
DA:3,14
LF:1
LH:1
BRF:0
BRH:0
end_of_record
TN:
SF:src/components/Sider/Sider.jsx
FN:3,(anonymous_0)
FNF:1
FNH:1
FNDA:34,(anonymous_0)
DA:3,4
DA:4,34
LF:2
LH:2
BRF:0
BRH:0
end_of_record
TN:
SF:src/components/Sider/index.js
FN:3,(anonymous_0)
FNF:1
FNH:1
FNDA:4,(anonymous_0)
DA:3,14
LF:1
LH:1
BRF:0
BRH:0
end_of_record
TN:
SF:src/components/Slider/Slider.jsx
FN:3,(anonymous_0)
FNF:1
FNH:1
FNDA:18,(anonymous_0)
DA:3,3
DA:4,18
LF:2
LH:2
BRF:0
BRH:0
end_of_record
TN:
SF:src/components/Slider/index.js
FN:3,(anonymous_0)
FNF:1
FNH:1
FNDA:3,(anonymous_0)
DA:3,14
LF:1
LH:1
BRF:0
BRH:0
end_of_record
TN:
SF:src/components/Space/Space.jsx
FN:3,(anonymous_0)
FNF:1
FNH:1
FNDA:80,(anonymous_0)
DA:3,5
DA:4,80
LF:2
LH:2
BRF:0
BRH:0
end_of_record
TN:
SF:src/components/Space/index.js
FN:3,(anonymous_0)
FNF:1
FNH:1
FNDA:5,(anonymous_0)
DA:3,14
LF:1
LH:1
BRF:0
BRH:0
end_of_record
TN:
SF:src/components/Spin/Spin.jsx
FN:3,(anonymous_0)
FNF:1
FNH:1
FNDA:28,(anonymous_0)
DA:3,5
DA:4,28
LF:2
LH:2
BRF:0
BRH:0
end_of_record
TN:
SF:src/components/Spin/index.js
FN:3,(anonymous_0)
FNF:1
FNH:1
FNDA:5,(anonymous_0)
DA:3,14
LF:1
LH:1
BRF:0
BRH:0
end_of_record
TN:
SF:src/components/Switch/Switch.jsx
FN:3,(anonymous_0)
FNF:1
FNH:1
FNDA:13,(anonymous_0)
DA:3,2
DA:4,13
LF:2
LH:2
BRF:0
BRH:0
end_of_record
TN:
SF:src/components/Switch/index.js
FN:3,(anonymous_0)
FNF:1
FNH:1
FNDA:2,(anonymous_0)
DA:3,2
LF:1
LH:1
BRF:0
BRH:0
end_of_record
TN:
SF:src/components/Table/Table.jsx
FN:3,(anonymous_0)
FNF:1
FNH:1
FNDA:1,(anonymous_0)
DA:3,1
DA:4,1
LF:2
LH:2
BRF:0
BRH:0
end_of_record
TN:
SF:src/components/Table/index.js
FN:3,(anonymous_0)
FNF:1
FNH:1
FNDA:1,(anonymous_0)
DA:3,14
LF:1
LH:1
BRF:0
BRH:0
end_of_record
TN:
SF:src/components/Text/Text.jsx
FN:3,(anonymous_0)
FNF:1
FNH:1
FNDA:20,(anonymous_0)
DA:3,3
DA:4,20
LF:2
LH:2
BRF:0
BRH:0
end_of_record
TN:
SF:src/components/Text/index.js
FN:3,(anonymous_0)
FNF:1
FNH:1
FNDA:3,(anonymous_0)
DA:3,14
LF:1
LH:1
BRF:0
BRH:0
end_of_record
TN:
SF:src/modules/Dashboard/DashContext.jsx
FN:5,(anonymous_0)
FN:7,(anonymous_1)
FNF:2
FNH:2
FNDA:23,(anonymous_0)
FNDA:23,(anonymous_1)
DA:3,3
DA:5,3
DA:6,23
DA:7,23
DA:8,23
DA:11,23
LF:6
LH:6
BRF:0
BRH:0
end_of_record
TN:
SF:src/modules/Dashboard/Dashboard.jsx
FN:24,(anonymous_0)
FN:32,(anonymous_1)
FN:36,(anonymous_2)
FN:77,(anonymous_3)
FNF:4
FNH:3
FNDA:18,(anonymous_0)
FNDA:2,(anonymous_1)
FNDA:0,(anonymous_2)
FNDA:2,(anonymous_3)
DA:18,2
DA:24,2
DA:25,18
DA:26,17
DA:29,17
DA:32,17
DA:33,2
DA:36,17
DA:37,0
DA:38,0
DA:41,17
DA:68,17
DA:77,2
LF:13
LH:11
BRDA:33,0,0,1
BRDA:33,0,1,1
BRDA:59,1,0,0
BRDA:59,1,1,17
BRF:4
BRH:3
end_of_record
TN:
SF:src/modules/Dashboard/Slideshow.jsx
FN:15,(anonymous_0)
FN:45,(anonymous_1)
FNF:2
FNH:2
FNDA:3,(anonymous_0)
FNDA:24,(anonymous_1)
DA:4,3
DA:15,3
DA:16,3
DA:46,24
LF:4
LH:4
BRF:0
BRH:0
end_of_record
TN:
SF:src/modules/Dashboard/index.js
FN:2,(anonymous_0)
FN:3,(anonymous_1)
FNF:2
FNH:2
FNDA:1,(anonymous_0)
FNDA:2,(anonymous_1)
DA:2,2
DA:3,2
LF:2
LH:2
BRF:0
BRH:0
end_of_record
TN:
SF:src/modules/User/index.js
FNF:0
FNH:0
LF:0
LH:0
BRF:0
BRH:0
end_of_record
TN:
SF:src/modules/User/Authentication/Context.jsx
FN:3,(anonymous_0)
FN:7,(anonymous_1)
FNF:2
FNH:2
FNDA:50,(anonymous_0)
FNDA:50,(anonymous_1)
DA:2,7
DA:3,7
DA:4,50
DA:5,50
DA:6,50
DA:7,50
DA:10,50
LF:7
LH:7
BRF:0
BRH:0
end_of_record
TN:
SF:src/modules/User/Authentication/index.js
FN:3,(anonymous_0)
FNF:1
FNH:1
FNDA:7,(anonymous_0)
DA:3,7
LF:1
LH:1
BRF:0
BRH:0
end_of_record
TN:
SF:src/modules/User/LoginPage/Login.jsx
FN:12,(anonymous_0)
FN:19,(anonymous_1)
FN:26,(anonymous_2)
FN:48,(anonymous_3)
FNF:4
FNH:4
FNDA:16,(anonymous_0)
FNDA:4,(anonymous_1)
FNDA:4,(anonymous_2)
FNDA:7,(anonymous_3)
DA:10,2
DA:12,2
DA:13,16
DA:14,14
DA:15,14
DA:17,14
DA:19,14
DA:20,4
DA:26,14
DA:27,4
DA:29,4
DA:35,4
DA:36,4
DA:37,2
DA:39,2
DA:40,2
DA:41,2
DA:42,2
DA:44,2
DA:48,14
DA:49,7
DA:51,14
DA:52,0
DA:54,14
LF:24
LH:23
BRDA:51,0,0,0
BRDA:51,0,1,14
BRF:2
BRH:1
end_of_record
TN:
SF:src/modules/User/LoginPage/index.js
FN:3,(anonymous_0)
FNF:1
FNH:1
FNDA:2,(anonymous_0)
DA:3,3
LF:1
LH:1
BRF:0
BRH:0
end_of_record
TN:
SF:src/modules/User/RegisterPage/Register.jsx
FN:43,(anonymous_0)
FN:46,(anonymous_1)
FN:151,(anonymous_2)
FN:152,(anonymous_3)
FNF:4
FNH:4
FNDA:10,(anonymous_0)
FNDA:2,(anonymous_1)
FNDA:7,(anonymous_2)
FNDA:7,(anonymous_3)
DA:17,1
DA:19,1
DA:30,1
DA:43,1
DA:44,10
DA:46,9
DA:47,2
DA:49,2
DA:55,2
DA:56,2
DA:58,2
DA:59,2
DA:60,1
DA:61,1
DA:63,1
DA:64,1
DA:69,9
DA:77,9
DA:78,0
DA:80,9
DA:151,7
DA:153,7
DA:154,5
DA:156,2
LF:24
LH:23
BRDA:77,0,0,0
BRDA:77,0,1,9
BRDA:153,1,0,5
BRDA:153,1,1,2
BRDA:153,2,0,7
BRDA:153,2,1,7
BRF:6
BRH:5
end_of_record
TN:
SF:src/modules/User/RegisterPage/index.js
FN:3,(anonymous_0)
FNF:1
FNH:1
FNDA:1,(anonymous_0)
DA:3,3
LF:1
LH:1
BRF:0
BRH:0
end_of_record
TN:
SF:src/modules/mobiles/index.js
FNF:0
FNH:0
LF:0
LH:0
BRF:0
BRH:0
end_of_record
TN:
SF:src/modules/mobiles/Edit/Edit.jsx
FN:8,(anonymous_0)
FN:17,(anonymous_1)
FN:18,(anonymous_2)
FNF:3
FNH:3
FNDA:7,(anonymous_0)
FNDA:2,(anonymous_1)
FNDA:2,(anonymous_2)
DA:8,2
DA:9,7
DA:10,5
DA:12,5
DA:13,5
DA:15,5
DA:17,5
DA:18,2
DA:19,2
DA:20,2
DA:21,0
DA:22,0
DA:23,0
DA:24,0
DA:26,0
DA:29,2
DA:31,5
DA:32,0
DA:34,5
LF:19
LH:13
BRDA:31,0,0,0
BRDA:31,0,1,5
BRF:2
BRH:1
end_of_record
TN:
SF:src/modules/mobiles/Edit/index.js
FN:3,(anonymous_0)
FNF:1
FNH:1
FNDA:1,(anonymous_0)
DA:3,3
LF:1
LH:1
BRF:0
BRH:0
end_of_record
TN:
SF:src/modules/mobiles/MobileListing/Brands.jsx
FNF:0
FNH:0
DA:1,3
LF:1
LH:1
BRF:0
BRH:0
end_of_record
TN:
SF:src/modules/mobiles/MobileListing/Colors.jsx
FNF:0
FNH:0
DA:1,3
LF:1
LH:1
BRF:0
BRH:0
end_of_record
TN:
SF:src/modules/mobiles/MobileListing/Filter.jsx
FN:9,(anonymous_0)
FN:10,(anonymous_1)
FN:15,(anonymous_2)
FN:23,(anonymous_3)
FN:31,(anonymous_4)
FN:32,(anonymous_5)
FN:37,(anonymous_6)
FN:49,(anonymous_7)
FN:60,(anonymous_8)
FN:70,(anonymous_9)
FN:78,(anonymous_10)
FN:87,(anonymous_11)
FNF:12
FNH:7
FNDA:21,(anonymous_0)
FNDA:420,(anonymous_1)
FNDA:420,(anonymous_2)
FNDA:2,(anonymous_3)
FNDA:0,(anonymous_4)
FNDA:0,(anonymous_5)
FNDA:1,(anonymous_6)
FNDA:0,(anonymous_7)
FNDA:0,(anonymous_8)
FNDA:0,(anonymous_9)
FNDA:1,(anonymous_10)
FNDA:1,(anonymous_11)
DA:9,3
DA:10,420
DA:15,420
DA:22,21
DA:23,21
DA:24,2
DA:25,2
DA:27,21
DA:31,0
DA:33,0
DA:34,0
DA:37,1
DA:49,0
DA:60,0
DA:70,0
DA:79,1
DA:80,1
DA:88,1
DA:89,1
DA:90,1
LF:20
LH:14
BRF:0
BRH:0
end_of_record
TN:
SF:src/modules/mobiles/MobileListing/Items.jsx
FN:20,(anonymous_0)
FN:40,(anonymous_1)
FN:48,(anonymous_2)
FN:67,(anonymous_3)
FN:74,(anonymous_4)
FN:77,(anonymous_5)
FN:81,(anonymous_6)
FN:99,(anonymous_7)
FN:115,(anonymous_8)
FN:121,(anonymous_9)
FN:168,(anonymous_10)
FN:180,(anonymous_11)
FN:186,(anonymous_12)
FN:194,(anonymous_13)
FNF:14
FNH:13
FNDA:49,(anonymous_0)
FNDA:1,(anonymous_1)
FNDA:27,(anonymous_2)
FNDA:0,(anonymous_3)
FNDA:2,(anonymous_4)
FNDA:1,(anonymous_5)
FNDA:10,(anonymous_6)
FNDA:10,(anonymous_7)
FNDA:13,(anonymous_8)
FNDA:1,(anonymous_9)
FNDA:48,(anonymous_10)
FNDA:1,(anonymous_11)
FNDA:2,(anonymous_12)
FNDA:1,(anonymous_13)
DA:20,3
DA:21,49
DA:40,3
DA:41,1
DA:44,3
DA:46,3
DA:48,3
DA:49,27
DA:59,26
DA:61,26
DA:63,26
DA:64,26
DA:65,26
DA:67,26
DA:68,0
DA:69,0
DA:70,0
DA:71,0
DA:74,26
DA:75,2
DA:77,26
DA:78,1
DA:81,26
DA:82,10
DA:84,10
DA:85,0
DA:87,10
DA:88,0
DA:90,10
DA:91,0
DA:93,10
DA:94,0
DA:96,10
DA:99,26
DA:100,10
DA:101,10
DA:102,10
DA:103,10
DA:104,8
DA:105,8
DA:106,8
DA:108,0
DA:109,0
DA:110,0
DA:112,8
DA:115,26
DA:116,13
DA:117,10
DA:121,26
DA:122,1
DA:123,1
DA:124,0
DA:125,0
DA:127,1
DA:131,26
DA:132,16
DA:139,10
DA:169,48
DA:180,1
DA:186,2
DA:194,1
LF:61
LH:48
BRDA:84,0,0,0
BRDA:84,0,1,10
BRDA:87,1,0,0
BRDA:87,1,1,10
BRDA:90,2,0,0
BRDA:90,2,1,10
BRDA:93,3,0,0
BRDA:93,3,1,10
BRDA:116,4,0,10
BRDA:116,4,1,3
BRDA:131,5,0,16
BRDA:131,5,1,10
BRF:12
BRH:8
end_of_record
TN:
SF:src/modules/mobiles/MobileListing/Listing.jsx
FN:9,(anonymous_0)
FN:11,(anonymous_1)
FN:14,(anonymous_2)
FN:19,(anonymous_3)
FN:40,(anonymous_4)
FNF:5
FNH:5
FNDA:3,(anonymous_0)
FNDA:3,(anonymous_1)
FNDA:29,(anonymous_2)
FNDA:28,(anonymous_3)
FNDA:11,(anonymous_4)
DA:9,3
DA:11,3
DA:12,3
DA:14,3
DA:15,29
DA:16,28
DA:17,28
DA:18,28
DA:19,28
DA:20,28
DA:40,28
DA:41,11
DA:44,28
LF:13
LH:13
BRF:0
BRH:0
end_of_record
TN:
SF:src/modules/mobiles/MobileListing/index.js
FN:3,(anonymous_0)
FNF:1
FNH:1
FNDA:1,(anonymous_0)
DA:3,3
LF:1
LH:1
BRF:0
BRH:0
end_of_record
TN:
SF:src/modules/mobiles/ShowDetails/ShowDetail.jsx
FN:6,(anonymous_0)
FN:14,(anonymous_1)
FN:15,(anonymous_2)
FN:123,(anonymous_3)
FN:136,(anonymous_4)
FNF:5
FNH:3
FNDA:5,(anonymous_0)
FNDA:3,(anonymous_1)
FNDA:3,(anonymous_2)
FNDA:0,(anonymous_3)
FNDA:0,(anonymous_4)
DA:6,1
DA:7,5
DA:8,5
DA:9,5
DA:10,5
DA:12,5
DA:14,5
DA:15,3
DA:16,3
DA:17,3
DA:19,0
DA:20,0
DA:22,0
DA:25,3
DA:27,5
DA:28,0
DA:30,5
DA:124,0
DA:137,0
LF:19
LH:13
BRDA:27,0,0,0
BRDA:27,0,1,5
BRDA:85,1,0,0
BRDA:85,1,1,5
BRDA:96,2,0,0
BRDA:96,2,1,5
BRDA:100,3,0,0
BRDA:100,3,1,5
BRDA:104,4,0,0
BRDA:104,4,1,5
BRDA:111,5,0,5
BRDA:111,5,1,0
BRDA:119,6,0,5
BRDA:119,6,1,0
BRDA:132,7,0,5
BRDA:132,7,1,0
BRDA:147,8,0,5
BRDA:147,8,1,0
BRDA:150,9,0,0
BRDA:150,9,1,0
BRDA:156,10,0,0
BRDA:156,10,1,0
BRDA:168,11,0,0
BRDA:168,11,1,5
BRF:24
BRH:10
end_of_record
TN:
SF:src/modules/mobiles/ShowDetails/index.js
FN:4,(anonymous_0)
FNF:1
FNH:0
FNDA:0,(anonymous_0)
DA:4,3
LF:1
LH:1
BRF:0
BRH:0
end_of_record
TN:
SF:src/modules/mobiles/Uploads/Create.jsx
FN:16,(anonymous_0)
FN:24,(anonymous_1)
FN:28,(anonymous_2)
FN:83,(anonymous_3)
FN:84,(anonymous_4)
FN:287,(anonymous_5)
FN:289,(anonymous_6)
FN:327,(anonymous_7)
FN:335,(anonymous_8)
FNF:9
FNH:3
FNDA:18,(anonymous_0)
FNDA:10,(anonymous_1)
FNDA:0,(anonymous_2)
FNDA:0,(anonymous_3)
FNDA:0,(anonymous_4)
FNDA:12,(anonymous_5)
FNDA:0,(anonymous_6)
FNDA:0,(anonymous_7)
FNDA:0,(anonymous_8)
DA:16,3
DA:17,18
DA:18,15
DA:19,15
DA:20,15
DA:22,15
DA:24,15
DA:25,10
DA:28,15
DA:29,0
DA:34,0
DA:35,0
DA:36,0
DA:37,0
DA:38,0
DA:39,0
DA:41,0
DA:42,0
DA:44,0
DA:47,15
DA:60,15
DA:68,15
DA:80,15
DA:83,0
DA:84,0
DA:288,12
DA:290,0
DA:327,0
DA:335,0
LF:29
LH:14
BRDA:51,0,0,0
BRDA:51,0,1,15
BRDA:54,1,0,0
BRDA:54,1,1,15
BRDA:55,2,0,0
BRDA:55,2,1,15
BRF:6
BRH:3
end_of_record
TN:
SF:src/modules/mobiles/Uploads/Data.jsx
FN:5,(anonymous_0)
FN:6,(anonymous_1)
FN:8,(anonymous_2)
FN:38,(anonymous_3)
FNF:4
FNH:3
FNDA:0,(anonymous_0)
FNDA:1,(anonymous_1)
FNDA:13,(anonymous_2)
FNDA:4,(anonymous_3)
DA:5,3
DA:6,3
DA:8,3
DA:9,13
DA:10,12
DA:13,12
DA:27,12
DA:38,4
LF:8
LH:8
BRF:0
BRH:0
end_of_record
TN:
SF:src/modules/mobiles/Uploads/ErrorDetail.jsx
FN:5,(anonymous_0)
FN:12,(anonymous_1)
FN:17,(anonymous_2)
FN:31,(anonymous_3)
FN:53,(anonymous_4)
FNF:5
FNH:3
FNDA:5,(anonymous_0)
FNDA:0,(anonymous_1)
FNDA:2,(anonymous_2)
FNDA:2,(anonymous_3)
FNDA:0,(anonymous_4)
DA:5,5
DA:6,5
DA:7,5
DA:8,5
DA:10,5
DA:11,5
DA:12,5
DA:13,0
DA:14,0
DA:17,5
DA:18,2
DA:19,2
DA:20,2
DA:23,2
DA:24,2
DA:25,2
DA:27,0
DA:31,5
DA:32,2
DA:35,5
DA:43,5
DA:53,0
LF:22
LH:18
BRDA:46,0,0,3
BRDA:46,0,1,2
BRF:2
BRH:2
end_of_record
TN:
SF:src/modules/mobiles/Uploads/Sidebar.jsx
FNF:0
FNH:0
DA:4,3
LF:1
LH:1
BRF:0
BRH:0
end_of_record
TN:
SF:src/modules/mobiles/Uploads/bulk.jsx
FN:7,(anonymous_0)
FN:11,(anonymous_1)
FN:29,(anonymous_2)
FN:30,(anonymous_3)
FN:35,(anonymous_4)
FN:37,(anonymous_5)
FN:38,(anonymous_6)
FN:43,(anonymous_7)
FN:47,(anonymous_8)
FN:57,(anonymous_9)
FNF:10
FNH:5
FNDA:17,(anonymous_0)
FNDA:2,(anonymous_1)
FNDA:0,(anonymous_2)
FNDA:0,(anonymous_3)
FNDA:2,(anonymous_4)
FNDA:2,(anonymous_5)
FNDA:0,(anonymous_6)
FNDA:4,(anonymous_7)
FNDA:0,(anonymous_8)
FNDA:0,(anonymous_9)
DA:7,2
DA:8,17
DA:9,16
DA:11,16
DA:12,2
DA:13,2
DA:14,2
DA:15,2
DA:19,2
DA:20,1
DA:22,1
DA:25,0
DA:29,16
DA:30,0
DA:31,0
DA:34,16
DA:36,2
DA:37,2
DA:39,0
DA:40,0
DA:44,4
DA:45,4
DA:48,0
DA:57,0
DA:62,16
LF:25
LH:18
BRDA:19,0,0,1
BRDA:19,0,1,1
BRDA:57,1,0,0
BRDA:57,1,1,0
BRF:4
BRH:2
end_of_record
TN:
SF:src/modules/mobiles/Uploads/history.jsx
FN:15,(anonymous_0)
FN:21,(anonymous_1)
FN:41,(anonymous_2)
FN:45,(anonymous_3)
FN:48,(anonymous_4)
FN:52,(anonymous_5)
FN:75,(anonymous_6)
FN:91,(anonymous_7)
FNF:8
FNH:4
FNDA:21,(anonymous_0)
FNDA:5,(anonymous_1)
FNDA:0,(anonymous_2)
FNDA:0,(anonymous_3)
FNDA:0,(anonymous_4)
FNDA:8,(anonymous_5)
FNDA:24,(anonymous_6)
FNDA:0,(anonymous_7)
DA:15,3
DA:16,21
DA:18,20
DA:19,20
DA:20,20
DA:21,20
DA:22,5
DA:23,5
DA:24,5
DA:26,3
DA:27,3
DA:29,0
DA:32,0
DA:34,3
DA:35,3
DA:39,20
DA:40,20
DA:41,20
DA:42,0
DA:43,0
DA:45,20
DA:46,0
DA:48,20
DA:49,0
DA:52,20
DA:53,8
DA:54,8
DA:55,5
DA:58,20
DA:76,24
DA:91,0
LF:31
LH:24
BRDA:26,0,0,3
BRDA:26,0,1,0
BRDA:54,1,0,5
BRDA:54,1,1,3
BRF:4
BRH:3
end_of_record
TN:
SF:src/modules/mobiles/Uploads/index.js
FN:3,(anonymous_0)
FNF:1
FNH:1
FNDA:1,(anonymous_0)
DA:3,4
LF:1
LH:1
BRF:0
BRH:0
end_of_record
TN:
SF:src/service/services.js
FN:5,(anonymous_0)
FNF:1
FNH:1
FNDA:42,(anonymous_0)
DA:3,13
DA:5,13
DA:6,42
DA:7,6
DA:9,42
LF:5
LH:5
BRDA:6,0,0,6
BRDA:6,0,1,36
BRF:2
BRH:2
end_of_record
